 5430144,
 5461768,
 5483296,
 5494072,
 5502836,
 5508252,
 5509636,
 5509836,
 5511572,
 5514548,
 5512564,
 5513060,
 5514640,
 5512624,
 5513988,
 5515972,
 5514236,
 5514980,
 5517088,
 5515104,
 5524776,
 5529484,
 5528244,
 5529856,
 5531468,
 5531716,
 5534692,
 5535064,
 5535932,
 5537164,
 5536668,
 5538184,
 5539040,
 5538788,
 5539532,
 5539904,
 5539148,
 5539520,
 5539456,
 5540944,
 5540228,
 5540848,
 5541920,
 5547828,
 5550804,
 5553780,
 5554708,
 5557432,
 5560284,
 5578760,
 5580416,
 5582448,
 5591376,
 5595716,
 5598612,
 5600072,
 5604536,
 5605424,
 5606744,
 5623484,
 5629684,
 5639604,
 5641492,
 5645148,
 5645420,
 5652268,
 5654588,
 5655952,
 5657052,
 5657672,
 5659656,
 5662828,
 5666720,
 5669712,
 5671728,
 5672500,
 5671036,
 5674900,
 5680892,
 5683248,
 5683772,
 5686432,
 5689672,
 5693516,
 5701692,
 5704572,
 5713284,
 5726740,
 5732072,
 5737032,
 5742888,
 5748252,
 5755344,
 5761308,
 5763288,
 5767300,
 5771228,
 5772540,
 5767640,
 5769932,
 5774860,
