 7112788, 7110176, 7107556, 7102976, 7106292, 7107276, 7111984, 7107532, 7105128, 7102752, 7108864, 7104932, 7108824, 7105740, 7110596, 7107348, 7101968, 7104056, 7103296, 7109064, 7107568, 7105972, 7106132, 7111004, 7106684, 7104728, 7104444, 7109364, 7103340, 7108584, 7107176, 7106728,
 7114252, 7111940, 7107436, 7104212, 7108124, 7109636, 7114964, 7112232, 7107488, 7105352, 7111844, 7110168, 7110532, 7106860, 7112708, 7111072, 7105436, 7105052, 7106020, 7109532, 7109648, 7110192, 7108988, 7114480, 7107828, 7107212, 7104820, 7110856, 7106692, 7112044, 7107680, 7108064,
 7114128, 7113892, 7110148, 7103184, 7109108, 7110432, 7115472, 7112276, 7108960, 7105684, 7113192, 7114476, 7112092, 7107692, 7114320, 7112648, 7106388, 7106272, 7108828, 7110720, 7112336, 7110416, 7110188, 7116332, 7108284, 7107896, 7106248, 7114932, 7105664, 7113044, 7106268, 7107896,
 7115492, 7114760, 7111264, 7104672, 7109420, 7110216, 7116184, 7113392, 7107764, 7107064, 7113904, 7115964, 7111844, 7109320, 7113824, 7111392, 7104308, 7108488, 7106488, 7113772, 7112336, 7110632, 7111240, 7116828, 7110112, 7108624, 7107720, 7115584, 7108004, 7113912, 7109708, 7110268,
 7117996, 7117108, 7111304, 7107316, 7109612, 7110636, 7116580, 7114524, 7108936, 7107444, 7116796, 7114188, 7112512, 7110616, 7115228, 7113160, 7106820, 7107024, 7109272, 7113828, 7113848, 7109944, 7110660, 7117844, 7110524, 7109548, 7109596, 7115064, 7109696, 7114004, 7110848, 7110432,
 7118724, 7117908, 7112528, 7106820, 7112456, 7111124, 7116664, 7114772, 7108408, 7106524, 7114912, 7115176, 7113048, 7109404, 7115080, 7112612, 7107076, 7106496, 7109328, 7114456, 7114488, 7111556, 7111784, 7119248, 7110600, 7109764, 7109588, 7117156, 7107432, 7114100, 7110576, 7111564,
 7118260, 7117920, 7113764, 7105216, 7111140, 7111148, 7116868, 7114372, 7108216, 7108640, 7113216, 7115532, 7114228, 7109056, 7116784, 7112500, 7106140, 7107884, 7108856, 7114492, 7115544, 7111588, 7113088, 7117648, 7110356, 7110304, 7109704, 7116320, 7109020, 7114084, 7110996, 7111340,
 7119096, 7117872, 7112152, 7106068, 7110396, 7111340, 7117788, 7115788, 7109012, 7109708, 7113764, 7115920, 7114800, 7111164, 7117528, 7113604, 7107804, 7108628, 7107784, 7115204, 7116744, 7110632, 7110396, 7117932, 7110512, 7111048, 7110236, 7117328, 7109392, 7115960, 7111312, 7112128,
 7120296, 7118180, 7112644, 7106796, 7109760, 7111540, 7117756, 7114548, 7109260, 7109832, 7114492, 7117236, 7114844, 7110528, 7116596, 7113588, 7108160, 7109976, 7110836, 7116644, 7116668, 7111284, 7113232, 7119232, 7111976, 7111496, 7108424, 7116668, 7109796, 7116028, 7111608, 7112096,
 7119412, 7118624, 7112120, 7106532, 7111504, 7111276, 7118516, 7116156, 7109732, 7108420, 7114400, 7115652, 7115108, 7111260, 7118332, 7113860, 7106872, 7110720, 7108400, 7116496, 7116936, 7112012, 7114336, 7120488, 7113240, 7111348, 7108864, 7117272, 7108600, 7116144, 7112504, 7110704,
 7121668, 7118872, 7113776, 7107460, 7112480, 7111896, 7118624, 7115924, 7108988, 7107036, 7116228, 7116936, 7115744, 7111260, 7118224, 7114044, 7107664, 7108396, 7108044, 7115920, 7118408, 7113112, 7114332, 7120372, 7114292, 7111548, 7109172, 7116480, 7108320, 7116188, 7110364, 7110968,
 7121700, 7117276, 7112552, 7106608, 7110356, 7111632, 7117724, 7116340, 7108740, 7108896, 7118304, 7116808, 7115836, 7110764, 7118596, 7114912, 7107384, 7109636, 7111112, 7115176, 7116268, 7113608, 7113820, 7121020, 7114756, 7111548, 7108116, 7116540, 7108072, 7115784, 7111340, 7111960,
 7122524, 7119024, 7112996, 7107620, 7112716, 7112128, 7118844, 7116432, 7110304, 7110508, 7116552, 7116432, 7115704, 7110508, 7117320, 7113996, 7107096, 7110604, 7110368, 7118500, 7119112, 7113848, 7113776, 7121152, 7115132, 7111936, 7110476, 7118496, 7106928, 7115988, 7113424, 7112076,
 7120788, 7118728, 7114452, 7106984, 7113052, 7112204, 7119184, 7118244, 7109560, 7110400, 7117632, 7115920, 7115860, 7111748, 7119040, 7115268, 7108516, 7110540, 7109700, 7113524, 7118956, 7115288, 7115140, 7120904, 7115224, 7111332, 7110848, 7116388, 7109532, 7116576, 7112448, 7111348,
 7122632, 7119348, 7114140, 7106580, 7113268, 7112376, 7119284, 7115640, 7109480, 7112632, 7116748, 7116044, 7116292, 7113004, 7118404, 7113608, 7107044, 7109672, 7109452, 7116284, 7119468, 7114048, 7114024, 7120920, 7116292, 7111400, 7108964, 7116684, 7108184, 7116624, 7112588, 7113192,
 7122944, 7118432, 7112996, 7107448, 7110556, 7112564, 7118108, 7116200, 7108660, 7111840, 7117572, 7116556, 7115876, 7112460, 7118612, 7115952, 7108920, 7110820, 7110864, 7116700, 7118324, 7115524, 7113328, 7120332, 7116992, 7111184, 7111044, 7116948, 7109284, 7117756, 7112744, 7112656,
 7123076, 7118720, 7113576, 7107868, 7113312, 7112440, 7119740, 7117648, 7108684, 7109400, 7117944, 7116704, 7115512, 7111628, 7117432, 7113872, 7108648, 7109964, 7110212, 7116124, 7118588, 7114780, 7113364, 7121472, 7117516, 7111804, 7109116, 7117072, 7110324, 7117192, 7111664, 7114052,
 7123456, 7118604, 7113872, 7108068, 7113932, 7112512, 7119476, 7117200, 7108188, 7111392, 7117448, 7115588, 7115760, 7112124, 7118796, 7114644, 7106260, 7110816, 7110368, 7117388, 7118788, 7115168, 7113952, 7121348, 7119796, 7111508, 7111208, 7116568, 7109612, 7117184, 7113168, 7113292,
 7123220, 7118244, 7115752, 7107632, 7110536, 7112124, 7119072, 7117168, 7108108, 7110896, 7117076, 7118268, 7115852, 7113580, 7119136, 7114796, 7109064, 7111232, 7110584, 7117152, 7119872, 7113740, 7114804, 7120248, 7119004, 7111584, 7111376, 7117048, 7108252, 7117608, 7111104, 7113648,
 7122152, 7118440, 7115892, 7105812, 7112792, 7112576, 7119756, 7116168, 7110276, 7110136, 7115740, 7117560, 7115608, 7112344, 7119260, 7115192, 7108980, 7111624, 7111124, 7115832, 7122004, 7114388, 7115288, 7121376, 7121448, 7111388, 7111776, 7118776, 7110812, 7116996, 7112864, 7113080,
 7123804, 7120200, 7114896, 7106844, 7112332, 7112376, 7119104, 7117532, 7108812, 7112864, 7116696, 7116064, 7115780, 7112228, 7118540, 7116324, 7108308, 7111060, 7109216, 7117560, 7120548, 7114016, 7114940, 7121220, 7122356, 7111784, 7111932, 7118464, 7109076, 7117204, 7112524, 7114220,
 7123044, 7120168, 7113500, 7106596, 7113572, 7112748, 7119652, 7117316, 7109472, 7110460, 7118128, 7116328, 7115592, 7112148, 7119484, 7115672, 7108308, 7111060, 7110332, 7116784, 7119656, 7113028, 7113724, 7121800, 7121924, 7111148, 7111080, 7116480, 7110672, 7116600, 7113044, 7111504,
 7124152, 7120044, 7115836, 7106712, 7111672, 7112980, 7119668, 7117936, 7110880, 7110212, 7118408, 7119380, 7115804, 7113124, 7119484, 7114868, 7107908, 7111904, 7109848, 7116552, 7122400, 7114268, 7115124, 7121020, 7122268, 7111976, 7112328, 7117880, 7109292, 7115696, 7113320, 7113132,
 7123900, 7119420, 7115524, 7107764, 7113380, 7112512, 7119160, 7117012, 7109636, 7114428, 7119476, 7118980, 7116524, 7113112, 7118992, 7114376, 7108076, 7111444, 7110952, 7118096, 7121224, 7113096, 7115212, 7120408, 7122180, 7111448, 7110364, 7117732, 7111252, 7116096, 7113208, 7112484,
 7122948, 7120792, 7115704, 7106308, 7113024, 7113060, 7119680, 7118432, 7109984, 7109244, 7118244, 7118012, 7115156, 7113004, 7118660, 7115468, 7110520, 7112468, 7112000, 7116368, 7121216, 7113680, 7113004, 7121812, 7122888, 7111992, 7111268, 7118484, 7111500, 7118188, 7110372, 7112292,
 7122760, 7119592, 7116648, 7107192, 7113032, 7112936, 7118564, 7118028, 7112588, 7112028, 7119360, 7119496, 7116256, 7113136, 7119464, 7114516, 7109016, 7112460, 7111120, 7118748, 7121092, 7114096, 7115312, 7121624, 7125012, 7111712, 7111176, 7117088, 7109484, 7116980, 7111596, 7114260,
 7121660, 7119728, 7114620, 7107440, 7114008, 7113936, 7120116, 7116324, 7110528, 7110276, 7118552, 7117372, 7115740, 7112868, 7119196, 7116004, 7108544, 7113856, 7111252, 7117364, 7122128, 7112220, 7114736, 7122068, 7126108, 7111960, 7112448, 7118076, 7110608, 7117600, 7112768, 7114136,
 7122672, 7119144, 7116340, 7107600, 7112968, 7113160, 7119664, 7116564, 7110000, 7109336, 7117932, 7117820, 7117048, 7112580, 7118784, 7116048, 7110264, 7112832, 7112228, 7119284, 7122584, 7114444, 7115108, 7121060, 7126168, 7111764, 7112592, 7118524, 7110924, 7116164, 7112396, 7112188,
 7123116, 7117548, 7114888, 7107408, 7113504, 7113212, 7119700, 7117416, 7111788, 7111444, 7117936, 7118796, 7116008, 7112968, 7119072, 7115552, 7108812, 7112592, 7112024, 7117928, 7121824, 7115992, 7114928, 7122260, 7126072, 7111944, 7110284, 7117028, 7110220, 7117512, 7112340, 7113624,
 7121324, 7120720, 7115248, 7105992, 7114660, 7113392, 7118904, 7116500, 7109256, 7111656, 7119512, 7120404, 7116072, 7113304, 7119516, 7115524, 7108636, 7113252, 7110656, 7117100, 7122024, 7115352, 7115776, 7121996, 7126256, 7111768, 7110036, 7118444, 7111296, 7117384, 7111628, 7112192,
 7122508, 7119004, 7117260, 7108136, 7112728, 7113220, 7120188, 7118420, 7110632, 7109848, 7119540, 7116844, 7116844, 7112488, 7117536, 7116660, 7109176, 7113832, 7112584, 7116780, 7123188, 7114948, 7115028, 7121404, 7126120, 7112084, 7113180, 7118644, 7109844, 7117296, 7113036, 7112428,
 7122648, 7120152, 7117392, 7108012, 7110480, 7113252, 7118492, 7116420, 7109200, 7109616, 7118076, 7118348, 7115512, 7113016, 7119692, 7115520, 7110680, 7113708, 7110576, 7118168, 7123808, 7114732, 7113936, 7121160, 7126540, 7112100, 7112204, 7116188, 7111612, 7117360, 7111928, 7115064,
 7124244, 7119068, 7115900, 7109176, 7113256, 7113372, 7119740, 7116964, 7110248, 7110004, 7118744, 7118748, 7115776, 7112380, 7118840, 7115184, 7108384, 7113848, 7112452, 7116716, 7121992, 7117128, 7114844, 7122036, 7126696, 7112068, 7112420, 7116832, 7109612, 7117744, 7113440, 7115236,
 7121760, 7120832, 7116608, 7107760, 7113504, 7113404, 7120144, 7115912, 7110296, 7109740, 7119024, 7118204, 7117064, 7112888, 7119460, 7115448, 7108152, 7113136, 7109160, 7118556, 7122364, 7115688, 7115384, 7122156, 7126720, 7112252, 7112140, 7117328, 7111812, 7116728, 7114120, 7113668,
 7121092, 7119964, 7118148, 7109588, 7109240, 7114040, 7119896, 7118920, 7109924, 7110204, 7120496, 7118808, 7115420, 7112112, 7118172, 7115640, 7110352, 7113336, 7111880, 7117376, 7123308, 7116276, 7114888, 7121940, 7126688, 7111104, 7113372, 7118660, 7111176, 7117036, 7113624, 7113760,
 7124148, 7120600, 7116212, 7108908, 7113236, 7113656, 7119904, 7119016, 7109832, 7111104, 7119400, 7118204, 7116952, 7114036, 7119952, 7116980, 7110116, 7113508, 7112264, 7117676, 7123552, 7117252, 7115128, 7121684, 7126796, 7112128, 7113620, 7118444, 7110464, 7117848, 7113972, 7114024,
 7124116, 7122064, 7114836, 7107840, 7113360, 7112592, 7119192, 7117304, 7113064, 7111120, 7116384, 7118856, 7115360, 7113396, 7119596, 7115392, 7108896, 7113736, 7112016, 7116436, 7123088, 7116252, 7115064, 7121868, 7126768, 7112188, 7113172, 7118220, 7109224, 7117340, 7113432, 7113404,
 7122256, 7122824, 7116356, 7108800, 7113748, 7113764, 7120464, 7117592, 7110352, 7112128, 7120088, 7118856, 7115772, 7112776, 7119224, 7114400, 7107696, 7113736, 7112264, 7117336, 7124592, 7116252, 7114956, 7121992, 7126752, 7112144, 7111932, 7116964, 7111116, 7118084, 7113588, 7111776,
 7124180, 7120520, 7115736, 7107612, 7113180, 7114096, 7120176, 7117328, 7112496, 7108352, 7120524, 7118660, 7117504, 7111804, 7119752, 7117344, 7106680, 7112904, 7111748, 7119052, 7125152, 7116672, 7114884, 7121624, 7126676, 7112272, 7112924, 7116396, 7111524, 7117308, 7111268, 7115560,
 7123196, 7122076, 7115840, 7109744, 7112840, 7114068, 7120180, 7116660, 7110512, 7110220, 7116052, 7118296, 7116092, 7112464, 7120116, 7115024, 7109228, 7112712, 7111004, 7119840, 7124996, 7116684, 7115508, 7122392, 7126948, 7112384, 7113732, 7117424, 7110440, 7118020, 7113020, 7113424,
 7124336, 7121844, 7115924, 7107652, 7114560, 7113936, 7120040, 7118412, 7111272, 7110484, 7120176, 7117520, 7115968, 7112556, 7119016, 7114496, 7107144, 7113472, 7110292, 7117996, 7125484, 7117652, 7115260, 7121136, 7127180, 7112152, 7112748, 7118036, 7110424, 7117804, 7113392, 7113920,
 7123692, 7120732, 7114412, 7108776, 7113692, 7114108, 7120068, 7118640, 7112784, 7111700, 7120448, 7119048, 7117228, 7112916, 7119316, 7115680, 7108192, 7113916, 7111720, 7116344, 7126540, 7116376, 7115020, 7122176, 7126956, 7112420, 7113984, 7117684, 7110028, 7117808, 7113664, 7114316,
 7123436, 7121952, 7118396, 7107636, 7113164, 7114060, 7120076, 7116740, 7111876, 7109608, 7119012, 7118040, 7115932, 7113436, 7119664, 7116252, 7110004, 7113808, 7110240, 7119832, 7126524, 7117600, 7115408, 7122036, 7126144, 7112396, 7112504, 7118644, 7112264, 7118524, 7113408, 7113068,
 7122948, 7122016, 7115436, 7106544, 7113064, 7112820, 7120284, 7116732, 7110784, 7112072, 7118540, 7118692, 7115864, 7112468, 7120772, 7115308, 7108872, 7113972, 7110932, 7118732, 7127020, 7118188, 7115160, 7121524, 7127152, 7112436, 7111288, 7117264, 7110880, 7118796, 7113152, 7114936,
 7122824, 7122792, 7115828, 7107532, 7112924, 7113640, 7120408, 7117924, 7110660, 7109856, 7116168, 7117416, 7116712, 7115428, 7119564, 7116164, 7108128, 7112980, 7112060, 7118624, 7126508, 7115720, 7115036, 7122496, 7127028, 7112784, 7111644, 7118004, 7111780, 7116840, 7113028, 7113588,
 7123684, 7123520, 7116432, 7107376, 7112800, 7113896, 7120144, 7117188, 7112600, 7110352, 7119144, 7120516, 7116684, 7115040, 7120664, 7115416, 7108088, 7113956, 7110928, 7119740, 7127252, 7116804, 7115500, 7121256, 7127012, 7112768, 7112876, 7118632, 7111520, 7120072, 7113268, 7114564,
 7122984, 7126560, 7120184, 7112108, 7116864, 7116000, 7121724, 7120780, 7112216, 7113128, 7121660, 7123032, 7119160, 7117028, 7122420, 7119256, 7111464, 7115308, 7117656, 7121000, 7129332, 7118824, 7119280, 7124424, 7132072, 7118928, 7120624, 7119760, 7121608, 7121960, 7113528, 7115436,
 7123392, 7126056, 7121204, 7112056, 7115980, 7116428, 7123348, 7119028, 7112712, 7113344, 7124092, 7124652, 7120352, 7117640, 7122900, 7119844, 7110656, 7115304, 7116600, 7121516, 7128524, 7119316, 7119132, 7124500, 7131508, 7120108, 7121740, 7121404, 7117912, 7121352, 7114704, 7116384,
 7123220, 7127004, 7121776, 7113412, 7115144, 7116600, 7122232, 7119896, 7113024, 7112624, 7122756, 7123588, 7120708, 7117832, 7124212, 7119464, 7111200, 7114456, 7115608, 7121744, 7129060, 7119972, 7119704, 7124384, 7132380, 7120824, 7121584, 7120964, 7118904, 7123452, 7115568, 7115488,
 7123264, 7127020, 7121604, 7111116, 7115652, 7116752, 7122536, 7119940, 7112916, 7114452, 7124408, 7123912, 7120504, 7117268, 7124456, 7119292, 7111384, 7114812, 7116832, 7122580, 7128972, 7119900, 7116680, 7124572, 7132020, 7119816, 7119864, 7122328, 7120004, 7122780, 7113816, 7115500,
 7124312, 7129600, 7121772, 7112604, 7114768, 7117272, 7122168, 7120388, 7114220, 7114676, 7123848, 7121100, 7120684, 7118880, 7122396, 7118284, 7112400, 7114068, 7116012, 7122600, 7129908, 7120132, 7120308, 7125188, 7131516, 7121088, 7123388, 7122000, 7127700, 7123436, 7113252, 7115496,
 7124372, 7128592, 7120020, 7112664, 7118084, 7117256, 7122400, 7118332, 7114280, 7114180, 7124780, 7124484, 7119612, 7119136, 7123092, 7119584, 7111236, 7115292, 7115268, 7123032, 7130100, 7120276, 7120288, 7125040, 7131924, 7121008, 7120652, 7122456, 7125048, 7122884, 7114352, 7115464,
 7125396, 7128716, 7122160, 7112936, 7116836, 7117168, 7122308, 7120448, 7113332, 7113048, 7123932, 7124664, 7121248, 7120396, 7125452, 7120664, 7110748, 7115564, 7118100, 7122324, 7129984, 7120380, 7120024, 7125088, 7132980, 7121132, 7121424, 7121960, 7124088, 7122536, 7115660, 7115980,
 7124684, 7128872, 7122236, 7112828, 7114992, 7117400, 7122216, 7121072, 7113240, 7114040, 7124632, 7124896, 7121976, 7118504, 7121376, 7119708, 7112636, 7116200, 7117936, 7123332, 7130336, 7121972, 7120908, 7125088, 7133364, 7121024, 7120192, 7122192, 7125740, 7124304, 7113920, 7115732,
 7124544, 7129120, 7122012, 7112688, 7115148, 7117368, 7123356, 7119476, 7114224, 7112768, 7125384, 7123872, 7120784, 7118876, 7124228, 7120344, 7111440, 7116324, 7113868, 7123780, 7130052, 7121764, 7120544, 7124292, 7133116, 7122000, 7120952, 7121860, 7126608, 7122592, 7114424, 7113484,
 7124924, 7129036, 7122328, 7112580, 7116904, 7116900, 7121980, 7119336, 7113744, 7113432, 7125100, 7125072, 7121028, 7118876, 7122468, 7119504, 7112336, 7116076, 7115720, 7123804, 7130660, 7122144, 7120824, 7125392, 7133348, 7121516, 7123396, 7122104, 7129228, 7122356, 7114532, 7115520,
 7125868, 7128280, 7120536, 7114004, 7115956, 7116960, 7121200, 7119008, 7113044, 7114608, 7124880, 7122840, 7120980, 7116968, 7123692, 7120416, 7113156, 7116276, 7117128, 7124020, 7131032, 7120712, 7118040, 7125476, 7131820, 7121744, 7121612, 7121668, 7129568, 7123596, 7116996, 7114556,
 7125188, 7130468, 7121728, 7112572, 7116080, 7117348, 7123160, 7118932, 7114168, 7113012, 7123492, 7124368, 7120484, 7117472, 7125112, 7119312, 7112940, 7116400, 7115196, 7125384, 7130972, 7120828, 7121364, 7125156, 7132976, 7122388, 7121172, 7122344, 7129212, 7122992, 7115640, 7115248,
 7125056, 7129176, 7122204, 7112908, 7118708, 7117216, 7123316, 7122116, 7115564, 7115752, 7125044, 7125948, 7120592, 7117348, 7122848, 7121156, 7112660, 7116872, 7116720, 7125580, 7131236, 7121820, 7121400, 7125308, 7132176, 7122772, 7121912, 7122360, 7131380, 7123732, 7117796, 7115588,
 7124948, 7128868, 7122236, 7112380, 7118504, 7117332, 7123532, 7119884, 7113700, 7114348, 7125632, 7126312, 7121708, 7117844, 7123948, 7120924, 7112396, 7116592, 7115976, 7125068, 7130508, 7121960, 7119540, 7124968, 7132540, 7122772, 7123804, 7121576, 7129652, 7122972, 7115480, 7114440,
 7125248, 7129264, 7122640, 7113176, 7117648, 7117580, 7124244, 7119752, 7114552, 7114972, 7125720, 7122820, 7119816, 7119720, 7122064, 7121252, 7111812, 7114648, 7115692, 7124836, 7130980, 7122448, 7120724, 7125084, 7130348, 7123060, 7123548, 7123080, 7129136, 7123524, 7118972, 7116224,
 7125112, 7128780, 7122556, 7112176, 7116664, 7117868, 7124096, 7118824, 7114264, 7116204, 7125588, 7122472, 7119948, 7119432, 7125180, 7118804, 7110208, 7115864, 7117496, 7126320, 7130840, 7122360, 7119804, 7125288, 7132684, 7122456, 7124520, 7122456, 7131012, 7124608, 7115392, 7114736,
 7125268, 7129516, 7122628, 7112060, 7118516, 7118888, 7122276, 7119116, 7114692, 7115732, 7124916, 7126704, 7122616, 7119720, 7125940, 7121432, 7112772, 7116292, 7116712, 7124872, 7130968, 7122584, 7120944, 7126444, 7133428, 7121944, 7122780, 7122700, 7129928, 7123980, 7117516, 7115916,
 7126228, 7130272, 7122744, 7112052, 7117492, 7117504, 7121520, 7119868, 7115048, 7114740, 7126024, 7124976, 7122012, 7118980, 7124700, 7120332, 7112504, 7117184, 7117320, 7125580, 7130872, 7122304, 7121036, 7124836, 7133416, 7123044, 7123740, 7122568, 7130280, 7123044, 7116984, 7115604,
 7125004, 7128784, 7123332, 7112812, 7115352, 7117560, 7122340, 7120536, 7114040, 7114772, 7126440, 7125284, 7121336, 7118824, 7124948, 7118580, 7113908, 7117164, 7116452, 7125720, 7131056, 7122644, 7120680, 7125292, 7133432, 7122868, 7124148, 7122544, 7130560, 7124640, 7115760, 7115200,
 7125260, 7127920, 7123284, 7112452, 7117136, 7117740, 7123748, 7120824, 7114684, 7115880, 7125220, 7125232, 7120800, 7118740, 7125440, 7121200, 7111852, 7117644, 7116788, 7125356, 7131472, 7122220, 7121708, 7124600, 7133312, 7122696, 7123708, 7123212, 7131544, 7124656, 7115412, 7116108,
 7125508, 7129416, 7123292, 7112220, 7116632, 7117724, 7123996, 7122512, 7115148, 7115284, 7125748, 7126232, 7122116, 7118980, 7124820, 7118748, 7112564, 7117652, 7116044, 7125712, 7130736, 7122096, 7120980, 7125576, 7131584, 7122712, 7122484, 7122988, 7131080, 7125500, 7114792, 7117100,
 7125548, 7131744, 7125360, 7112184, 7117984, 7117180, 7126348, 7120440, 7115624, 7116200, 7123620, 7123956, 7122824, 7117820, 7126472, 7120652, 7113388, 7118012, 7115752, 7125832, 7131164, 7120900, 7118076, 7122316, 7134408, 7124228, 7122332, 7124308, 7134752, 7122328, 7119188, 7116708,
 7125368, 7132384, 7124280, 7114684, 7117832, 7116248, 7124484, 7121768, 7117836, 7117804, 7124120, 7124820, 7123056, 7119156, 7127020, 7120508, 7112192, 7117276, 7117060, 7125956, 7132016, 7121568, 7119548, 7123556, 7134284, 7124948, 7122828, 7125184, 7136284, 7122756, 7121908, 7117440,
 7125460, 7131624, 7123868, 7114900, 7115460, 7116320, 7124112, 7121824, 7115620, 7117292, 7125376, 7124620, 7122848, 7118596, 7127376, 7121828, 7114900, 7117740, 7116260, 7125832, 7132768, 7121792, 7119720, 7122596, 7135448, 7125552, 7124520, 7125820, 7135896, 7123152, 7120684, 7118012,
 7125152, 7130780, 7124340, 7113740, 7116888, 7119576, 7124688, 7123964, 7115344, 7118944, 7124216, 7123212, 7117600, 7120676, 7127332, 7122756, 7114512, 7121260, 7116596, 7127528, 7133272, 7124996, 7119704, 7126208, 7134748, 7126452, 7124904, 7127524, 7137812, 7125240, 7120232, 7118340,
 7127112, 7130784, 7126400, 7114328, 7117236, 7119428, 7127040, 7123700, 7116348, 7118904, 7124132, 7124132, 7119784, 7122564, 7129824, 7122080, 7114968, 7121600, 7120904, 7127424, 7132364, 7124600, 7120568, 7123928, 7135096, 7126556, 7124128, 7126740, 7135992, 7126172, 7121500, 7118616,
 7125980, 7130828, 7123536, 7114392, 7117544, 7119512, 7126676, 7123564, 7117904, 7118544, 7124308, 7125476, 7119404, 7122872, 7129224, 7122760, 7115392, 7121092, 7117776, 7127436, 7133792, 7124116, 7121676, 7127468, 7135308, 7126048, 7125152, 7127064, 7137760, 7126248, 7119660, 7118576,
 7126200, 7130404, 7126032, 7114420, 7116892, 7119104, 7127204, 7122164, 7117976, 7122228, 7126276, 7126432, 7119576, 7122200, 7127648, 7124620, 7116184, 7121828, 7120868, 7127560, 7135740, 7126532, 7125108, 7129320, 7135436, 7125100, 7123512, 7126880, 7139040, 7127508, 7121128, 7116684,
 7126656, 7130868, 7127184, 7115004, 7117556, 7120092, 7127316, 7123312, 7117828, 7121592, 7126296, 7126336, 7120800, 7123376, 7128032, 7127024, 7115764, 7121820, 7120424, 7127512, 7135880, 7126592, 7125516, 7129556, 7136276, 7124432, 7126404, 7127164, 7138900, 7127532, 7118680, 7117660,
 7126188, 7131052, 7121912, 7115748, 7117804, 7118152, 7126596, 7123212, 7117388, 7120836, 7127396, 7124632, 7120148, 7122848, 7129768, 7125504, 7115324, 7120632, 7123028, 7128568, 7134452, 7125972, 7124100, 7129784, 7135732, 7125824, 7125392, 7125460, 7140828, 7128620, 7120588, 7116744,
 7127068, 7133092, 7124892, 7116448, 7116132, 7120512, 7127840, 7123184, 7116492, 7121140, 7127848, 7128052, 7121048, 7124516, 7130888, 7125360, 7117508, 7121876, 7122892, 7128456, 7133112, 7128756, 7123732, 7129680, 7136024, 7127500, 7125864, 7127208, 7139236, 7128688, 7121328, 7121024,
 7127120, 7133152, 7123432, 7117212, 7117732, 7121208, 7130264, 7123676, 7116884, 7121880, 7128024, 7128004, 7120372, 7124996, 7130940, 7125920, 7117128, 7120684, 7123728, 7128384, 7135440, 7126032, 7123660, 7130872, 7134284, 7128324, 7127428, 7127096, 7139140, 7127780, 7120780, 7121460,
 7126880, 7133320, 7126752, 7117668, 7117308, 7120652, 7130316, 7124792, 7118600, 7123172, 7127500, 7127276, 7122164, 7125456, 7127920, 7126504, 7119448, 7123036, 7121544, 7130772, 7136528, 7126964, 7123868, 7129456, 7137140, 7126692, 7128492, 7128036, 7138692, 7130276, 7122092, 7120232,
 7127004, 7133908, 7125236, 7119772, 7117680, 7121064, 7130856, 7125668, 7119748, 7121324, 7128084, 7127796, 7123032, 7125792, 7126992, 7127896, 7118720, 7123464, 7121924, 7128444, 7135348, 7128160, 7123916, 7128588, 7137416, 7126456, 7130020, 7127228, 7138892, 7131740, 7122776, 7120960,
 7128168, 7134224, 7126196, 7119696, 7118688, 7121652, 7130652, 7125324, 7119000, 7121836, 7127988, 7128100, 7122760, 7125604, 7129464, 7128560, 7119324, 7123340, 7121684, 7128668, 7136356, 7127616, 7125296, 7131672, 7137896, 7126504, 7130476, 7126872, 7139320, 7131864, 7122900, 7121084,
 7127252, 7133952, 7125900, 7119840, 7118788, 7122072, 7130384, 7123824, 7119896, 7120896, 7127876, 7127132, 7123492, 7125460, 7129976, 7129224, 7118844, 7124684, 7125256, 7128888, 7133260, 7127252, 7122752, 7132552, 7137484, 7126664, 7130460, 7129212, 7140456, 7132280, 7123612, 7118360,
 7128832, 7134240, 7127940, 7120024, 7121920, 7121492, 7130844, 7125744, 7120912, 7122360, 7128300, 7129824, 7125556, 7125468, 7132184, 7129128, 7120000, 7122828, 7124236, 7129136, 7134928, 7126928, 7125160, 7133500, 7137200, 7129204, 7129500, 7128296, 7140808, 7133024, 7124128, 7119812,
 7129376, 7133932, 7126400, 7119716, 7122184, 7121312, 7132280, 7126148, 7121216, 7122052, 7129032, 7130308, 7126240, 7126500, 7132684, 7130156, 7120404, 7123968, 7124624, 7130256, 7137564, 7128844, 7126008, 7135080, 7138816, 7128540, 7130076, 7129368, 7142184, 7133352, 7124800, 7120820,
 7129476, 7133840, 7126408, 7121196, 7122196, 7122536, 7132008, 7126316, 7121052, 7120964, 7128608, 7130200, 7124392, 7125976, 7132536, 7131080, 7120420, 7123988, 7124940, 7130144, 7135844, 7128240, 7125396, 7135180, 7138108, 7128540, 7130264, 7130180, 7142756, 7133132, 7125400, 7120856,
 7128592, 7133792, 7129036, 7121196, 7121696, 7122600, 7131356, 7126332, 7120368, 7122328, 7128728, 7130304, 7124204, 7126176, 7133308, 7130704, 7119376, 7125852, 7123280, 7129692, 7136880, 7127076, 7126140, 7135084, 7138168, 7128448, 7129816, 7129976, 7142384, 7132928, 7124968, 7121260,
 7128180, 7133752, 7128932, 7121032, 7121044, 7122316, 7131200, 7126556, 7120832, 7121372, 7128620, 7130572, 7125876, 7126664, 7133292, 7131684, 7119192, 7122200, 7123432, 7130240, 7135728, 7128036, 7126956, 7135084, 7139616, 7127568, 7129440, 7130020, 7142892, 7132912, 7126048, 7120984,
 7129120, 7133792, 7127332, 7119468, 7122268, 7120624, 7131780, 7127356, 7121232, 7121232, 7128576, 7130532, 7125472, 7126232, 7132652, 7132124, 7119268, 7123572, 7123536, 7130152, 7137092, 7127352, 7124148, 7135084, 7139244, 7129488, 7129328, 7129980, 7142836, 7132808, 7125920, 7121420,
 7129416, 7133924, 7127644, 7122200, 7120304, 7121844, 7131784, 7125336, 7121608, 7124296, 7128768, 7128504, 7126404, 7128980, 7133632, 7129796, 7120720, 7125024, 7122276, 7131364, 7136320, 7130520, 7125812, 7134568, 7139804, 7129412, 7126628, 7129184, 7143552, 7134240, 7127476, 7120168,
 7128904, 7133996, 7127124, 7122876, 7120976, 7122308, 7131464, 7123872, 7120352, 7122700, 7127308, 7128980, 7125356, 7127288, 7133500, 7130180, 7120360, 7123620, 7124140, 7131748, 7135444, 7128960, 7126408, 7134816, 7140072, 7130128, 7130308, 7129836, 7143336, 7134444, 7128304, 7120172,
 7128888, 7135432, 7128844, 7123140, 7120980, 7123140, 7131952, 7125312, 7121336, 7123684, 7128760, 7129020, 7123992, 7128212, 7134152, 7131792, 7122904, 7125116, 7125472, 7133848, 7136444, 7130904, 7127456, 7135056, 7139540, 7132596, 7131456, 7130876, 7143368, 7134524, 7128164, 7121444,
 7131072, 7135956, 7130976, 7122760, 7123080, 7123960, 7132608, 7125224, 7121916, 7124608, 7130204, 7129544, 7126560, 7126396, 7134484, 7132704, 7123872, 7125264, 7124648, 7133536, 7137240, 7131616, 7125976, 7136600, 7139556, 7132556, 7132144, 7131328, 7144972, 7135124, 7130600, 7121808,
 7128836, 7135660, 7129284, 7122696, 7122296, 7123960, 7132676, 7126836, 7121752, 7124932, 7130024, 7128844, 7125644, 7125992, 7134356, 7132728, 7123156, 7126128, 7125996, 7134608, 7136444, 7131468, 7127884, 7135724, 7140236, 7132524, 7131508, 7130756, 7144668, 7134868, 7130692, 7121836,
 7130416, 7136100, 7130424, 7121004, 7123040, 7123780, 7132888, 7125168, 7122712, 7125072, 7130332, 7130592, 7127032, 7126504, 7134476, 7132480, 7122844, 7125452, 7122824, 7134620, 7135832, 7131636, 7126132, 7134808, 7138576, 7133036, 7132396, 7131864, 7144368, 7134792, 7129336, 7122136,
 7130400, 7135052, 7131940, 7123016, 7123300, 7124260, 7132912, 7123864, 7122876, 7124708, 7130604, 7129460, 7125932, 7125972, 7134352, 7132432, 7123060, 7125220, 7124312, 7134280, 7137152, 7132496, 7127088, 7134900, 7140728, 7134448, 7131660, 7132152, 7143316, 7134792, 7129128, 7122664,
 7130392, 7133532, 7130756, 7121124, 7123440, 7123948, 7132884, 7123560, 7123704, 7124984, 7130064, 7130340, 7125868, 7127848, 7134224, 7132572, 7122772, 7123204, 7123144, 7133336, 7136232, 7132588, 7126452, 7134248, 7139344, 7133020, 7131828, 7131360, 7143440, 7134652, 7129500, 7124136,
 7129272, 7136096, 7130912, 7124048, 7123596, 7124276, 7134004, 7126796, 7123676, 7125640, 7129348, 7130580, 7123312, 7127968, 7134524, 7129616, 7122292, 7124580, 7125700, 7134432, 7137236, 7132476, 7128084, 7134452, 7139680, 7134100, 7134368, 7131328, 7143872, 7134368, 7130600, 7122240,
 7130168, 7135952, 7130052, 7121300, 7123536, 7122500, 7134636, 7126396, 7123688, 7125948, 7129704, 7130328, 7125032, 7128708, 7134508, 7131608, 7121568, 7125032, 7125824, 7134492, 7137372, 7136284, 7127724, 7134620, 7139796, 7135244, 7134972, 7131092, 7144116, 7134940, 7130196, 7123708,
 7126868, 7136900, 7129388, 7124264, 7122020, 7122140, 7134576, 7126828, 7121656, 7124968, 7130560, 7129928, 7124732, 7129056, 7134084, 7132160, 7121056, 7127368, 7124696, 7133176, 7137464, 7134544, 7127928, 7135148, 7140492, 7134456, 7134936, 7132784, 7145932, 7135012, 7130740, 7125488,
 7129272, 7137196, 7128356, 7124960, 7122748, 7123568, 7134452, 7126536, 7122632, 7126208, 7131644, 7130128, 7124564, 7129740, 7134300, 7133068, 7122624, 7127484, 7124720, 7133408, 7137836, 7132184, 7126672, 7135628, 7140616, 7132736, 7133664, 7132768, 7145916, 7135380, 7131516, 7126232,
