 5571424, 5569356,
 5605024, 5603208,
 5625992, 5626936,
 5635552, 5632996,
 5643780, 5641804,
 5648548, 5650364,
 5651288, 5654584,
 5654428, 5655896,
 5657488, 5657344,
 5657980, 5658708,
 5659224, 5658064,
 5662200, 5661412,
 5662788, 5660852,
 5664276, 5662836,
 5664144, 5662712,
 5664636, 5664444,
 5665048, 5663936,
 5665916, 5664508,
 5666164, 5665376,
 5666164, 5665128,
 5669868, 5673188,
 5672100, 5674428,
 5674824, 5678332,
 5676436, 5679692,
 5676684, 5679196,
 5677304, 5681304,
 5678544, 5682792,
 5679040, 5682420,
 5678636, 5683908,
 5679008, 5684396,
 5679752, 5685512,
 5679380, 5684644,
 5679504, 5684768,
 5681488, 5686876,
 5680616, 5686008,
 5682352, 5686612,
 5683220, 5687232,
 5683360, 5687000,
 5682864, 5686504,
 5684476, 5686876,
 5683264, 5687144,
 5683636, 5687140,
 5683900, 5688256,
 5690472, 5690628,
 5690844, 5691372,
 5692324, 5691104,
 5693556, 5691972,
 5694300, 5693336,
 5694548, 5695692,
 5706204, 5706868,
 5707908, 5706912,
 5708888, 5707040,
 5716824, 5713752,
 5717380, 5715564,
 5718496, 5715192,
 5718176, 5716004,
 5720036, 5716344,
 5719964, 5717116,
 5719840, 5716264,
 5721464, 5722884,
 5723340, 5725208,
 5722720, 5726300,
 5723464, 5730020,
 5732700, 5733432,
 5736792, 5736532,
 5739932, 5737488,
 5742532, 5736744,
 5744500, 5737236,
 5745556, 5737236,
 5746052, 5736540,
 5751204, 5743064,
 5751204, 5743064,
 5755160, 5749744,
 5755316, 5751652,
 5756308, 5751808,
 5756008, 5754272,
 5758112, 5753528,
 5757736, 5752900,
 5759844, 5752544,
 5760992, 5753568,
 5765100, 5754932,
 5767948, 5762568,
 5771188, 5763576,
 5772336, 5767156,
 5777824, 5771528,
 5782288, 5771792,
 5783512, 5773280,
 5782396, 5775388,
 5791940, 5779232,
 5791440, 5781044,
 5793440, 5783400,
 5796416, 5788484,
 5803996, 5791484,
 5808004, 5791376,
 5809400, 5792832,
 5806672, 5792228,
 5807724, 5793096,
 5808716, 5792228,
 5812824, 5788568,
 5814932, 5790212,
 5814572, 5791220,
