 15385680, 15396248,
 15448584, 15468192,
 15484584, 15504240,
 15515600, 15539172,
 15520612, 15542720,
 15534884, 15552340,
 15543028, 15560160,
 15546376, 15562788,
 15547952, 15562708,
 15547988, 15565404,
 15548696, 15566700,
 15550176, 15566792,
 15552996, 15572160,
 15553864, 15571904,
 15556644, 15573308,
 15559820, 15574736,
 15560236, 15576508,
 15581208, 15592636,
 15590836, 15599348,
 15592556, 15603480,
 15594248, 15605512,
 15594976, 15605956,
 15595680, 15606164,
 15602392, 15607380,
 15607972, 15612072,
 15609680, 15612216,
 15614872, 15614952,
 15618436, 15618844,
 15618736, 15620156,
 15620672, 15621168,
 15620764, 15622524,
 15621952, 15624456,
 15625440, 15637064,
 15625448, 15640116,
 15626232, 15640352,
 15626580, 15640640,
 15632156, 15653072,
 15629556, 15658320,
 15641284, 15688260,
 15644268, 15699512,
 15644716, 15701668,
 15645644, 15704304,
 15646904, 15708132,
 15646872, 15709660,
 15648228, 15710388,
 15666356, 15727748,
 15676936, 15728904,
 15681016, 15731316,
 15683480, 15731068,
 15686792, 15732768,
 15688876, 15734100,
 15693832, 15738400,
 15701616, 15746912,
 15707896, 15755860,
 15706172, 15761456,
 15710636, 15762076,
 15710412, 15762176,
 15712284, 15765872,
 15713088, 15767304,
 15723112, 15775360,
 15727012, 15780228,
 15724412, 15784380,
 15726472, 15788592,
 15728712, 15786588,
 15740820, 15796260,
 15739972, 15800008,
 15738300, 15795604,
 15740252, 15804000,
 15738648, 15808596,
 15737900, 15817960,
 15740052, 15823500,
 15742704, 15826832,
 15746516, 15829992,
 15744156, 15832684,
 15754976, 15844104,
 15772500, 15850992,
 15778324, 15858220,
 15781372, 15859820,
 15783324, 15857768,
 15784024, 15858836,
 15784844, 15859468,
 15788268, 15880156,
 15791236, 15881552,
 15794228, 15877832,
 15793364, 15884628,
 15796408, 15882612,
 15795292, 15883244,
 15797404, 15885244,
 15799604, 15899100,
 15801380, 15898736,
 15803936, 15903432,
 15805632, 15909312,
 15809316, 15901372,
 15810388, 15901588,
 15805688, 15906900,
 15808380, 15909456,
 15809752, 15912344,
 15810884, 15915436,
 15811616, 15915240,
 15832956, 15921564,
 15837860, 15922036,
