 9040496, 9114000, 9057032, 9069312, 9042092, 9050284, 9116980, 9075248, 9052564, 9059636, 9140528, 9050212, 9079224, 9053324, 9102020, 9080832, 9058776, 9057308, 9067456, 9149460, 9074372, 9065472, 9065732, 9107088, 9065020, 9078856, 9071172, 9099344, 9135408, 9038780, 9038668, 9035076,
 9104612, 9176960, 9120340, 9137888, 9108364, 9113400, 9179580, 9131484, 9115156, 9119616, 9208388, 9115300, 9145564, 9114104, 9166968, 9147672, 9124468, 9114876, 9131156, 9210284, 9140336, 9131864, 9137088, 9182632, 9129500, 9144400, 9136712, 9162968, 9197108, 9109628, 9100248, 9099212,
 9128396, 9212324, 9153900, 9163356, 9130836, 9136296, 9215380, 9164384, 9142252, 9146452, 9256288, 9139308, 9169908, 9148564, 9194764, 9180744, 9145900, 9147276, 9161740, 9252872, 9171092, 9154504, 9164340, 9215088, 9154640, 9163972, 9160920, 9187252, 9234864, 9129520, 9125460, 9121308,
 9145684, 9234108, 9171312, 9182884, 9143676, 9154080, 9235904, 9180260, 9158456, 9158496, 9265824, 9150800, 9186780, 9165604, 9213356, 9198868, 9158864, 9161244, 9168584, 9276896, 9194984, 9177092, 9185068, 9240544, 9168892, 9184876, 9173660, 9208564, 9255896, 9146360, 9141068, 9137744,
 9155456, 9252540, 9187500, 9192080, 9157424, 9171460, 9254896, 9197356, 9175260, 9173988, 9282184, 9160904, 9206064, 9176068, 9226380, 9212112, 9171224, 9176580, 9183188, 9290780, 9208076, 9185804, 9198980, 9257376, 9179712, 9195564, 9185180, 9219356, 9274128, 9157104, 9148484, 9152300,
 9163200, 9256504, 9192608, 9202936, 9164088, 9180352, 9257448, 9205136, 9183988, 9177740, 9297356, 9172060, 9216076, 9183804, 9237412, 9219516, 9184336, 9188072, 9186744, 9307268, 9213368, 9191656, 9199592, 9264392, 9196356, 9206700, 9196016, 9233220, 9281192, 9171116, 9158008, 9162112,
 9167476, 9254620, 9194468, 9206512, 9165440, 9181932, 9266228, 9207276, 9185760, 9181636, 9302540, 9173484, 9214632, 9191584, 9249376, 9217960, 9189984, 9187784, 9196544, 9304916, 9214624, 9193088, 9201172, 9269752, 9198688, 9209040, 9201136, 9236044, 9285208, 9176356, 9157832, 9162520,
 9169812, 9259584, 9195752, 9206976, 9171068, 9184256, 9266888, 9207548, 9189864, 9187712, 9303520, 9174332, 9217520, 9189152, 9247400, 9220316, 9191988, 9188752, 9201176, 9307904, 9219216, 9196228, 9205076, 9271960, 9200912, 9211652, 9205576, 9241940, 9289384, 9182952, 9161784, 9165892,
 9171184, 9266792, 9197912, 9212060, 9166744, 9185960, 9271168, 9208428, 9188112, 9190696, 9310636, 9176100, 9216412, 9195360, 9246696, 9221268, 9194468, 9188548, 9197860, 9305324, 9220224, 9200840, 9205620, 9272068, 9203464, 9211544, 9208040, 9245220, 9290804, 9183068, 9164204, 9172852,
 9172104, 9265768, 9199324, 9214036, 9168700, 9185720, 9273788, 9209940, 9189692, 9194332, 9315672, 9176068, 9218240, 9192120, 9247160, 9220756, 9195376, 9189580, 9199532, 9307864, 9224320, 9202508, 9206084, 9269836, 9205680, 9211100, 9202428, 9247416, 9291936, 9183892, 9162264, 9175612,
 9171384, 9262744, 9200448, 9212968, 9168588, 9188148, 9271540, 9209580, 9189408, 9196952, 9312452, 9178560, 9218176, 9193472, 9249904, 9222100, 9197236, 9187252, 9205020, 9309180, 9225660, 9203408, 9207216, 9273480, 9206440, 9213084, 9206676, 9251152, 9298292, 9183880, 9165256, 9178356,
 9171188, 9261876, 9203920, 9216208, 9175376, 9189300, 9273140, 9210940, 9191144, 9202468, 9318944, 9180832, 9218780, 9193080, 9252848, 9221636, 9196452, 9189004, 9203668, 9318324, 9228088, 9203788, 9212044, 9274728, 9206960, 9213328, 9207796, 9253684, 9298968, 9184444, 9164724, 9177568,
 9171852, 9264492, 9207020, 9213620, 9172272, 9190348, 9273664, 9210176, 9192212, 9203980, 9318084, 9180240, 9219616, 9193356, 9252068, 9222796, 9197844, 9190148, 9199696, 9318992, 9228856, 9206972, 9211268, 9275156, 9209952, 9216956, 9208724, 9254956, 9298520, 9185928, 9164892, 9177640,
 9173868, 9275236, 9209252, 9219944, 9173388, 9190984, 9275120, 9215788, 9200568, 9206908, 9323248, 9180472, 9222748, 9194428, 9254408, 9227276, 9200248, 9196472, 9204440, 9322992, 9230424, 9207716, 9210788, 9275252, 9209296, 9217944, 9212196, 9250864, 9296552, 9187136, 9167884, 9180340,
 9174460, 9271560, 9209224, 9223660, 9175996, 9193068, 9281496, 9216184, 9200376, 9203076, 9323248, 9181812, 9221616, 9198624, 9253920, 9226280, 9198928, 9196012, 9209012, 9320944, 9231452, 9208160, 9212992, 9275284, 9209272, 9216680, 9214436, 9254704, 9300112, 9186900, 9169476, 9183380,
 9176492, 9279100, 9209688, 9227356, 9183536, 9193740, 9285908, 9220308, 9205560, 9205968, 9327108, 9181628, 9225328, 9202552, 9252812, 9228108, 9203152, 9195384, 9209260, 9326132, 9230984, 9208516, 9213336, 9275912, 9210620, 9216644, 9214188, 9257944, 9304404, 9187096, 9171876, 9187036,
 9178120, 9278580, 9214596, 9228692, 9178876, 9195516, 9282316, 9219028, 9205676, 9210856, 9326476, 9187236, 9227088, 9202112, 9253964, 9230612, 9206132, 9198932, 9212040, 9325784, 9239088, 9208444, 9216112, 9280056, 9214184, 9223348, 9216088, 9258264, 9305848, 9191500, 9173148, 9187088,
 9179656, 9278488, 9216904, 9228708, 9179280, 9195684, 9280244, 9219808, 9207080, 9210776, 9326736, 9188304, 9229088, 9204368, 9255880, 9232360, 9206284, 9196984, 9220536, 9335224, 9239552, 9208044, 9216632, 9281556, 9213048, 9222104, 9221324, 9254980, 9311328, 9191636, 9171960, 9188744,
 9179792, 9277824, 9216704, 9229216, 9180212, 9196332, 9283036, 9221652, 9209264, 9211972, 9332208, 9190648, 9229272, 9206444, 9259084, 9236788, 9207108, 9200516, 9220148, 9334588, 9240932, 9208340, 9220068, 9278504, 9212304, 9221992, 9221692, 9255084, 9312688, 9191684, 9170872, 9189584,
 9180044, 9284312, 9217556, 9232080, 9182980, 9197480, 9282704, 9220980, 9211940, 9214988, 9338936, 9190440, 9228476, 9206708, 9263060, 9238488, 9206560, 9202696, 9216708, 9336380, 9241996, 9209404, 9219488, 9282916, 9216556, 9225568, 9218928, 9257200, 9316148, 9193936, 9172664, 9193956,
 9180392, 9283024, 9219688, 9230276, 9186880, 9197948, 9284252, 9219856, 9210076, 9211236, 9337300, 9188492, 9234468, 9207624, 9265804, 9239144, 9206944, 9201236, 9217112, 9338748, 9244052, 9209120, 9220912, 9282524, 9221052, 9226556, 9222808, 9257012, 9316796, 9194460, 9175812, 9190088,
 9182608, 9290292, 9222944, 9228724, 9185216, 9199404, 9284072, 9224248, 9211532, 9214500, 9326760, 9190332, 9235504, 9208104, 9262436, 9239376, 9207392, 9202620, 9214740, 9334432, 9245816, 9210464, 9221120, 9281948, 9222944, 9221564, 9223396, 9254600, 9319600, 9196760, 9178004, 9195308,
 9182624, 9296896, 9222324, 9230956, 9187896, 9200304, 9285020, 9230752, 9215208, 9215028, 9334628, 9188644, 9230328, 9204556, 9256020, 9241592, 9209316, 9203420, 9217276, 9339048, 9243740, 9209736, 9218652, 9281872, 9228580, 9223180, 9216732, 9260000, 9315936, 9197388, 9175252, 9193248,
 9181524, 9302540, 9225116, 9231384, 9188716, 9198348, 9285044, 9231840, 9212468, 9221544, 9332756, 9193668, 9231112, 9207460, 9261524, 9240932, 9206976, 9204320, 9218856, 9338516, 9244624, 9209160, 9219704, 9279948, 9232608, 9228700, 9222644, 9255808, 9321396, 9198468, 9177832, 9196796,
 9184052, 9295224, 9225108, 9232456, 9190508, 9199180, 9294152, 9229856, 9213936, 9221544, 9340956, 9193540, 9230612, 9209192, 9262976, 9244060, 9209124, 9208012, 9219920, 9335644, 9244924, 9210152, 9223356, 9280344, 9231204, 9227788, 9215964, 9254884, 9320872, 9198748, 9178508, 9192580,
 9183072, 9293112, 9226192, 9233976, 9190444, 9200608, 9285192, 9230924, 9215100, 9227212, 9336784, 9189940, 9231356, 9208556, 9263916, 9244356, 9210808, 9202644, 9219936, 9335584, 9243992, 9209808, 9221620, 9286556, 9232600, 9224952, 9218832, 9256312, 9324052, 9199104, 9179392, 9192452,
 9184972, 9304264, 9230664, 9235088, 9192156, 9199624, 9291152, 9229428, 9216108, 9227116, 9338204, 9193448, 9230624, 9212384, 9265152, 9245268, 9211568, 9200964, 9222168, 9336024, 9243612, 9211688, 9224044, 9283748, 9235452, 9225304, 9218872, 9255148, 9328148, 9198400, 9177708, 9196748,
 9185420, 9299180, 9235656, 9236792, 9190372, 9201468, 9292136, 9229224, 9222612, 9227304, 9334840, 9193248, 9229892, 9211732, 9257372, 9242624, 9210724, 9199668, 9213436, 9339236, 9246900, 9212556, 9221676, 9283440, 9234632, 9226268, 9225028, 9255208, 9321372, 9200060, 9176904, 9199096,
 9184020, 9307580, 9238540, 9238888, 9191536, 9200472, 9295828, 9232456, 9217808, 9226932, 9341024, 9197000, 9232328, 9210928, 9263788, 9244672, 9211788, 9206612, 9215964, 9337624, 9245568, 9211300, 9224824, 9283548, 9235400, 9228752, 9223416, 9256868, 9320924, 9199480, 9179972, 9203148,
 9186360, 9307032, 9237588, 9240652, 9189536, 9201448, 9295188, 9230732, 9220120, 9226944, 9340532, 9193020, 9234140, 9209392, 9258028, 9245324, 9212576, 9204016, 9225804, 9338288, 9248580, 9211500, 9224484, 9285448, 9235760, 9224924, 9221788, 9256808, 9322512, 9200936, 9182608, 9202544,
 9194108, 9314604, 9241432, 9238112, 9191872, 9203348, 9296916, 9236988, 9216264, 9228712, 9340080, 9190648, 9232308, 9209864, 9265980, 9246832, 9209692, 9208332, 9221464, 9338448, 9249028, 9211416, 9223988, 9284968, 9237604, 9224676, 9218900, 9258608, 9322500, 9204988, 9178172, 9207668,
 9203092, 9314852, 9243696, 9237848, 9191508, 9201692, 9298544, 9235920, 9217072, 9229604, 9338848, 9192024, 9233256, 9210352, 9258324, 9244940, 9214776, 9204504, 9220396, 9342804, 9250548, 9212672, 9224576, 9285960, 9238068, 9228304, 9220172, 9255772, 9322004, 9209092, 9181164, 9204848,
 9206996, 9318072, 9250144, 9237636, 9189976, 9201308, 9298584, 9240388, 9216844, 9231348, 9340948, 9191880, 9231280, 9209460, 9260388, 9247840, 9215500, 9204932, 9222196, 9338200, 9253872, 9212216, 9226480, 9286216, 9240452, 9227680, 9222312, 9258752, 9323044, 9211216, 9179024, 9207416,
 9206440, 9326304, 9249896, 9237560, 9193048, 9203148, 9301704, 9236344, 9216316, 9234356, 9335028, 9192564, 9235064, 9213072, 9259428, 9247360, 9217892, 9203120, 9227204, 9343796, 9253148, 9211384, 9226576, 9284656, 9251796, 9227312, 9221400, 9263280, 9325232, 9212440, 9181056, 9209604,
 9206924, 9329204, 9252096, 9239780, 9195332, 9207904, 9299600, 9242092, 9219172, 9234900, 9338724, 9193704, 9231660, 9215520, 9259972, 9247944, 9217600, 9206632, 9230980, 9338612, 9255428, 9213072, 9226600, 9286332, 9254284, 9225248, 9222088, 9265400, 9321136, 9214128, 9187836, 9212824,
 9206564, 9339632, 9253160, 9240892, 9193752, 9204816, 9306320, 9244464, 9219852, 9233628, 9347184, 9191504, 9232840, 9214440, 9260172, 9249708, 9219120, 9205920, 9221884, 9345524, 9251396, 9218932, 9228096, 9288328, 9263912, 9227812, 9222528, 9264148, 9325176, 9211756, 9188456, 9215416,
 9207032, 9331664, 9251620, 9241560, 9192356, 9204368, 9310564, 9239932, 9217776, 9237548, 9342408, 9193364, 9238468, 9213816, 9265720, 9246576, 9219196, 9206736, 9227464, 9340936, 9257608, 9224496, 9228732, 9286668, 9267920, 9228448, 9226636, 9262552, 9324464, 9215460, 9188520, 9223752,
 9203540, 9336244, 9253296, 9241060, 9192832, 9205276, 9317664, 9241924, 9217424, 9236368, 9338488, 9192268, 9234376, 9214548, 9272448, 9248372, 9219104, 9209976, 9225092, 9335908, 9260832, 9226868, 9227808, 9287908, 9270044, 9229088, 9229516, 9266872, 9320416, 9215824, 9188180, 9232116,
 9208168, 9338392, 9252476, 9241420, 9195104, 9204764, 9317692, 9247040, 9217536, 9233440, 9338524, 9194904, 9234688, 9215420, 9260572, 9248192, 9219972, 9205772, 9225152, 9344604, 9257880, 9224900, 9228508, 9286180, 9274904, 9225944, 9229484, 9266220, 9322816, 9217912, 9187036, 9232404,
 9208644, 9331624, 9252272, 9240228, 9194728, 9205416, 9315780, 9246636, 9221636, 9236504, 9342528, 9196000, 9232828, 9214272, 9263272, 9247292, 9222120, 9206960, 9221920, 9340080, 9258916, 9224924, 9229548, 9288236, 9276976, 9229200, 9227672, 9264480, 9332024, 9216172, 9191440, 9235064,
 9207472, 9335208, 9253924, 9242052, 9198820, 9205716, 9316388, 9248652, 9221356, 9237376, 9344032, 9192532, 9233096, 9215364, 9261816, 9248620, 9223488, 9208592, 9219276, 9340228, 9257632, 9224796, 9228624, 9288340, 9278672, 9228028, 9229752, 9265024, 9331876, 9215644, 9189084, 9235596,
 9205532, 9335748, 9254844, 9240272, 9197240, 9205252, 9318008, 9254364, 9220376, 9235156, 9340344, 9196124, 9231796, 9215976, 9265304, 9245228, 9223628, 9205764, 9222068, 9337528, 9261612, 9225064, 9229912, 9290512, 9278332, 9229348, 9229536, 9267816, 9322996, 9215292, 9188488, 9234048,
 9206988, 9338108, 9252656, 9240932, 9197772, 9205896, 9322280, 9252572, 9219560, 9236904, 9343012, 9193256, 9236588, 9216080, 9263804, 9251584, 9224188, 9203360, 9221724, 9336840, 9258004, 9225624, 9227804, 9286948, 9279316, 9230364, 9224560, 9265952, 9326592, 9214960, 9185324, 9235304,
 9210144, 9344568, 9251268, 9240692, 9194856, 9206504, 9314316, 9258112, 9220652, 9238696, 9344200, 9193672, 9233800, 9224816, 9265544, 9252420, 9224176, 9207996, 9223464, 9340232, 9262308, 9225208, 9229260, 9285836, 9282340, 9230460, 9226480, 9266708, 9337956, 9217616, 9189552, 9234308,
 9213520, 9335156, 9253504, 9242488, 9194964, 9208096, 9317756, 9262092, 9220148, 9237848, 9342704, 9196752, 9236948, 9219260, 9263484, 9250948, 9224232, 9210916, 9225464, 9341660, 9263740, 9225272, 9230048, 9287392, 9283020, 9226856, 9231520, 9264652, 9337368, 9216360, 9187320, 9236508,
 9208476, 9348788, 9252988, 9242056, 9196212, 9206908, 9320460, 9260452, 9220740, 9240240, 9337976, 9194976, 9232712, 9216464, 9262336, 9252824, 9225904, 9208588, 9231824, 9337584, 9261152, 9225572, 9231120, 9285164, 9285960, 9229492, 9236280, 9271228, 9333852, 9215868, 9190244, 9241888,
 9210116, 9353072, 9254596, 9242964, 9194704, 9205252, 9319668, 9256552, 9221200, 9244160, 9344320, 9197336, 9234904, 9217284, 9263108, 9250560, 9225892, 9209352, 9226492, 9337344, 9262712, 9226244, 9227652, 9291324, 9287008, 9232044, 9237788, 9273928, 9327640, 9216436, 9188296, 9244300,
 9208544, 9354372, 9269104, 9247232, 9205628, 9225524, 9354660, 9265416, 9232016, 9267760, 9365332, 9239664, 9244516, 9230012, 9285952, 9257372, 9221268, 9221232, 9233340, 9361776, 9264752, 9229932, 9252164, 9311220, 9293728, 9257864, 9273648, 9278428, 9376956, 9217240, 9198704, 9243412,
 9210752, 9363440, 9275168, 9254032, 9208728, 9228248, 9367868, 9275488, 9238072, 9286176, 9377860, 9255808, 9242556, 9233000, 9285272, 9261712, 9225004, 9231352, 9249304, 9361944, 9267652, 9235388, 9266016, 9320224, 9297712, 9263408, 9285464, 9278756, 9389840, 9218928, 9202452, 9246960,
 9212416, 9361492, 9278276, 9257600, 9209144, 9229740, 9371568, 9273884, 9240828, 9289468, 9380788, 9262540, 9244968, 9234088, 9296240, 9258060, 9224380, 9239052, 9256880, 9360844, 9269636, 9235412, 9267080, 9323880, 9298068, 9265752, 9286024, 9284672, 9393812, 9222040, 9208932, 9250996,
 9215096, 9365360, 9276764, 9256316, 9211252, 9229364, 9374236, 9277536, 9242296, 9287440, 9377536, 9263176, 9246544, 9235076, 9294136, 9263856, 9225312, 9240976, 9257344, 9371940, 9266740, 9237056, 9269092, 9328020, 9300332, 9261484, 9289772, 9286840, 9397252, 9220576, 9206592, 9251776,
 9217288, 9368932, 9277128, 9254380, 9213376, 9231108, 9372492, 9276696, 9245048, 9285420, 9379308, 9262232, 9247332, 9236964, 9297868, 9262260, 9228028, 9243716, 9259900, 9366620, 9269752, 9237044, 9275252, 9332844, 9298936, 9263684, 9296824, 9289640, 9402984, 9222844, 9208576, 9258848,
 9218812, 9374284, 9277828, 9254300, 9215216, 9232364, 9376480, 9283576, 9242040, 9289208, 9386548, 9266884, 9247380, 9235568, 9296292, 9261700, 9229480, 9245980, 9261284, 9369628, 9269632, 9235240, 9273088, 9332928, 9299720, 9270776, 9303148, 9291020, 9405880, 9221720, 9209180, 9259892,
 9218332, 9376304, 9277560, 9255180, 9215036, 9233520, 9370220, 9279736, 9240604, 9289156, 9383020, 9266348, 9245956, 9236440, 9297804, 9261800, 9230456, 9245776, 9265540, 9369412, 9274096, 9236964, 9272908, 9326668, 9298104, 9274940, 9309012, 9291488, 9405308, 9222456, 9209584, 9263924,
 9218836, 9377192, 9279116, 9252460, 9217060, 9237348, 9371764, 9281480, 9240696, 9291104, 9384784, 9266968, 9249496, 9237684, 9300048, 9261076, 9229056, 9248148, 9265012, 9374788, 9273636, 9236256, 9274376, 9329252, 9299044, 9277084, 9305436, 9293572, 9405536, 9224456, 9208752, 9265732,
 9222112, 9378136, 9283424, 9254460, 9214468, 9234204, 9372520, 9279076, 9244512, 9291272, 9384784, 9268360, 9250272, 9238336, 9301096, 9262644, 9229844, 9247456, 9265400, 9377948, 9270096, 9240276, 9275444, 9339820, 9302172, 9276940, 9313696, 9298392, 9406720, 9229156, 9210364, 9261524,
 9221444, 9375744, 9287716, 9254780, 9216132, 9235384, 9377672, 9280988, 9243092, 9287644, 9385368, 9269568, 9252512, 9237432, 9298164, 9263268, 9229964, 9247692, 9265224, 9372920, 9270580, 9237380, 9274856, 9331316, 9305228, 9284084, 9322868, 9303636, 9408608, 9232056, 9211688, 9270916,
 9224244, 9377620, 9290224, 9255240, 9215948, 9234172, 9375376, 9281576, 9243908, 9292580, 9388748, 9272704, 9248524, 9240040, 9301636, 9260340, 9230936, 9245956, 9270664, 9373980, 9273420, 9238480, 9272788, 9334696, 9305024, 9279408, 9327536, 9312508, 9412280, 9235620, 9215676, 9270960,
 9224104, 9377832, 9292624, 9256580, 9217104, 9234508, 9377500, 9285056, 9243544, 9293536, 9390612, 9271416, 9252152, 9239892, 9303324, 9265964, 9230824, 9248932, 9263024, 9372968, 9272248, 9240232, 9275536, 9332288, 9306076, 9277876, 9331672, 9311180, 9413184, 9237908, 9213016, 9275364,
 9225228, 9379500, 9290228, 9256132, 9216456, 9234876, 9376564, 9280908, 9242500, 9290272, 9388892, 9274044, 9249420, 9242140, 9298980, 9264924, 9233392, 9250648, 9264988, 9372164, 9273692, 9238752, 9273080, 9333488, 9306564, 9279580, 9331624, 9314628, 9415584, 9240192, 9211844, 9275156,
 9226156, 9385904, 9294284, 9252656, 9218436, 9235948, 9370676, 9284576, 9242936, 9291036, 9395236, 9274748, 9249420, 9241196, 9302632, 9263772, 9228216, 9249632, 9263264, 9373336, 9273684, 9238512, 9276008, 9336484, 9308876, 9279916, 9331152, 9311956, 9418636, 9244268, 9213448, 9276040,
 9228056, 9385232, 9295324, 9253980, 9221920, 9235984, 9370848, 9281176, 9245652, 9293948, 9391216, 9273480, 9250120, 9244204, 9297684, 9262708, 9229132, 9249208, 9263756, 9369280, 9270988, 9237304, 9278064, 9336168, 9308800, 9281664, 9333832, 9315192, 9420192, 9249168, 9210452, 9285940,
 9235612, 9383952, 9292416, 9255584, 9221160, 9237004, 9372792, 9282608, 9246700, 9298280, 9391292, 9273352, 9248448, 9240340, 9297224, 9266552, 9232060, 9247600, 9262524, 9370012, 9272372, 9238872, 9278536, 9330116, 9309796, 9287664, 9334380, 9316084, 9418736, 9247536, 9216644, 9288084,
 9242172, 9389704, 9292396, 9256492, 9222480, 9238712, 9373788, 9282348, 9246336, 9302280, 9391652, 9271328, 9250956, 9241368, 9300032, 9262800, 9235656, 9249132, 9267920, 9372560, 9269968, 9239540, 9279492, 9330316, 9309488, 9284608, 9337792, 9319012, 9418908, 9247444, 9216704, 9290064,
 9241624, 9389476, 9291916, 9258040, 9225288, 9237888, 9374100, 9282504, 9246832, 9303308, 9400776, 9273132, 9254052, 9242140, 9305412, 9264204, 9237568, 9249412, 9264928, 9373224, 9270252, 9237808, 9284296, 9337156, 9308520, 9286144, 9338808, 9322928, 9418344, 9246484, 9216920, 9294952,
 9244848, 9391500, 9294784, 9258804, 9224404, 9238152, 9376592, 9284200, 9246228, 9305008, 9394468, 9274472, 9253200, 9245024, 9297360, 9263252, 9241948, 9250572, 9265468, 9373564, 9269244, 9239612, 9278192, 9337076, 9309392, 9289340, 9335364, 9317676, 9421600, 9247744, 9218120, 9295072,
 9244040, 9399104, 9292928, 9259776, 9226340, 9239092, 9380624, 9284304, 9242436, 9305952, 9397316, 9275636, 9249440, 9240056, 9300944, 9267712, 9238416, 9253740, 9269212, 9379864, 9273052, 9242436, 9278560, 9340892, 9309876, 9287700, 9333716, 9323820, 9424172, 9247092, 9219964, 9295812,
 9246304, 9396416, 9293652, 9258300, 9224288, 9239692, 9377700, 9285092, 9243872, 9306996, 9383472, 9274188, 9252124, 9242972, 9302568, 9264616, 9235816, 9254800, 9267848, 9378276, 9272872, 9240520, 9279664, 9335972, 9311268, 9287928, 9334492, 9324916, 9431244, 9247940, 9222996, 9298336,
 9238968, 9399772, 9298688, 9260896, 9235020, 9240760, 9380780, 9291076, 9249840, 9313992, 9392328, 9279228, 9259308, 9244336, 9317596, 9271308, 9229072, 9250124, 9275840, 9385280, 9290552, 9242836, 9278304, 9333780, 9317704, 9292012, 9346100, 9319892, 9433228, 9249796, 9223200, 9291856,
 9241732, 9408956, 9299628, 9263300, 9241148, 9240952, 9382084, 9297852, 9249848, 9313860, 9394832, 9276136, 9261116, 9249832, 9327648, 9277332, 9237836, 9255888, 9285596, 9392308, 9295956, 9245852, 9281648, 9338296, 9319500, 9300712, 9363668, 9323004, 9437432, 9252704, 9225068, 9305528,
 9243356, 9407700, 9302680, 9262388, 9246452, 9245580, 9385404, 9299664, 9251748, 9312956, 9393560, 9282008, 9269848, 9252940, 9328304, 9277996, 9246864, 9252936, 9282200, 9411036, 9298680, 9245108, 9281132, 9338112, 9326876, 9310428, 9375832, 9341980, 9442608, 9258252, 9238012, 9308452,
 9247368, 9404620, 9300028, 9265396, 9264772, 9242488, 9393168, 9303840, 9259128, 9316808, 9395252, 9282556, 9272320, 9259068, 9345284, 9285384, 9252856, 9259944, 9292056, 9400232, 9316776, 9276272, 9293580, 9346864, 9329232, 9313796, 9386880, 9347748, 9445928, 9275244, 9245884, 9302704,
 9249688, 9410060, 9307076, 9271176, 9274928, 9243792, 9394284, 9308960, 9261616, 9327736, 9398944, 9285592, 9273764, 9257604, 9361152, 9293644, 9257868, 9259192, 9289760, 9396272, 9318956, 9288656, 9296444, 9351000, 9330592, 9317912, 9397296, 9351432, 9454704, 9280924, 9253136, 9309348,
 9249364, 9412956, 9305380, 9270388, 9277244, 9243468, 9394360, 9311588, 9263396, 9324636, 9400556, 9285028, 9271208, 9261620, 9360992, 9285660, 9257772, 9264968, 9295780, 9398164, 9321912, 9290604, 9297796, 9353120, 9330420, 9322596, 9406612, 9351884, 9448536, 9280932, 9263604, 9318072,
 9250360, 9406296, 9302164, 9274672, 9280884, 9244940, 9393844, 9312292, 9256924, 9327404, 9389564, 9296872, 9275084, 9267892, 9358464, 9315908, 9257504, 9267456, 9289156, 9403744, 9320852, 9295064, 9296808, 9370680, 9336032, 9331764, 9411960, 9350324, 9450516, 9281696, 9259044, 9309520,
 9253308, 9417792, 9305240, 9274044, 9279784, 9248188, 9391460, 9307796, 9257340, 9326980, 9390776, 9300772, 9273124, 9268712, 9361956, 9323956, 9261000, 9272128, 9295140, 9398316, 9322836, 9297348, 9299144, 9367568, 9336820, 9332768, 9411956, 9353020, 9451520, 9285780, 9255744, 9316964,
 9255308, 9409592, 9305308, 9283040, 9284340, 9245432, 9406392, 9307596, 9260688, 9331424, 9395044, 9308860, 9282508, 9271296, 9375104, 9338048, 9256824, 9271816, 9305504, 9398308, 9331168, 9311344, 9302024, 9370780, 9343236, 9334984, 9411576, 9352288, 9455272, 9289284, 9260996, 9312164,
 9258520, 9410988, 9305828, 9278192, 9286140, 9250084, 9400992, 9314484, 9265580, 9338448, 9393328, 9322708, 9298888, 9275328, 9372128, 9347048, 9263044, 9282124, 9297352, 9401612, 9334568, 9318752, 9305428, 9379644, 9350004, 9351100, 9414956, 9355592, 9456732, 9292640, 9264748, 9310144,
 9259908, 9414184, 9308196, 9276932, 9286668, 9249508, 9406156, 9310116, 9263004, 9334716, 9395964, 9322872, 9305992, 9276824, 9375580, 9358268, 9265864, 9283336, 9299388, 9409484, 9338524, 9319112, 9308680, 9380220, 9346844, 9359124, 9414316, 9358936, 9461092, 9293160, 9268188, 9309508,
 9259224, 9411620, 9311800, 9298548, 9287584, 9257492, 9404224, 9314284, 9281624, 9338184, 9392464, 9325764, 9319944, 9285076, 9376352, 9363736, 9264200, 9292912, 9311464, 9406780, 9338824, 9343448, 9314436, 9379456, 9355564, 9359492, 9423148, 9361124, 9457084, 9289548, 9269904, 9311776,
 9260340, 9411292, 9312712, 9300376, 9287672, 9257076, 9402964, 9316496, 9282572, 9340536, 9390208, 9334964, 9327108, 9281900, 9378660, 9366552, 9262896, 9290304, 9306436, 9409352, 9341768, 9346420, 9316516, 9385112, 9358212, 9362332, 9422624, 9357204, 9457212, 9289204, 9270696, 9313680,
 9260664, 9414068, 9314260, 9305160, 9288900, 9261576, 9400968, 9313836, 9283748, 9340676, 9396224, 9333032, 9332280, 9285896, 9385748, 9367820, 9267008, 9293204, 9313208, 9407592, 9340548, 9347040, 9321232, 9380312, 9360988, 9362332, 9422372, 9358156, 9458676, 9291092, 9269968, 9316892,
 9262452, 9409444, 9315616, 9313736, 9289884, 9267120, 9403304, 9319800, 9287008, 9342172, 9396596, 9330116, 9332544, 9292084, 9384504, 9369460, 9263068, 9310676, 9328184, 9424384, 9352592, 9354716, 9326460, 9377212, 9358988, 9368656, 9427320, 9359324, 9460168, 9291940, 9271160, 9318496,
 9267876, 9409460, 9316740, 9308480, 9292920, 9269608, 9403996, 9324644, 9288308, 9348352, 9401988, 9331260, 9340768, 9292980, 9391572, 9367580, 9269984, 9312480, 9337544, 9418324, 9357808, 9360544, 9331172, 9379552, 9369016, 9367608, 9426980, 9359532, 9458372, 9291672, 9276040, 9318932,
 9269848, 9409332, 9319684, 9302204, 9294956, 9271340, 9400788, 9325140, 9287640, 9345624, 9393912, 9332368, 9342360, 9290168, 9388936, 9366332, 9278028, 9314612, 9341088, 9417980, 9359928, 9362328, 9330316, 9378540, 9372760, 9373808, 9426652, 9360644, 9460252, 9294008, 9278036, 9325004,
 9271472, 9411412, 9318980, 9305516, 9296540, 9270376, 9403252, 9327972, 9289232, 9344880, 9397680, 9333732, 9344264, 9294756, 9388224, 9370056, 9279872, 9313252, 9342960, 9415032, 9357308, 9359892, 9331980, 9382740, 9372092, 9372472, 9426108, 9361788, 9458752, 9294732, 9280548, 9325572,
 9277244, 9417800, 9320436, 9307140, 9298776, 9282440, 9402840, 9328560, 9291204, 9354876, 9396672, 9334084, 9343524, 9294604, 9389864, 9370040, 9287280, 9312496, 9345032, 9418508, 9359152, 9357688, 9333860, 9382024, 9368124, 9378148, 9428420, 9362644, 9462220, 9296036, 9290624, 9329584,
 9278048, 9413648, 9320872, 9309384, 9303552, 9289892, 9402224, 9328812, 9295044, 9358412, 9396976, 9335848, 9344368, 9292912, 9386140, 9369388, 9295792, 9313628, 9344336, 9420120, 9360672, 9358124, 9333984, 9383732, 9366236, 9381016, 9428328, 9363372, 9463860, 9298720, 9298560, 9326176,
 9276656, 9411124, 9318868, 9307384, 9302752, 9291468, 9404240, 9332324, 9297896, 9359636, 9398444, 9336696, 9343308, 9294476, 9390700, 9369728, 9296740, 9314156, 9342956, 9423672, 9358856, 9357164, 9332920, 9381716, 9368192, 9380572, 9426748, 9363408, 9460436, 9298820, 9295428, 9329584,
 9268688, 9409044, 9326256, 9307916, 9305788, 9289052, 9407756, 9330784, 9293264, 9358360, 9402348, 9336040, 9347308, 9295640, 9389884, 9373092, 9287932, 9315828, 9342708, 9427448, 9360904, 9360724, 9332828, 9393768, 9368652, 9383008, 9428204, 9362948, 9463976, 9300284, 9310072, 9320664,
 9274460, 9412168, 9330212, 9309632, 9306772, 9301764, 9407936, 9332768, 9295908, 9359892, 9400092, 9337628, 9349712, 9299512, 9387028, 9375112, 9293828, 9313708, 9342872, 9426092, 9358288, 9363136, 9333124, 9395572, 9371704, 9392780, 9434668, 9367272, 9461040, 9303320, 9319620, 9331920,
 9280404, 9416480, 9332176, 9310092, 9314460, 9295812, 9408544, 9335204, 9297272, 9362484, 9399800, 9336128, 9347108, 9302024, 9383916, 9374144, 9292840, 9313300, 9349756, 9431704, 9360756, 9365248, 9335828, 9389608, 9375424, 9396064, 9435284, 9370424, 9469548, 9299448, 9318172, 9331624,
 9285608, 9417784, 9332576, 9319748, 9315616, 9300708, 9412432, 9335248, 9295380, 9362812, 9404104, 9336276, 9349112, 9303276, 9385416, 9373316, 9299396, 9318324, 9346924, 9424444, 9360864, 9364876, 9335336, 9390692, 9373428, 9391512, 9431132, 9376336, 9465700, 9299144, 9320608, 9334396,
 9288252, 9418308, 9332592, 9326192, 9314948, 9303108, 9406688, 9337004, 9297036, 9366068, 9403920, 9336876, 9346604, 9304984, 9387396, 9373792, 9304160, 9315620, 9352248, 9428140, 9360128, 9364780, 9337200, 9385688, 9376428, 9392020, 9430004, 9378568, 9472364, 9301040, 9324508, 9335540,
 9281808, 9415396, 9330952, 9329108, 9313084, 9301804, 9412160, 9339728, 9301608, 9365424, 9403228, 9336532, 9350768, 9300376, 9389872, 9374904, 9304716, 9316736, 9348036, 9425292, 9361852, 9363452, 9341052, 9386980, 9383748, 9393696, 9429084, 9383180, 9467404, 9300356, 9327728, 9329820,
 9282524, 9414964, 9330496, 9331740, 9314148, 9303536, 9408444, 9340104, 9306752, 9371844, 9407820, 9335704, 9348940, 9305652, 9390364, 9373168, 9304344, 9315328, 9347968, 9421840, 9360280, 9364556, 9339188, 9388344, 9388516, 9400620, 9432168, 9378940, 9472080, 9299904, 9334592, 9337460,
 9281836, 9411412, 9330364, 9326268, 9318616, 9297288, 9413240, 9336320, 9300748, 9369876, 9403688, 9344288, 9360624, 9313668, 9390332, 9373064, 9300960, 9318796, 9357788, 9424100, 9363680, 9368560, 9340292, 9386336, 9388792, 9399876, 9435180, 9376340, 9471136, 9299584, 9328620, 9326972,
 9282408, 9412276, 9331608, 9326904, 9318244, 9297260, 9412884, 9336520, 9299464, 9373364, 9409568, 9344148, 9359588, 9315528, 9391044, 9374668, 9302708, 9320424, 9366492, 9424308, 9360424, 9366756, 9337928, 9391760, 9387700, 9399300, 9436484, 9377800, 9469788, 9299152, 9335020, 9328504,
 9284580, 9412616, 9333092, 9326796, 9317196, 9300088, 9410232, 9334892, 9297212, 9368924, 9423872, 9345424, 9360996, 9316200, 9392972, 9376388, 9308264, 9327668, 9362304, 9434724, 9360632, 9367996, 9343356, 9395336, 9394132, 9403392, 9440576, 9379556, 9474060, 9302896, 9336580, 9331240,
 9289600, 9417124, 9347588, 9336112, 9329344, 9296760, 9416516, 9335568, 9300732, 9380896, 9426552, 9348320, 9363204, 9330140, 9400000, 9381984, 9306856, 9342544, 9368416, 9428152, 9363924, 9373756, 9341648, 9399496, 9398088, 9409328, 9444872, 9397908, 9484352, 9303060, 9332844, 9347208,
 9292984, 9414764, 9346404, 9332700, 9327400, 9296992, 9416672, 9336828, 9301248, 9383056, 9430952, 9350672, 9363352, 9333492, 9402548, 9388260, 9307380, 9341168, 9368660, 9429928, 9365480, 9373588, 9340704, 9403160, 9400412, 9415232, 9446508, 9396696, 9477052, 9304368, 9335044, 9349776,
