 14004140, 14006804, 13997324, 14003552, 14005740, 13996468, 14001456, 14007012, 14003728, 14003112, 14003028, 14007072, 14003572, 14007140, 14001192, 13997876,
 14004924, 14007252, 14000168, 14004316, 14008152, 13997460, 14002496, 14007964, 14009316, 14005124, 14004692, 14008036, 14004448, 14008164, 14002220, 13998500,
 14005828, 14007560, 14000336, 14004612, 14008516, 13997736, 14004520, 14008652, 14009752, 14005472, 14004792, 14010344, 14005060, 14008032, 14004640, 14001008,
 14006088, 14007940, 14000480, 14004840, 14007964, 13998340, 14004624, 14009044, 14010236, 14006348, 14005108, 14010812, 14005952, 14008164, 14004948, 14001272,
 14006228, 14008032, 14000088, 14006636, 14010264, 13998500, 14005120, 14008812, 14010212, 14006144, 14004620, 14011016, 14005716, 14008444, 14004864, 14001056,
 14006532, 14008780, 14002976, 14007604, 14010864, 14001108, 14005704, 14009456, 14010520, 14008304, 14005408, 14010460, 14006668, 14008304, 14004920, 14001116,
 14007472, 14009540, 14003532, 14008032, 14010432, 14001568, 14006164, 14009616, 14011656, 14009072, 14005436, 14011368, 14006488, 14008724, 14005460, 14001280,
 14007444, 14009392, 14002984, 14007556, 14010336, 14001552, 14006336, 14009880, 14011560, 14008872, 14005560, 14011360, 14007260, 14009152, 14005560, 14001508,
 14009568, 14009580, 14003248, 14007712, 14010688, 14001424, 14006336, 14009756, 14011412, 14008852, 14005496, 14011108, 14007564, 14009492, 14005412, 14001264,
 14009516, 14009416, 14003108, 14007788, 14010620, 14001824, 14005960, 14009804, 14011460, 14011328, 14005444, 14010676, 14007628, 14009180, 14005428, 14001128,
 14009700, 14009416, 14003484, 14007648, 14010512, 14001828, 14006448, 14012196, 14011424, 14011144, 14005868, 14010296, 14007284, 14009104, 14005956, 14001504,
 14010184, 14009508, 14003992, 14007748, 14010100, 14001936, 14007128, 14012656, 14012076, 14010940, 14006116, 14010736, 14007680, 14008940, 14005456, 14001876,
 14010668, 14009756, 14004288, 14007924, 14010808, 14002168, 14006612, 14012664, 14012316, 14011172, 14006180, 14010516, 14008012, 14009264, 14007360, 14001784,
 14010344, 14009504, 14004004, 14008020, 14011484, 14002312, 14007180, 14012760, 14012736, 14011416, 14006064, 14010832, 14008208, 14008996, 14007368, 14002080,
 14010224, 14010244, 14004008, 14008520, 14011556, 14002796, 14007456, 14013112, 14013088, 14014048, 14007112, 14010796, 14008420, 14009216, 14007384, 14002096,
 14009948, 14009964, 14003936, 14008340, 14011336, 14002332, 14006912, 14012876, 14012748, 14013344, 14006536, 14010556, 14008236, 14009396, 14007264, 14002252,
 14010472, 14010120, 14004348, 14009000, 14011128, 14002348, 14007004, 14013148, 14012780, 14014012, 14006748, 14010584, 14008416, 14009436, 14007948, 14002116,
 14010384, 14010484, 14006776, 14009132, 14011460, 14002592, 14007112, 14013476, 14012788, 14015780, 14007064, 14010956, 14008004, 14009760, 14007724, 14002052,
 14010536, 14010780, 14006836, 14008924, 14011372, 14002464, 14007316, 14013504, 14013392, 14016036, 14006712, 14010972, 14007636, 14009572, 14007560, 14002044,
 14011020, 14010616, 14005840, 14008976, 14011104, 14002592, 14007288, 14013632, 14013400, 14018004, 14006044, 14010300, 14007432, 14009528, 14007468, 14002220,
 14011308, 14010564, 14006220, 14008804, 14011356, 14003504, 14007832, 14016360, 14013504, 14017756, 14005912, 14010788, 14007508, 14009756, 14007704, 14002224,
 14010624, 14010484, 14006180, 14008624, 14011588, 14002796, 14007124, 14017928, 14013488, 14017432, 14005696, 14010628, 14007536, 14009820, 14007448, 14001984,
 14019452, 14029660, 14025256, 14013864, 14026660, 14007532, 14024664, 14030684, 14024252, 14057260, 14046960, 14019560, 14031292, 14029424, 14014252, 14025116,
 14019756, 14029588, 14025436, 14013680, 14026872, 14007532, 14024912, 14031128, 14023992, 14056888, 14047304, 14019216, 14031544, 14029384, 14014248, 14027244,
 14019808, 14030044, 14027624, 14013548, 14026992, 14007536, 14026920, 14031184, 14024432, 14057100, 14047408, 14019612, 14031936, 14029180, 14014584, 14027220,
 14019796, 14031012, 14027800, 14013540, 14026844, 14007656, 14027532, 14031196, 14024436, 14056704, 14049668, 14020096, 14031832, 14028876, 14014572, 14027428,
 14019792, 14031088, 14028160, 14014288, 14027128, 14007300, 14027464, 14031276, 14024948, 14056908, 14050308, 14020388, 14032352, 14029124, 14014700, 14027476,
 14020016, 14031240, 14028148, 14014380, 14027016, 14007584, 14027696, 14031576, 14025032, 14056812, 14050376, 14020516, 14032268, 14029044, 14014752, 14027704,
 14019776, 14031340, 14028284, 14014516, 14026992, 14007524, 14028140, 14031524, 14025076, 14057416, 14051044, 14020516, 14032448, 14028776, 14015356, 14027916,
 14020256, 14030984, 14027864, 14014176, 14026992, 14007524, 14027716, 14031176, 14024844, 14056968, 14050828, 14020528, 14032216, 14028792, 14014980, 14027688,
 14020104, 14031060, 14028248, 14014436, 14026920, 14007556, 14028156, 14031500, 14025816, 14056916, 14052956, 14020292, 14032396, 14028872, 14014940, 14027260,
 14020612, 14030888, 14028460, 14014424, 14028860, 14007540, 14028244, 14032308, 14025480, 14056984, 14053280, 14020520, 14033244, 14028872, 14015084, 14027132,
 14020312, 14031200, 14028776, 14015108, 14029204, 14007892, 14028248, 14032340, 14025792, 14057064, 14053896, 14020364, 14033304, 14028856, 14015036, 14027092,
 14020044, 14031296, 14028764, 14014880, 14029424, 14007500, 14028088, 14031916, 14025772, 14057284, 14053596, 14020336, 14033276, 14028716, 14015252, 14027200,
 14020456, 14031384, 14028668, 14014348, 14029016, 14007516, 14028108, 14031948, 14025592, 14057000, 14053544, 14020436, 14032984, 14028672, 14015556, 14027188,
 14020300, 14031644, 14028904, 14014620, 14028940, 14007760, 14027876, 14031608, 14025932, 14057420, 14053560, 14020900, 14033508, 14029456, 14015620, 14027700,
 14021820, 14031276, 14028616, 14015268, 14028984, 14007868, 14027984, 14031680, 14026172, 14057580, 14053332, 14020876, 14033588, 14029104, 14015920, 14027984,
 14022700, 14031412, 14028360, 14015224, 14028808, 14007532, 14027984, 14032124, 14025804, 14057448, 14053768, 14020708, 14035600, 14028996, 14015620, 14027992,
 14022688, 14031448, 14029056, 14015160, 14029228, 14007860, 14028112, 14031920, 14025936, 14057852, 14054208, 14020996, 14035500, 14029260, 14015648, 14028448,
 14022704, 14031500, 14028984, 14015352, 14029212, 14007984, 14027980, 14031696, 14025576, 14057700, 14054284, 14021264, 14035732, 14029344, 14015680, 14028508,
 14022572, 14031596, 14028584, 14014768, 14029128, 14007768, 14028132, 14032348, 14024964, 14057260, 14054248, 14021208, 14035648, 14029556, 14015704, 14028240,
 14022688, 14032108, 14028732, 14015336, 14029300, 14007520, 14028360, 14032180, 14025740, 14057556, 14054404, 14021264, 14035324, 14029936, 14015752, 14028444,
 14022324, 14031972, 14028488, 14014916, 14029428, 14007220, 14027952, 14031896, 14025496, 14059732, 14054392, 14021476, 14035188, 14030024, 14015608, 14028208,
 14025312, 14038476, 14033112, 14023556, 14037976, 14007956, 14032908, 14034560, 14033924, 14059704, 14065828, 14021448, 14039612, 14030260, 14016572, 14034788,
 14025548, 14038892, 14033120, 14023376, 14037856, 14007844, 14033072, 14034564, 14034104, 14059848, 14066652, 14021636, 14039796, 14030336, 14016824, 14034920,
 14025624, 14038740, 14033032, 14023104, 14037996, 14007824, 14033036, 14034432, 14033800, 14059872, 14066520, 14021704, 14039548, 14030440, 14016716, 14034924,
 14024960, 14038556, 14033132, 14022808, 14037948, 14007748, 14032692, 14034000, 14033884, 14059540, 14069024, 14021436, 14039376, 14030256, 14016528, 14035336,
 14025136, 14038588, 14033228, 14022968, 14038608, 14008040, 14032976, 14034400, 14034052, 14059820, 14069312, 14021708, 14039516, 14030384, 14017108, 14035252,
 14024928, 14038636, 14032960, 14023044, 14038136, 14008100, 14032640, 14034364, 14033936, 14059732, 14069508, 14021372, 14039568, 14030180, 14018936, 14035212,
 14025476, 14038912, 14033632, 14023344, 14038204, 14008072, 14032756, 14034368, 14034352, 14059956, 14069692, 14021616, 14039964, 14030640, 14018776, 14035468,
 14025524, 14038572, 14033780, 14022984, 14038712, 14008176, 14033100, 14034528, 14034272, 14059976, 14069784, 14021820, 14039380, 14030612, 14018760, 14035344,
 14025284, 14038352, 14033424, 14023152, 14038268, 14008476, 14033252, 14034576, 14034076, 14059872, 14072040, 14022000, 14039300, 14030952, 14018940, 14035788,
 14025016, 14038416, 14033496, 14023324, 14038436, 14008072, 14033444, 14035032, 14034364, 14059944, 14072508, 14022308, 14039860, 14030876, 14019244, 14035608,
 14025044, 14038996, 14033588, 14023392, 14038428, 14008508, 14033444, 14035120, 14034360, 14059952, 14080840, 14022292, 14040280, 14031020, 14018976, 14035180,
 14024820, 14039428, 14033368, 14023684, 14038456, 14008728, 14033496, 14035236, 14034392, 14060136, 14080864, 14022240, 14042420, 14030972, 14019220, 14035360,
 14025344, 14039032, 14033372, 14023628, 14038440, 14009064, 14033760, 14035840, 14034276, 14060436, 14080784, 14022312, 14042792, 14030908, 14019252, 14035564,
 14025224, 14038684, 14033408, 14023456, 14038576, 14008528, 14033604, 14035764, 14034396, 14060268, 14080596, 14022144, 14042656, 14030792, 14019128, 14035192,
 14025856, 14039580, 14042472, 14023768, 14042972, 14009064, 14034012, 14041936, 14037092, 14060920, 14083532, 14026688, 14045016, 14037116, 14019808, 14038564,
 14026040, 14039556, 14042388, 14024036, 14042904, 14008960, 14034524, 14041456, 14037036, 14061148, 14083568, 14026648, 14045068, 14037404, 14019836, 14038484,
 14026188, 14039540, 14042700, 14024296, 14042924, 14009128, 14034716, 14042124, 14037040, 14061208, 14085576, 14026536, 14044812, 14037408, 14020116, 14038228,
 14026276, 14039928, 14042848, 14025024, 14043112, 14008944, 14035248, 14041932, 14036904, 14061196, 14086216, 14026736, 14044900, 14037476, 14020916, 14038492,
 14026676, 14040352, 14042536, 14025164, 14043316, 14008980, 14035040, 14041860, 14037484, 14061108, 14086336, 14026352, 14044976, 14037724, 14020548, 14039040,
 14026724, 14039792, 14042720, 14024572, 14043496, 14008716, 14035412, 14041980, 14037748, 14061432, 14086412, 14026344, 14045028, 14037636, 14020460, 14038880,
 14026968, 14039972, 14042988, 14024316, 14043576, 14008700, 14035308, 14041940, 14037220, 14061496, 14086308, 14026488, 14045184, 14038256, 14020524, 14039228,
 14026952, 14039888, 14043216, 14024564, 14043644, 14009084, 14035288, 14042176, 14036776, 14061408, 14086516, 14026548, 14045280, 14038048, 14020344, 14039144,
 14027548, 14040408, 14043572, 14025004, 14043960, 14009408, 14035272, 14042244, 14037048, 14062284, 14087020, 14026704, 14045744, 14038380, 14020652, 14039528,
 14027764, 14040876, 14043556, 14024884, 14043644, 14009520, 14035500, 14042464, 14037064, 14062244, 14086896, 14026708, 14045788, 14038172, 14020740, 14039360,
 14027004, 14040360, 14042772, 14024376, 14045328, 14009160, 14034972, 14041840, 14036520, 14061512, 14086492, 14026152, 14045476, 14037252, 14020672, 14039268,
 14027060, 14040200, 14042984, 14024612, 14045500, 14011192, 14034792, 14042156, 14036904, 14061488, 14086564, 14026464, 14046048, 14037504, 14020932, 14038780,
 14026420, 14040136, 14043024, 14024268, 14045164, 14011096, 14034844, 14042352, 14036916, 14061152, 14086884, 14026136, 14045524, 14037164, 14020572, 14038956,
 14028720, 14043376, 14054008, 14033440, 14054072, 14011444, 14035016, 14046756, 14039532, 14068144, 14087500, 14026712, 14046452, 14045900, 14033672, 14054808,
 14028864, 14043996, 14053896, 14033352, 14053816, 14011336, 14035236, 14046848, 14038648, 14068096, 14086924, 14027212, 14046276, 14045788, 14032920, 14054596,
 14028684, 14043908, 14053604, 14033312, 14053556, 14011156, 14035424, 14046276, 14038648, 14067984, 14086692, 14027072, 14046068, 14045796, 14037384, 14054716,
 14028648, 14044240, 14053660, 14033228, 14054124, 14010868, 14035360, 14046108, 14038980, 14068336, 14087004, 14027284, 14046156, 14045856, 14037116, 14054636,
 14028796, 14044136, 14053636, 14033180, 14054060, 14010980, 14035576, 14046108, 14038932, 14068212, 14086744, 14027120, 14045936, 14045760, 14037160, 14054344,
 14034936, 14044116, 14053492, 14035400, 14054276, 14010956, 14035468, 14048436, 14047232, 14068752, 14087028, 14027416, 14046308, 14046008, 14037572, 14054664,
 14035240, 14046448, 14054420, 14035312, 14054464, 14011492, 14037816, 14048444, 14047752, 14068704, 14089456, 14028144, 14046384, 14046556, 14037508, 14054928,
 14035036, 14046332, 14054216, 14035156, 14054208, 14011208, 14037980, 14050776, 14047588, 14068576, 14088948, 14027876, 14046288, 14046096, 14037320, 14054828,
 14035416, 14046208, 14054608, 14035084, 14054692, 14010992, 14038132, 14050900, 14048240, 14068868, 14088756, 14028224, 14046472, 14046568, 14037908, 14055412,
 14034860, 14046108, 14054680, 14035888, 14054792, 14011060, 14038020, 14051036, 14047996, 14068388, 14088384, 14028144, 14046248, 14046448, 14037896, 14055164,
 14034864, 14046208, 14055168, 14036056, 14054724, 14011236, 14038508, 14051800, 14047980, 14069044, 14088476, 14028572, 14046652, 14046692, 14038208, 14055400,
 14040408, 14046544, 14061492, 14044296, 14059608, 14013432, 14044628, 14057956, 14052476, 14071284, 14088900, 14030868, 14046632, 14053164, 14040368, 14064212,
 14044160, 14046888, 14063712, 14056892, 14071732, 14013828, 14048768, 14061732, 14056640, 14071656, 14089308, 14030748, 14046868, 14057364, 14040052, 14069104,
 14044292, 14047140, 14064240, 14057468, 14072500, 14014240, 14049032, 14062028, 14056868, 14071824, 14089700, 14031080, 14048040, 14058128, 14040296, 14068596,
 14044168, 14046644, 14063756, 14057212, 14072464, 14013848, 14049504, 14061920, 14056388, 14071520, 14089508, 14030772, 14047548, 14057608, 14040284, 14068380,
 14044192, 14046736, 14063788, 14057452, 14072276, 14013944, 14049408, 14061820, 14056568, 14071120, 14089732, 14031532, 14048004, 14057808, 14040676, 14068216,
 14044604, 14046800, 14064232, 14057548, 14072560, 14014064, 14049392, 14061708, 14056700, 14071488, 14089864, 14031432, 14047832, 14058256, 14040760, 14068408,
 14044508, 14046628, 14064448, 14057480, 14072868, 14014272, 14049640, 14062244, 14056684, 14071480, 14090028, 14031532, 14047792, 14058776, 14041004, 14068004,
 14047020, 14046244, 14068456, 14061740, 14073436, 14014240, 14049628, 14062628, 14058832, 14071516, 14089944, 14031936, 14047812, 14062812, 14042832, 14070496,
 14047208, 14046480, 14068276, 14061312, 14072968, 14014744, 14049496, 14062496, 14058800, 14071516, 14089844, 14032264, 14047412, 14062684, 14043012, 14070240,
 14047652, 14046932, 14068168, 14064572, 14072916, 14014648, 14051804, 14064764, 14063488, 14072124, 14089960, 14032136, 14047780, 14067092, 14043444, 14071208,
 14047548, 14047528, 14067896, 14064664, 14072968, 14014516, 14051680, 14064628, 14063496, 14072000, 14090224, 14032340, 14048152, 14067300, 14044020, 14071032,
 14047828, 14047264, 14068608, 14064276, 14073284, 14014072, 14051928, 14065356, 14063276, 14072768, 14089900, 14032324, 14048220, 14067344, 14043724, 14071976,
 14047652, 14047744, 14068572, 14064084, 14073464, 14014028, 14052280, 14064784, 14063364, 14072436, 14089820, 14032516, 14047892, 14066924, 14043404, 14071924,
 14047228, 14047084, 14068436, 14064372, 14073264, 14014032, 14052024, 14064544, 14063076, 14072668, 14089688, 14032536, 14047396, 14066784, 14043156, 14071920,
 14046948, 14046956, 14068436, 14064348, 14073288, 14014264, 14051884, 14064652, 14063768, 14072600, 14089720, 14032292, 14047336, 14066592, 14043548, 14071568,
 14047232, 14047216, 14068600, 14064544, 14073256, 14016536, 14052124, 14064928, 14063828, 14074996, 14089684, 14040560, 14047432, 14067052, 14047920, 14078076,
 14046728, 14047240, 14068576, 14064768, 14073376, 14016660, 14052212, 14064728, 14063728, 14074996, 14092252, 14040420, 14047416, 14066800, 14047744, 14077840,
 14050808, 14051852, 14072868, 14067344, 14073524, 14021228, 14051980, 14064776, 14063728, 14075132, 14094148, 14042648, 14049948, 14067408, 14062940, 14079780,
 14051320, 14051388, 14072984, 14067752, 14074220, 14021472, 14052624, 14065364, 14064452, 14075600, 14094528, 14043492, 14050056, 14067988, 14063268, 14080228,
