 6871416, 6869184, 6871792, 6870496,
 6874420, 6871072, 6870948, 6873556,
 6875412, 6874420, 6873056, 6874796,
 6875520, 6871800, 6872336, 6875292,
 6877148, 6873040, 6873652, 6874084,
 6876404, 6873008, 6874024, 6875516,
 6877412, 6874800, 6874052, 6877336,
 6877728, 6872816, 6876068, 6876732,
 6877588, 6874252, 6873820, 6877924,
 6878564, 6873384, 6874812, 6878288,
 6878580, 6873632, 6875920, 6877628,
 6878448, 6872156, 6874936, 6878036,
 6878960, 6871048, 6875704, 6878816,
 6878628, 6875140, 6876820, 6878600,
 6880208, 6872656, 6880588, 6880024,
 6881812, 6875012, 6881068, 6880340,
 6881896, 6874872, 6881688, 6880340,
 6882408, 6875576, 6881656, 6880604,
 6882120, 6873204, 6881656, 6881332,
 6882416, 6875576, 6882780, 6880868,
 6882708, 6876756, 6882716, 6881780,
 6882648, 6876676, 6882920, 6881844,
 6882432, 6877668, 6883012, 6881644,
 6882696, 6877336, 6883036, 6881684,
 6882536, 6875600, 6883068, 6881544,
 6883544, 6875724, 6882664, 6881792,
 6883248, 6876044, 6882476, 6880204,
 6883216, 6876260, 6882568, 6882312,
 6884688, 6874136, 6882412, 6882076,
 6882936, 6872788, 6882304, 6880912,
 6883680, 6874384, 6883276, 6882524,
 6883712, 6876060, 6882812, 6882812,
 6883912, 6875872, 6882764, 6883152,
 6885320, 6878284, 6884420, 6888620,
 6885412, 6878168, 6886296, 6890092,
 6885516, 6879696, 6886636, 6890896,
 6885840, 6880440, 6886760, 6889608,
 6886876, 6884048, 6886352, 6890520,
 6886952, 6883768, 6886928, 6889872,
 6887036, 6884884, 6887968, 6890212,
 6887252, 6885528, 6890088, 6891832,
 6887376, 6885660, 6890476, 6892460,
 6887352, 6884384, 6891252, 6893320,
 6887416, 6887128, 6891144, 6893980,
 6888128, 6886760, 6892460, 6893160,
 6888144, 6886768, 6893412, 6893788,
 6888236, 6886736, 6893496, 6893520,
 6888972, 6887080, 6896080, 6896992,
 6888752, 6889504, 6895360, 6894652,
 6888752, 6889560, 6895396, 6894704,
 6888820, 6890248, 6895528, 6895168,
 6888928, 6889596, 6895188, 6894904,
 6891008, 6890748, 6898020, 6897644,
 6891556, 6890608, 6896884, 6896140,
 6889664, 6892540, 6895800, 6898008,
 6889812, 6892512, 6895828, 6898268,
 6891252, 6892512, 6895912, 6898608,
 6891176, 6892884, 6896712, 6898140,
 6892708, 6892712, 6896508, 6901428,
 6892700, 6892512, 6897392, 6899832,
 6893180, 6893460, 6897256, 6899260,
 6893076, 6892960, 6897952, 6899896,
 6893216, 6893752, 6897780, 6899972,
 6893792, 6892480, 6897996, 6899648,
 6893800, 6892124, 6898112, 6900692,
 6893752, 6892612, 6898052, 6900336,
 6893736, 6892556, 6898176, 6900724,
 6892688, 6892028, 6898596, 6903916,
 6894228, 6892068, 6899572, 6907540,
 6894120, 6891964, 6899632, 6907376,
 6893748, 6894716, 6899624, 6906896,
 6892456, 6893912, 6900372, 6902820,
 6894228, 6894624, 6900516, 6904360,
 6894400, 6894212, 6900624, 6905136,
 6894640, 6894492, 6900644, 6905640,
 6894924, 6893908, 6901344, 6906540,
 6894984, 6893564, 6902360, 6910380,
 6894980, 6893340, 6902384, 6907952,
 6894816, 6894564, 6903276, 6909196,
 6895020, 6893960, 6904516, 6906316,
 6895328, 6895604, 6905532, 6904696,
 6895360, 6895736, 6905492, 6904496,
 6895748, 6896232, 6906268, 6906884,
 6895256, 6895772, 6905636, 6906944,
 6894652, 6897168, 6904848, 6907556,
 6896500, 6896696, 6905776, 6907848,
 6896384, 6896860, 6905704, 6907612,
 6896336, 6897500, 6906068, 6907868,
 6896608, 6897608, 6906232, 6911532,
 6896692, 6897300, 6906404, 6906492,
 6897492, 6897084, 6906784, 6912124,
 6897672, 6897132, 6905312, 6909760,
 6897608, 6897348, 6906824, 6909652,
 6898220, 6897116, 6906752, 6912488,
 6898800, 6897824, 6907072, 6913580,
 6898792, 6897896, 6907060, 6913684,
 6898940, 6898076, 6907132, 6913584,
 6899212, 6899144, 6908464, 6914696,
 6899236, 6899236, 6909060, 6914524,
 6899088, 6900556, 6909732, 6914788,
