 7529972, 7533700, 7527980, 7532244, 7530520, 7527528, 7527096, 7528328, 7532700, 7535240, 7535532, 7528452, 7528488, 7533536, 7529972, 7529388, 7526236, 7529676, 7532444, 7533120, 7530728, 7531748, 7537856, 7534552, 7536948, 7536964, 7537732, 7527684, 7535216, 7533372,
 7533872, 7536376, 7532212, 7535972, 7534364, 7530720, 7532636, 7534044, 7534744, 7538444, 7540064, 7529752, 7530016, 7537964, 7534264, 7533804, 7530900, 7533900, 7535056, 7533640, 7531124, 7534800, 7539840, 7536592, 7542724, 7540588, 7541104, 7529208, 7538688, 7539636,
 8865740, 8865688, 8853956, 8863196, 8860884, 8854784, 8857464, 8857344, 8857664, 8863484, 8860780, 8854656, 8858008, 8859076, 8861864, 8864912, 8857092, 8868704, 8862456, 8862028, 8864680, 8864652, 8847188, 8854464, 8860128, 8848192, 8859652, 8860608, 8856136, 8866480,
 8867300, 8867300, 8854744, 8866388, 8861096, 8855648, 8860564, 8858720, 8859028, 8866808, 8862024, 8856560, 8862420, 8859460, 8862856, 8868176, 8860504, 8870500, 8863740, 8863432, 8865840, 8865828, 8848100, 8855500, 8861616, 8851976, 8860692, 8863396, 8856800, 8868928,
 8867756, 8867616, 8855172, 8866948, 8861616, 8856492, 8860832, 8860808, 8859272, 8867652, 8862092, 8856784, 8862620, 8859672, 8865452, 8870248, 8860912, 8870488, 8864080, 8863596, 8866040, 8866052, 8847892, 8855360, 8862432, 8852920, 8860720, 8864440, 8859552, 8869824,
 8868480, 8867612, 8856108, 8867752, 8862296, 8857264, 8861588, 8861584, 8860116, 8868268, 8863068, 8857132, 8863460, 8860236, 8865940, 8871496, 8861288, 8870584, 8865084, 8865164, 8866688, 8866700, 8848244, 8855764, 8864252, 8852752, 8861016, 8865168, 8859692, 8870064,
 8869476, 8868548, 8856480, 8868512, 8863356, 8858244, 8861960, 8861900, 8860168, 8869268, 8864004, 8859028, 8863720, 8860816, 8866916, 8872676, 8861992, 8871476, 8866144, 8866380, 8868028, 8867444, 8848616, 8856880, 8864436, 8854176, 8861340, 8865972, 8860348, 8870248,
 8869796, 8868408, 8856464, 8870048, 8863084, 8858752, 8861864, 8861656, 8859832, 8868720, 8863200, 8858300, 8863264, 8860852, 8867160, 8872348, 8861772, 8871420, 8866116, 8866248, 8867344, 8867036, 8848656, 8856316, 8864544, 8856328, 8860708, 8865664, 8860072, 8870164,
 8870716, 8868272, 8859176, 8870928, 8863180, 8858492, 8862672, 8862484, 8861032, 8869824, 8864032, 8858644, 8863524, 8861900, 8867440, 8873064, 8863076, 8871876, 8867064, 8866752, 8867316, 8867348, 8851140, 8857040, 8865420, 8856624, 8861380, 8865464, 8863388, 8870824,
 8870588, 8871284, 8862172, 8873948, 8866084, 8858920, 8867592, 8865312, 8864208, 8872868, 8867092, 8861712, 8866444, 8864820, 8870512, 8875752, 8863296, 8875016, 8869828, 8869696, 8870260, 8870432, 8854084, 8860480, 8868352, 8859260, 8861984, 8865800, 8863624, 8871076,
 8870172, 8871984, 8861344, 8874052, 8865964, 8861808, 8867580, 8865268, 8864428, 8872640, 8866740, 8861088, 8866552, 8866704, 8870692, 8875408, 8865712, 8874664, 8869488, 8869808, 8870652, 8870916, 8853768, 8859972, 8868572, 8859840, 8864556, 8868996, 8866356, 8873744,
 8870500, 8871720, 8862304, 8874056, 8866296, 8861704, 8867712, 8865792, 8864632, 8872832, 8867112, 8861472, 8866960, 8867320, 8871180, 8876224, 8866068, 8874880, 8871948, 8870036, 8870760, 8871496, 8856516, 8859704, 8868664, 8860456, 8864964, 8868712, 8866612, 8874088,
 8870692, 8871480, 8862496, 8874384, 8866396, 8862112, 8867856, 8865892, 8864808, 8872612, 8867320, 8861712, 8867216, 8867396, 8870956, 8876448, 8866168, 8875304, 8872164, 8870148, 8871356, 8871752, 8856664, 8859836, 8868564, 8860140, 8865236, 8868348, 8866836, 8873864,
 8871080, 8872068, 8862368, 8874400, 8866160, 8861876, 8867764, 8865932, 8865112, 8871876, 8867452, 8861392, 8866872, 8868904, 8871260, 8876384, 8866184, 8875268, 8871888, 8870272, 8871364, 8871648, 8856928, 8859848, 8869288, 8859824, 8865456, 8868824, 8866572, 8874456,
 8871616, 8872632, 8862752, 8875140, 8866668, 8862172, 8868312, 8865844, 8865456, 8872912, 8867580, 8862264, 8867608, 8869480, 8872000, 8876668, 8866808, 8875428, 8871984, 8870508, 8872004, 8872040, 8857536, 8860340, 8869300, 8859880, 8865436, 8869704, 8866840, 8874972,
 8871652, 8872164, 8862976, 8875144, 8866852, 8862028, 8868244, 8866092, 8865484, 8872596, 8867720, 8862416, 8867528, 8869808, 8871416, 8876564, 8866800, 8875636, 8872180, 8870584, 8871716, 8872140, 8857636, 8860308, 8869004, 8859448, 8865652, 8869368, 8867196, 8874428,
 8871592, 8872520, 8862840, 8874476, 8867260, 8862232, 8868024, 8866208, 8865280, 8872628, 8868100, 8861756, 8867204, 8869704, 8871744, 8875776, 8866680, 8875960, 8873968, 8870536, 8871604, 8871536, 8858408, 8860440, 8869484, 8859792, 8865172, 8869560, 8867332, 8874532,
 8871320, 8872604, 8862884, 8874572, 8867024, 8862012, 8868308, 8866212, 8865332, 8872636, 8867924, 8861792, 8867240, 8869716, 8871520, 8875760, 8866540, 8876148, 8873924, 8870540, 8871476, 8871628, 8858132, 8860580, 8869660, 8859676, 8865440, 8869572, 8867364, 8874712,
 8872156, 8872180, 8863472, 8874612, 8868116, 8862928, 8868516, 8866568, 8866192, 8872408, 8868628, 8862708, 8867652, 8870052, 8871240, 8876712, 8867416, 8876488, 8874368, 8871512, 8872196, 8871980, 8859020, 8860560, 8869692, 8859568, 8865920, 8869688, 8867648, 8874752,
 8871996, 8872564, 8863360, 8874348, 8867388, 8862924, 8868396, 8866432, 8865820, 8872460, 8868392, 8862088, 8867160, 8869460, 8870820, 8876116, 8867236, 8876020, 8874440, 8870820, 8872200, 8871640, 8858296, 8860216, 8870068, 8860168, 8865932, 8869884, 8867072, 8874724,
 8871452, 8872292, 8863388, 8874292, 8867308, 8862480, 8868340, 8866624, 8865848, 8872404, 8868172, 8862148, 8867112, 8869388, 8870728, 8876152, 8867208, 8876012, 8874244, 8870832, 8872128, 8871820, 8858424, 8860228, 8869812, 8860112, 8866068, 8869580, 8867132, 8874652,
 8871784, 8872712, 8863808, 8874996, 8867692, 8862892, 8868828, 8867032, 8866724, 8872904, 8868176, 8862632, 8868112, 8870100, 8870680, 8876996, 8867556, 8876732, 8874436, 8871404, 8872580, 8872876, 8861504, 8861136, 8870100, 8860680, 8866272, 8869976, 8867512, 8875072,
 8871404, 8872916, 8863704, 8875080, 8867176, 8862844, 8868180, 8867368, 8866368, 8872636, 8868396, 8862940, 8867712, 8870196, 8871488, 8876768, 8867120, 8878352, 8874628, 8875148, 8874400, 8872912, 8861492, 8863080, 8870312, 8860668, 8866152, 8869964, 8867996, 8875352,
 8871460, 8872144, 8863628, 8875140, 8867348, 8862252, 8868236, 8867024, 8866412, 8872672, 8868468, 8862712, 8867408, 8870136, 8871004, 8876920, 8867116, 8878504, 8874392, 8875192, 8874212, 8872832, 8861392, 8863112, 8870032, 8860372, 8866092, 8869716, 8867688, 8874840,
 8871816, 8872108, 8863504, 8875216, 8867720, 8862656, 8868636, 8866664, 8865752, 8872836, 8868624, 8863012, 8867536, 8870284, 8871216, 8877452, 8867388, 8879012, 8876792, 8875024, 8874332, 8872728, 8863428, 8863240, 8870256, 8860320, 8866232, 8869600, 8868692, 8874896,
 8872164, 8872092, 8863592, 8875032, 8867700, 8862912, 8868708, 8866644, 8865856, 8872600, 8868556, 8863028, 8867772, 8870604, 8871216, 8877392, 8867252, 8878976, 8876740, 8875060, 8874296, 8872816, 8863188, 8863064, 8870612, 8860600, 8866180, 8869824, 8868392, 8875080,
 8872096, 8871448, 8863632, 8875808, 8868036, 8862716, 8868952, 8866888, 8865768, 8872320, 8868564, 8863132, 8868492, 8870856, 8870540, 8877312, 8867228, 8878848, 8877084, 8877892, 8874512, 8872472, 8863412, 8863316, 8869980, 8860708, 8866276, 8869432, 8868264, 8874456,
 8871984, 8872460, 8863664, 8875296, 8867616, 8862608, 8868896, 8867124, 8865440, 8872496, 8868088, 8862460, 8867520, 8870620, 8870780, 8877288, 8867164, 8878728, 8877352, 8877492, 8874424, 8872300, 8863508, 8862948, 8872188, 8860952, 8865936, 8869668, 8868036, 8874624,
 8872212, 8872216, 8863724, 8875076, 8867612, 8862312, 8869000, 8867044, 8865376, 8872432, 8868100, 8862564, 8867548, 8870648, 8870392, 8877440, 8867176, 8878756, 8877300, 8877612, 8874560, 8872344, 8863720, 8864900, 8871836, 8860408, 8866104, 8869596, 8868188, 8874396,
 8872188, 8872848, 8863668, 8875276, 8868028, 8862368, 8869316, 8867236, 8865940, 8872212, 8868292, 8862356, 8868112, 8869976, 8871368, 8877644, 8867816, 8878696, 8877620, 8877516, 8874628, 8872172, 8864348, 8864960, 8872092, 8860532, 8868468, 8870100, 8868380, 8874604,
 8872372, 8873568, 8863944, 8875184, 8867816, 8862888, 8869408, 8867572, 8866512, 8872576, 8868964, 8862888, 8868540, 8870064, 8871756, 8877696, 8867944, 8879004, 8877856, 8877660, 8875020, 8872336, 8864024, 8867116, 8872976, 8860808, 8868668, 8870616, 8868832, 8875060,
 8872460, 8873164, 8863980, 8875288, 8867728, 8862648, 8869488, 8867404, 8866484, 8872760, 8869108, 8862932, 8868428, 8870176, 8871208, 8877748, 8868120, 8879364, 8877924, 8877820, 8875032, 8872472, 8863844, 8867120, 8872696, 8860328, 8868704, 8869924, 8868548, 8874540,
 8872432, 8873264, 8865500, 8875256, 8867680, 8863092, 8869648, 8866608, 8865920, 8872900, 8868848, 8862432, 8868496, 8870556, 8871812, 8877548, 8867844, 8879128, 8877692, 8877972, 8874624, 8872564, 8863856, 8867240, 8872584, 8860324, 8868724, 8870140, 8868488, 8874804,
 8873068, 8874924, 8865492, 8875564, 8867600, 8863160, 8869448, 8867024, 8866176, 8872964, 8868852, 8862732, 8868888, 8870412, 8871316, 8877920, 8868176, 8879180, 8877408, 8878148, 8874412, 8872956, 8864076, 8867372, 8872396, 8860192, 8868988, 8869868, 8868456, 8874656,
 8872752, 8875200, 8865080, 8875168, 8867328, 8862840, 8868912, 8866272, 8865660, 8872536, 8868296, 8862476, 8868332, 8869968, 8871152, 8877432, 8867856, 8878940, 8876876, 8877864, 8873984, 8872468, 8863900, 8867240, 8872292, 8860232, 8868560, 8869828, 8867912, 8874228,
 8872772, 8877072, 8865412, 8875516, 8867680, 8862844, 8869632, 8866280, 8866024, 8872908, 8868216, 8863068, 8868860, 8870376, 8871516, 8877960, 8868264, 8879748, 8877448, 8878444, 8874296, 8872520, 8866308, 8867728, 8872076, 8860468, 8868924, 8869952, 8868596, 8874832,
 8872660, 8877496, 8865276, 8875260, 8867952, 8863036, 8869936, 8866196, 8865632, 8872868, 8868520, 8862692, 8868676, 8870340, 8871260, 8878132, 8867928, 8879192, 8877396, 8878492, 8874548, 8872452, 8865992, 8867428, 8872564, 8861220, 8868624, 8870332, 8870440, 8875444,
 8872748, 8877196, 8865688, 8875356, 8867904, 8862444, 8869752, 8866348, 8865676, 8872856, 8868688, 8862324, 8868608, 8870512, 8871036, 8878068, 8867996, 8879392, 8877056, 8878700, 8874600, 8872388, 8865732, 8867360, 8872472, 8861252, 8868680, 8869976, 8870192, 8874852,
 8873404, 8877308, 8865816, 8875640, 8867928, 8862684, 8869632, 8867080, 8865528, 8873304, 8868452, 8862312, 8868856, 8870308, 8871640, 8878500, 8867412, 8879556, 8877328, 8878744, 8874592, 8874516, 8866072, 8867700, 8872948, 8861240, 8868508, 8870028, 8870384, 8877104,
 8873608, 8877748, 8866316, 8875520, 8868196, 8862604, 8869928, 8867364, 8866168, 8873208, 8868984, 8863076, 8869248, 8870576, 8871856, 8879016, 8867680, 8879932, 8877812, 8881184, 8876752, 8874876, 8866432, 8868076, 8873404, 8861112, 8869024, 8870672, 8870808, 8877188,
 8875700, 8877664, 8866132, 8875588, 8867976, 8862684, 8869972, 8867424, 8866220, 8873180, 8868916, 8863364, 8869172, 8870648, 8871688, 8878836, 8867608, 8879900, 8877660, 8881104, 8876572, 8874856, 8866348, 8868156, 8872808, 8861240, 8868968, 8870324, 8870568, 8876864,
 8875444, 8877788, 8866256, 8875652, 8868224, 8863192, 8870376, 8867332, 8866340, 8873208, 8868500, 8863288, 8868936, 8870600, 8871584, 8878892, 8867888, 8879792, 8877932, 8881048, 8877156, 8874956, 8866524, 8868196, 8873144, 8861472, 8868720, 8870504, 8870564, 8877032,
 8875236, 8877444, 8866284, 8875476, 8868220, 8862904, 8870216, 8867280, 8866196, 8873344, 8868792, 8863144, 8868716, 8870720, 8871100, 8878576, 8867800, 8879848, 8878144, 8881028, 8877228, 8874828, 8866492, 8868052, 8872692, 8861364, 8868592, 8869944, 8870560, 8876548,
 8874916, 8877812, 8865984, 8874956, 8868188, 8863056, 8869968, 8866760, 8866056, 8872996, 8869300, 8862736, 8868280, 8870240, 8871112, 8878380, 8867960, 8879880, 8878048, 8880788, 8876840, 8874656, 8866744, 8867772, 8872844, 8861408, 8868204, 8869972, 8870172, 8876616,
 8875220, 8877944, 8866068, 8875480, 8869248, 8862952, 8869920, 8867132, 8866552, 8873008, 8870212, 8863056, 8868492, 8870584, 8871280, 8878640, 8868284, 8880800, 8878560, 8880932, 8877084, 8874932, 8866856, 8868096, 8872780, 8861616, 8868900, 8869724, 8870140, 8876556,
 8875156, 8878500, 8870324, 8879632, 8877740, 8865216, 8870480, 8868964, 8873136, 8873788, 8874700, 8865184, 8870448, 8872944, 8871916, 8880752, 8868412, 8880384, 8878664, 8882704, 8879056, 8879208, 8874816, 8878680, 8883672, 8879044, 8868792, 8876284, 8874496, 8879092,
 8875052, 8878148, 8870436, 8879948, 8877672, 8864992, 8870656, 8869036, 8872952, 8874336, 8874432, 8865320, 8870772, 8873132, 8872244, 8880836, 8869872, 8880088, 8881004, 8882624, 8878772, 8881332, 8875080, 8879044, 8885932, 8881928, 8868868, 8876704, 8874320, 8878988,
 8875320, 8879048, 8871228, 8880752, 8878076, 8865668, 8871112, 8869940, 8873492, 8876916, 8874832, 8866324, 8871096, 8873688, 8872888, 8881236, 8870048, 8880440, 8883424, 8883428, 8878988, 8882012, 8875444, 8879540, 8886232, 8883908, 8869828, 8877024, 8875080, 8879284,
 8875680, 8878864, 8870280, 8880712, 8878416, 8865844, 8871304, 8870060, 8875540, 8876372, 8874664, 8865928, 8870932, 8873752, 8873356, 8881156, 8870240, 8880356, 8883628, 8883424, 8879128, 8881948, 8875512, 8879816, 8886328, 8884152, 8871540, 8876940, 8874748, 8879628,
 8875276, 8879128, 8869932, 8880424, 8877904, 8865392, 8870544, 8869768, 8874844, 8876300, 8874280, 8867744, 8870636, 8873720, 8873108, 8880824, 8869960, 8879892, 8883264, 8883108, 8878500, 8882044, 8875056, 8879236, 8886356, 8884484, 8871252, 8876752, 8874448, 8879720,
 8875096, 8878920, 8870060, 8880952, 8877960, 8865632, 8870436, 8869644, 8874752, 8878312, 8874344, 8867480, 8870812, 8874108, 8873044, 8880756, 8870508, 8879676, 8883612, 8883112, 8878128, 8882480, 8875004, 8878996, 8886268, 8884368, 8871280, 8876644, 8874400, 8879560,
 8875500, 8878812, 8870040, 8881464, 8878528, 8865356, 8871072, 8870120, 8875508, 8879044, 8875196, 8867808, 8871524, 8874500, 8873064, 8881056, 8871124, 8879728, 8884188, 8883488, 8879292, 8882260, 8875816, 8881888, 8887504, 8884172, 8872412, 8876468, 8874732, 8880036,
 8875360, 8879184, 8870324, 8880932, 8878588, 8865576, 8871488, 8870576, 8875480, 8878488, 8874704, 8870268, 8871088, 8874312, 8873444, 8880880, 8870796, 8879568, 8884008, 8885080, 8879236, 8882172, 8875236, 8881948, 8889356, 8886168, 8872168, 8878212, 8874580, 8879628,
 8875068, 8879328, 8870216, 8880604, 8878368, 8865528, 8870912, 8870552, 8877128, 8878180, 8874360, 8870032, 8871024, 8874216, 8873632, 8880636, 8870736, 8879692, 8883524, 8884752, 8879256, 8882208, 8875032, 8881712, 8889220, 8886532, 8871748, 8878364, 8874688, 8880120,
 8874672, 8878960, 8870548, 8880120, 8877768, 8865920, 8870436, 8870376, 8877068, 8878356, 8874524, 8869612, 8871188, 8874368, 8873096, 8880644, 8871068, 8879812, 8883404, 8884860, 8879188, 8881592, 8875004, 8881344, 8889372, 8886412, 8871956, 8878536, 8874960, 8880512,
 8874956, 8878844, 8870408, 8881156, 8878288, 8866020, 8870536, 8870708, 8877092, 8878552, 8874456, 8869976, 8872064, 8874648, 8873440, 8881364, 8871456, 8880560, 8883264, 8885200, 8879224, 8882220, 8875252, 8881672, 8889776, 8889208, 8871932, 8878468, 8875488, 8880760,
 8874860, 8879144, 8870884, 8880940, 8878056, 8865452, 8870660, 8870576, 8877028, 8878636, 8874440, 8869908, 8871552, 8874832, 8873132, 8881288, 8870964, 8880764, 8883172, 8884984, 8879124, 8882376, 8875392, 8881408, 8889360, 8891136, 8872072, 8877960, 8875380, 8880408,
 8874844, 8879408, 8870460, 8880756, 8878016, 8865528, 8870488, 8870540, 8876828, 8878376, 8874356, 8869624, 8871640, 8874696, 8873084, 8880992, 8870932, 8882684, 8883344, 8884932, 8878872, 8881824, 8875172, 8881448, 8889500, 8890900, 8872192, 8878220, 8874956, 8880332,
 8874792, 8878888, 8870328, 8880948, 8878816, 8865892, 8871060, 8870420, 8877416, 8878640, 8874848, 8870196, 8872084, 8875280, 8873360, 8881508, 8870820, 8883052, 8883956, 8885828, 8879456, 8881980, 8875744, 8882028, 8888992, 8891036, 8872608, 8878396, 8875156, 8880340,
 8875048, 8878676, 8870748, 8880948, 8878712, 8866104, 8871080, 8870744, 8877460, 8878708, 8875152, 8870000, 8871748, 8875740, 8873352, 8881384, 8871188, 8882472, 8883708, 8885848, 8879180, 8881892, 8877304, 8882056, 8888896, 8891344, 8872020, 8878824, 8875032, 8880464,
 8874952, 8878960, 8870476, 8880692, 8877884, 8866140, 8870980, 8870504, 8876988, 8878684, 8874632, 8869588, 8871460, 8874816, 8873260, 8880908, 8870880, 8882228, 8883500, 8885440, 8878716, 8881484, 8877112, 8881816, 8890968, 8891280, 8871508, 8878908, 8874684, 8880780,
 8875092, 8880780, 8870508, 8880884, 8878048, 8866348, 8870840, 8870732, 8876964, 8878220, 8874552, 8869436, 8871272, 8874868, 8873376, 8880400, 8870516, 8882196, 8883572, 8885332, 8878904, 8881776, 8877264, 8881820, 8890888, 8890888, 8871324, 8878580, 8874952, 8880872,
 8875744, 8881164, 8871152, 8881572, 8878428, 8866652, 8871788, 8871268, 8877628, 8879016, 8874816, 8870428, 8871708, 8874908, 8873548, 8881144, 8870792, 8882444, 8884516, 8885564, 8879512, 8882392, 8877996, 8882352, 8891080, 8890820, 8871708, 8878664, 8875524, 8881128,
 8875760, 8881496, 8871132, 8881464, 8878352, 8866072, 8871428, 8871640, 8877660, 8878400, 8874648, 8870136, 8871444, 8874672, 8873564, 8881084, 8870536, 8882408, 8884240, 8885272, 8879244, 8882192, 8877612, 8882392, 8890548, 8890772, 8871724, 8878500, 8875280, 8880560,
 8875552, 8883888, 8870856, 8881592, 8878500, 8866680, 8871484, 8873624, 8880352, 8878464, 8874624, 8873852, 8873656, 8874948, 8875884, 8881472, 8870476, 8882912, 8884608, 8885276, 8881548, 8882348, 8879408, 8884484, 8891100, 8897236, 8871620, 8881036, 8875360, 8882924,
 8875260, 8885464, 8872640, 8881256, 8878524, 8866388, 8871516, 8873476, 8882640, 8879052, 8874660, 8874168, 8874008, 8874908, 8875972, 8882132, 8870764, 8882980, 8887172, 8885484, 8881952, 8882340, 8880048, 8884492, 8891168, 8897140, 8871828, 8881132, 8874792, 8882616,
 8875228, 8885292, 8873120, 8881616, 8879236, 8866360, 8871832, 8873560, 8882972, 8879624, 8874876, 8874644, 8874348, 8875280, 8876156, 8882112, 8870676, 8883132, 8888168, 8885684, 8882004, 8882368, 8880620, 8884736, 8891500, 8897548, 8872280, 8881352, 8875972, 8883172,
 8875708, 8885320, 8873500, 8881872, 8878936, 8866440, 8871524, 8873376, 8882864, 8879260, 8874872, 8874404, 8874960, 8875860, 8876632, 8881704, 8871372, 8883484, 8888024, 8886036, 8882232, 8882348, 8879988, 8884008, 8893156, 8899732, 8872368, 8881056, 8875904, 8882796,
 8875532, 8885536, 8873364, 8881536, 8878668, 8866376, 8871120, 8873216, 8882736, 8879136, 8874620, 8873996, 8874252, 8875300, 8876228, 8881336, 8870952, 8883224, 8887616, 8885488, 8882460, 8881872, 8879860, 8883824, 8893376, 8899708, 8871712, 8880744, 8875396, 8885040,
 8875436, 8885636, 8873472, 8881484, 8878980, 8866572, 8871212, 8873652, 8883304, 8879396, 8874948, 8874204, 8874820, 8875144, 8876136, 8881564, 8871168, 8883280, 8887672, 8885472, 8882936, 8882028, 8880140, 8884508, 8893316, 8899236, 8872128, 8880352, 8875444, 8884960,
 8875460, 8885868, 8873852, 8881368, 8879828, 8866176, 8871832, 8874368, 8884008, 8879968, 8875724, 8874428, 8874932, 8875432, 8875664, 8882284, 8873924, 8883912, 8887636, 8886112, 8883068, 8882464, 8882388, 8884852, 8895432, 8899744, 8874792, 8880424, 8876320, 8884828,
 8877424, 8886048, 8873608, 8883808, 8879732, 8866644, 8872148, 8875024, 8884276, 8880940, 8878024, 8874844, 8875276, 8875604, 8878116, 8882360, 8874248, 8885452, 8888060, 8885984, 8885384, 8883260, 8882872, 8884780, 8895844, 8900388, 8876644, 8881072, 8878344, 8885108,
 8877148, 8886040, 8873152, 8883860, 8879348, 8866600, 8871460, 8874428, 8885336, 8880248, 8877348, 8876604, 8874656, 8875560, 8878088, 8881832, 8873616, 8887144, 8887388, 8885552, 8884836, 8882304, 8882376, 8884440, 8895840, 8904476, 8878364, 8883452, 8877948, 8885172,
 8877852, 8885876, 8873472, 8884168, 8879680, 8866756, 8872036, 8874912, 8885588, 8880044, 8877436, 8876832, 8875356, 8876100, 8878280, 8882316, 8873684, 8887420, 8887740, 8885876, 8884936, 8882580, 8882760, 8884432, 8896012, 8904308, 8878848, 8884180, 8878060, 8885800,
 8877716, 8886384, 8875684, 8884340, 8879576, 8868968, 8871848, 8875016, 8885332, 8880760, 8879696, 8876836, 8882260, 8875880, 8878544, 8882208, 8875784, 8887440, 8887940, 8888180, 8885060, 8882676, 8882992, 8885708, 8895740, 8904540, 8878508, 8885964, 8880388, 8886408,
 8877980, 8886480, 8876304, 8886896, 8880332, 8869140, 8872356, 8875776, 8888220, 8881288, 8880052, 8877392, 8885028, 8876636, 8878336, 8883052, 8876016, 8888036, 8888648, 8889040, 8885636, 8883044, 8882860, 8885956, 8896168, 8904728, 8879020, 8885984, 8881516, 8886348,
 8877692, 8886224, 8875836, 8886328, 8880276, 8869336, 8874192, 8875436, 8887772, 8881096, 8880088, 8876932, 8884168, 8876328, 8878360, 8882500, 8875748, 8887972, 8888188, 8888188, 8885076, 8883096, 8882252, 8885784, 8896208, 8904644, 8878808, 8885928, 8881092, 8886244,
 8877016, 8886064, 8875772, 8886680, 8880240, 8869124, 8874440, 8875288, 8887316, 8882636, 8880308, 8876892, 8884080, 8875960, 8880852, 8882648, 8875992, 8887816, 8888244, 8888380, 8884584, 8883636, 8882176, 8886960, 8896472, 8904936, 8879208, 8885996, 8881028, 8886552,
 8877572, 8886628, 8875952, 8886748, 8880312, 8869852, 8874768, 8875632, 8887584, 8882928, 8884444, 8880800, 8885932, 8878328, 8881428, 8884552, 8876108, 8888256, 8890104, 8888400, 8886872, 8883680, 8882632, 8890776, 8899264, 8905256, 8882052, 8886448, 8881160, 8886884,
 8878116, 8887016, 8875900, 8886784, 8880456, 8869884, 8874384, 8875340, 8887604, 8882780, 8884960, 8880964, 8885888, 8878248, 8881424, 8884704, 8876956, 8888292, 8890064, 8887916, 8887008, 8883716, 8884668, 8891564, 8898904, 8905520, 8882272, 8886356, 8881008, 8887236,
 8878116, 8886912, 8878568, 8887304, 8880956, 8869816, 8876716, 8877768, 8888356, 8883192, 8885480, 8881332, 8886252, 8878588, 8883224, 8885284, 8877100, 8888684, 8894492, 8888156, 8887604, 8884048, 8884928, 8891564, 8898996, 8905452, 8882884, 8886004, 8881140, 8889028,
 8878372, 8887184, 8878908, 8887188, 8880180, 8870268, 8877168, 8878264, 8888716, 8882580, 8885372, 8883408, 8886740, 8878324, 8883608, 8885168, 8877032, 8889384, 8894672, 8888792, 8887380, 8884072, 8885160, 8891384, 8900888, 8905388, 8883108, 8886196, 8881420, 8888988,
 8878380, 8887560, 8878856, 8887500, 8880376, 8871048, 8879612, 8878432, 8888388, 8883136, 8885384, 8883716, 8886920, 8878356, 8884012, 8885108, 8877012, 8889748, 8896632, 8889364, 8887416, 8883968, 8885452, 8891076, 8901700, 8905940, 8882828, 8886076, 8881940, 8889392,
 8878156, 8886940, 8878424, 8886976, 8880300, 8870624, 8879056, 8878016, 8887908, 8882796, 8885124, 8883004, 8886636, 8878204, 8883752, 8884940, 8876500, 8889316, 8896028, 8888772, 8887172, 8883724, 8885068, 8890940, 8901344, 8905400, 8882584, 8886140, 8881464, 8889208,
 8878036, 8886588, 8880840, 8887132, 8880692, 8870696, 8878900, 8878504, 8889916, 8883236, 8889560, 8883556, 8886524, 8880452, 8883696, 8885456, 8876928, 8891384, 8896552, 8888680, 8887068, 8883900, 8885208, 8891072, 8901696, 8905512, 8884508, 8886160, 8881428, 8889524,
 8878668, 8886512, 8880920, 8889804, 8881224, 8873040, 8881576, 8878272, 8890452, 8883552, 8889680, 8883716, 8886736, 8880672, 8884252, 8885944, 8877308, 8891668, 8897200, 8889340, 8887788, 8884320, 8885788, 8891036, 8901916, 8907976, 8884504, 8887052, 8881896, 8889932,
 8879084, 8886456, 8880612, 8889920, 8881080, 8872832, 8881388, 8878412, 8890492, 8883484, 8889324, 8883268, 8887344, 8880100, 8884316, 8885560, 8877396, 8891412, 8897476, 8889024, 8887644, 8884248, 8885476, 8890680, 8901492, 8908008, 8884988, 8887100, 8881728, 8889612,
 8878876, 8886432, 8880628, 8889768, 8881096, 8873000, 8881436, 8878304, 8890368, 8883240, 8889092, 8883144, 8886920, 8880272, 8884328, 8885468, 8876776, 8891380, 8897120, 8888732, 8887660, 8884184, 8885236, 8890704, 8901732, 8908040, 8884712, 8887152, 8881712, 8889604,
 8878996, 8886620, 8880812, 8889888, 8880932, 8873052, 8881644, 8878240, 8890760, 8882988, 8889248, 8882828, 8887136, 8880240, 8883880, 8885528, 8876812, 8891364, 8897220, 8889008, 8888012, 8884408, 8885380, 8890704, 8901488, 8912208, 8884640, 8887004, 8881632, 8889536,
 8879008, 8887320, 8880916, 8891060, 8881376, 8873364, 8882688, 8878832, 8890920, 8883600, 8890668, 8885768, 8887704, 8880428, 8884452, 8886104, 8877428, 8891932, 8897424, 8889380, 8888928, 8884904, 8885884, 8891564, 8902240, 8912312, 8884852, 8887836, 8882232, 8890036,
 8878984, 8887264, 8880684, 8890420, 8881588, 8877996, 8882668, 8879000, 8890916, 8883636, 8890276, 8885644, 8889844, 8882612, 8884548, 8886192, 8877624, 8892228, 8897588, 8891936, 8888948, 8884728, 8886480, 8891660, 8902368, 8914940, 8884856, 8887744, 8882784, 8890428,
 8879100, 8886780, 8880480, 8890432, 8881056, 8877896, 8881952, 8878524, 8890692, 8883556, 8889792, 8885376, 8889500, 8882564, 8886204, 8885668, 8877116, 8892072, 8897176, 8891572, 8890760, 8886524, 8886260, 8891392, 8902056, 8914380, 8884760, 8887160, 8882408, 8889836,
 8879532, 8887104, 8880800, 8890620, 8880924, 8877924, 8881828, 8878348, 8891040, 8883708, 8890572, 8885496, 8889672, 8882912, 8886328, 8886264, 8877172, 8893960, 8897812, 8891432, 8891084, 8887160, 8890240, 8891300, 8902528, 8914820, 8885396, 8887024, 8882312, 8890048,
 8879468, 8887372, 8881372, 8891004, 8881216, 8878816, 8881648, 8878892, 8892920, 8884016, 8891092, 8885176, 8890476, 8882560, 8887048, 8885784, 8877016, 8894248, 8897496, 8891524, 8890780, 8887336, 8890552, 8891668, 8902556, 8915440, 8885644, 8886864, 8882600, 8890232,
 8879452, 8887184, 8881288, 8890528, 8881236, 8878612, 8881380, 8879132, 8892904, 8884388, 8890768, 8884944, 8890004, 8882680, 8887144, 8885904, 8877528, 8894764, 8897896, 8891772, 8890308, 8887104, 8890272, 8891580, 8902288, 8915412, 8885352, 8886836, 8882748, 8890040,
 8879828, 8887152, 8881280, 8890572, 8881536, 8878476, 8881116, 8878904, 8893120, 8884324, 8891016, 8884944, 8889732, 8883144, 8887296, 8885612, 8877164, 8894296, 8897484, 8891544, 8890360, 8887404, 8890712, 8891992, 8902108, 8915036, 8884784, 8887136, 8882808, 8890488,
 8879436, 8887072, 8880824, 8890560, 8880964, 8877940, 8881044, 8878872, 8892804, 8884192, 8890920, 8885040, 8889424, 8883036, 8886840, 8885316, 8877144, 8894236, 8896836, 8891428, 8890252, 8887292, 8890276, 8891920, 8902276, 8914656, 8884504, 8887040, 8882392, 8889928,
 8879568, 8887332, 8881776, 8890676, 8881212, 8878484, 8881104, 8879068, 8893400, 8884500, 8891040, 8885712, 8890248, 8883516, 8886816, 8885364, 8878352, 8894476, 8896944, 8891840, 8890500, 8887880, 8890204, 8891760, 8902232, 8914588, 8884692, 8887588, 8883096, 8890408,
 8879872, 8886984, 8881636, 8890848, 8882820, 8878820, 8881292, 8879548, 8893264, 8884336, 8890580, 8886240, 8890300, 8883632, 8886524, 8885976, 8878560, 8895404, 8897500, 8891692, 8890700, 8887964, 8890076, 8892232, 8902440, 8917732, 8885108, 8887628, 8883296, 8890088,
 8879556, 8887308, 8881672, 8890840, 8882732, 8878536, 8881608, 8879088, 8893868, 8884860, 8892796, 8886292, 8890572, 8883484, 8886992, 8886148, 8878164, 8895068, 8898012, 8891836, 8890340, 8887940, 8889976, 8892008, 8902600, 8917536, 8884624, 8888280, 8882676, 8889656,
 8881272, 8887108, 8881652, 8890288, 8882876, 8878272, 8881068, 8878988, 8893204, 8884696, 8892676, 8885948, 8890236, 8883388, 8886808, 8885836, 8877636, 8894768, 8897728, 8891784, 8890248, 8887612, 8889916, 8891952, 8902284, 8917144, 8884584, 8887944, 8882512, 8889492,
 8881144, 8887408, 8881988, 8890132, 8883048, 8878232, 8881688, 8879300, 8893632, 8887068, 8892748, 8886700, 8890880, 8883720, 8887152, 8886212, 8877720, 8895320, 8897832, 8891568, 8890472, 8887408, 8892192, 8892380, 8902012, 8916876, 8884708, 8887712, 8883472, 8889824,
