 15384332, 15390264, 15334576, 15349168, 15342740, 15463276, 15398876, 15333676, 15357152, 15358916, 15401508, 15400984, 15453808, 15415480, 15363388, 15323356,
 15448728, 15469388, 15409396, 15420080, 15417152, 15531532, 15484032, 15405804, 15436076, 15436736, 15472848, 15481088, 15530676, 15488376, 15436324, 15399372,
 15486212, 15522744, 15460024, 15472628, 15475888, 15579024, 15534640, 15458688, 15488180, 15484168, 15526656, 15533748, 15589596, 15544436, 15488176, 15450252,
 15517704, 15564504, 15492316, 15511452, 15512260, 15620644, 15572708, 15494576, 15520544, 15518328, 15565012, 15569844, 15621164, 15573672, 15522444, 15479868,
 15529288, 15576088, 15497972, 15524332, 15523960, 15636436, 15591532, 15503004, 15524884, 15532696, 15578372, 15582040, 15631288, 15585372, 15528068, 15487548,
 15531784, 15580692, 15501580, 15525332, 15527492, 15645104, 15593384, 15508208, 15528788, 15536548, 15586716, 15580916, 15641020, 15589844, 15536372, 15493568,
 15535884, 15584516, 15500372, 15529588, 15530224, 15648660, 15601012, 15513508, 15532208, 15541740, 15583328, 15585232, 15639260, 15597748, 15540328, 15495456,
 15542372, 15588636, 15514756, 15528212, 15531000, 15654648, 15597020, 15520412, 15533148, 15538432, 15584720, 15596756, 15643344, 15602704, 15542428, 15499384,
 15542148, 15588264, 15506336, 15532572, 15533116, 15656336, 15604764, 15530260, 15541664, 15544020, 15590316, 15604352, 15647368, 15601644, 15541592, 15502624,
 15544140, 15591820, 15514092, 15530740, 15535984, 15657576, 15596284, 15541324, 15542872, 15541908, 15589876, 15612432, 15655128, 15604024, 15542448, 15499652,
 15546224, 15594656, 15515152, 15532664, 15543140, 15660576, 15596372, 15543300, 15541376, 15542924, 15589996, 15611748, 15660740, 15605456, 15545280, 15503972,
 15547452, 15607792, 15517336, 15535428, 15545652, 15662276, 15597676, 15543772, 15548240, 15543736, 15595196, 15617848, 15659584, 15609072, 15549776, 15507320,
 15546004, 15601076, 15518460, 15532960, 15547380, 15665568, 15597640, 15545700, 15542648, 15544936, 15594916, 15614588, 15660416, 15607128, 15548792, 15508536,
 15547884, 15613952, 15515660, 15534696, 15547940, 15664192, 15601688, 15546448, 15545356, 15547616, 15593732, 15608128, 15666228, 15610404, 15548284, 15507312,
 15549992, 15601472, 15518592, 15538900, 15550712, 15662560, 15599388, 15548072, 15545036, 15548212, 15593080, 15609876, 15661860, 15612388, 15548160, 15507260,
 15548204, 15614304, 15518652, 15539336, 15550384, 15664240, 15600036, 15548420, 15546440, 15550076, 15590492, 15613856, 15661652, 15605180, 15551848, 15509336,
 15551652, 15610084, 15520892, 15543312, 15552260, 15668708, 15601204, 15546996, 15549392, 15552936, 15592284, 15614884, 15663732, 15608992, 15557360, 15510808,
 15552936, 15609192, 15519536, 15540196, 15554164, 15671172, 15602656, 15550460, 15539456, 15554360, 15592560, 15614436, 15660616, 15612108, 15554088, 15507708,
 15551868, 15610232, 15522036, 15543368, 15553844, 15667456, 15601896, 15550140, 15546168, 15557660, 15595532, 15616244, 15660696, 15614640, 15552220, 15509952,
 15553292, 15609348, 15519820, 15543952, 15551080, 15670472, 15602804, 15552836, 15544960, 15555516, 15595304, 15617576, 15664136, 15619636, 15555996, 15508088,
 15554508, 15607232, 15525728, 15545292, 15555596, 15669256, 15601968, 15552512, 15547672, 15552556, 15596492, 15622584, 15664808, 15617576, 15554700, 15512616,
 15555032, 15614152, 15522896, 15544292, 15555596, 15670988, 15603280, 15550720, 15543748, 15554632, 15600492, 15623056, 15669556, 15618792, 15556348, 15510836,
 15555472, 15611432, 15522780, 15544896, 15555108, 15670884, 15602784, 15552268, 15551808, 15557792, 15602128, 15621788, 15675688, 15614324, 15558712, 15516452,
 15581576, 15649584, 15555996, 15559136, 15564492, 15676256, 15641716, 15563924, 15563852, 15585968, 15673764, 15630064, 15701872, 15619492, 15571764, 15526304,
 15591884, 15662932, 15568020, 15562732, 15570632, 15676720, 15654800, 15564180, 15558716, 15590748, 15684992, 15634152, 15700844, 15625088, 15577460, 15525056,
 15592440, 15674384, 15569616, 15569152, 15570372, 15678300, 15655608, 15566504, 15560104, 15592980, 15684096, 15636392, 15705944, 15631616, 15576572, 15526972,
 15600988, 15679408, 15570756, 15566668, 15573644, 15686180, 15658628, 15566652, 15562900, 15592560, 15684356, 15638136, 15712364, 15633080, 15579816, 15524656,
 15605132, 15681736, 15572840, 15570928, 15573580, 15692740, 15663604, 15566692, 15566984, 15593444, 15689880, 15642328, 15718924, 15629412, 15583564, 15528472,
 15611100, 15682304, 15572952, 15567856, 15573960, 15693452, 15666328, 15567668, 15569616, 15594372, 15691400, 15646656, 15718656, 15632560, 15588548, 15526676,
 15610156, 15683160, 15574472, 15567900, 15576808, 15697460, 15667232, 15565960, 15576092, 15592708, 15702480, 15641808, 15725924, 15638788, 15589324, 15533620,
 15612352, 15698252, 15577652, 15573392, 15575772, 15692668, 15670236, 15567684, 15570928, 15593964, 15703980, 15638024, 15729340, 15642180, 15584820, 15529652,
 15613188, 15700896, 15579644, 15571720, 15577936, 15692084, 15667556, 15566312, 15573068, 15595508, 15704748, 15645128, 15723612, 15649540, 15589732, 15534084,
 15617232, 15699980, 15584756, 15572504, 15574312, 15690504, 15669640, 15564900, 15574560, 15597524, 15699492, 15641560, 15728900, 15639140, 15589544, 15529636,
 15618136, 15708576, 15585132, 15568804, 15581604, 15689936, 15670540, 15567608, 15573044, 15594672, 15705856, 15640900, 15737332, 15634324, 15589480, 15533012,
 15619408, 15711208, 15579832, 15571668, 15576380, 15698244, 15673096, 15570412, 15576912, 15597216, 15703392, 15640560, 15735900, 15632348, 15586580, 15531316,
 15624760, 15705548, 15583856, 15574344, 15577512, 15696500, 15672644, 15565804, 15573060, 15595544, 15704732, 15641444, 15736760, 15632740, 15589616, 15534040,
 15621772, 15711080, 15582768, 15573720, 15582344, 15697368, 15670752, 15564612, 15573664, 15598304, 15712264, 15648436, 15744972, 15634420, 15591728, 15532972,
 15634432, 15712968, 15580616, 15583200, 15579688, 15696084, 15669272, 15568732, 15578244, 15606072, 15714636, 15637012, 15760100, 15636440, 15589328, 15532504,
 15633740, 15716736, 15579260, 15581240, 15577588, 15699132, 15667444, 15566740, 15578732, 15605932, 15718052, 15639152, 15765080, 15636980, 15594540, 15535824,
 15637272, 15721580, 15583012, 15584960, 15580412, 15694044, 15670184, 15570352, 15580728, 15610208, 15719028, 15640864, 15767960, 15636840, 15592728, 15536268,
 15643016, 15713708, 15581560, 15585008, 15580300, 15697852, 15669804, 15572376, 15578840, 15613276, 15714776, 15644548, 15770588, 15638492, 15596964, 15539344,
 15637144, 15718392, 15581592, 15575676, 15580688, 15696748, 15672644, 15570020, 15577244, 15613124, 15716840, 15640392, 15771804, 15636328, 15594640, 15536144,
 15636544, 15717432, 15582592, 15581128, 15579548, 15698776, 15668948, 15569976, 15576152, 15617336, 15719692, 15643344, 15776004, 15638032, 15595436, 15533612,
 15638888, 15722364, 15579740, 15579352, 15581460, 15698480, 15669884, 15571008, 15579320, 15614184, 15716848, 15643532, 15770000, 15642212, 15595012, 15533964,
 15634628, 15724580, 15590560, 15586992, 15588436, 15699236, 15673560, 15570524, 15589404, 15617748, 15754456, 15638168, 15779100, 15639360, 15605048, 15533824,
 15634576, 15729260, 15594976, 15584280, 15588452, 15700632, 15678412, 15573132, 15592028, 15619420, 15772732, 15639100, 15784564, 15639896, 15608680, 15537012,
 15636924, 15731124, 15600508, 15587816, 15588300, 15697960, 15678724, 15570156, 15592980, 15621048, 15776160, 15646896, 15789596, 15638016, 15611524, 15547532,
 15637836, 15728500, 15596432, 15582536, 15591912, 15701116, 15680884, 15569940, 15594716, 15620440, 15777480, 15641588, 15789880, 15639712, 15609952, 15542812,
 15639672, 15717316, 15599768, 15585476, 15590648, 15701160, 15684716, 15570476, 15593436, 15621220, 15782368, 15640808, 15789076, 15642168, 15609132, 15546140,
 15641780, 15717432, 15599700, 15590156, 15591452, 15700476, 15680240, 15570120, 15592196, 15618772, 15779220, 15639692, 15790648, 15641152, 15607520, 15544592,
 15641980, 15725228, 15602824, 15587120, 15587176, 15702516, 15682760, 15569168, 15592600, 15621132, 15777480, 15640284, 15794440, 15638712, 15608348, 15542732,
 15636868, 15723516, 15602284, 15585528, 15589512, 15700536, 15679208, 15570872, 15594868, 15624608, 15775368, 15641416, 15799536, 15644440, 15604492, 15552184,
 15639496, 15723588, 15599820, 15588940, 15592952, 15704536, 15680616, 15570972, 15595804, 15626696, 15779044, 15642004, 15804608, 15644580, 15606460, 15559816,
 15642484, 15727924, 15602344, 15588860, 15590396, 15703436, 15680104, 15570880, 15597412, 15623336, 15779192, 15643488, 15806740, 15646364, 15609056, 15563812,
 15642860, 15728804, 15599236, 15590116, 15591680, 15702768, 15682424, 15572944, 15600528, 15624244, 15784416, 15641840, 15809868, 15650668, 15608908, 15562776,
 15645528, 15727708, 15601864, 15593244, 15594480, 15702020, 15685816, 15573816, 15595896, 15624652, 15785248, 15641264, 15813360, 15650944, 15608612, 15567532,
 15644480, 15731944, 15600868, 15593840, 15592504, 15703824, 15678716, 15571524, 15599816, 15624848, 15787316, 15646400, 15817352, 15648892, 15609324, 15570160,
 15648908, 15734384, 15601440, 15608456, 15600228, 15695144, 15683804, 15573608, 15614340, 15628796, 15791840, 15650088, 15805564, 15647324, 15609460, 15590400,
 15650296, 15741392, 15601484, 15614324, 15602796, 15695452, 15689428, 15574660, 15619624, 15630220, 15796332, 15651148, 15807692, 15648312, 15616892, 15596876,
 15652432, 15743944, 15600572, 15615736, 15598608, 15701560, 15686896, 15577992, 15615756, 15628476, 15794952, 15655680, 15815720, 15650360, 15609948, 15596156,
 15644880, 15748180, 15605240, 15625960, 15597452, 15703540, 15686084, 15573972, 15615872, 15630692, 15798192, 15657152, 15814260, 15652280, 15615252, 15595700,
 15646980, 15744600, 15605280, 15624424, 15599432, 15703700, 15686244, 15578020, 15619512, 15635452, 15805444, 15665980, 15817304, 15653948, 15615068, 15600160,
 15646084, 15743264, 15604952, 15623012, 15599012, 15707844, 15692308, 15577288, 15622720, 15638264, 15804448, 15660472, 15814720, 15653152, 15615344, 15598844,
 15653312, 15748376, 15604656, 15622780, 15600696, 15703788, 15699192, 15577276, 15622688, 15638436, 15801648, 15656828, 15815888, 15649708, 15616496, 15599784,
 15653596, 15749300, 15603844, 15620452, 15601468, 15704992, 15703144, 15574616, 15625060, 15634360, 15800240, 15661012, 15813652, 15653720, 15619516, 15598764,
 15654552, 15748580, 15604248, 15624312, 15605692, 15705808, 15697536, 15577088, 15623348, 15635960, 15798116, 15660680, 15822612, 15651352, 15617376, 15602964,
 15654868, 15747664, 15605352, 15619708, 15606592, 15711868, 15701644, 15578524, 15624620, 15635248, 15799444, 15663196, 15821592, 15655140, 15622952, 15602304,
 15653932, 15756728, 15605360, 15623248, 15605156, 15715076, 15699372, 15574116, 15623296, 15637480, 15801296, 15664060, 15824560, 15656400, 15623800, 15597996,
 15657628, 15754508, 15604460, 15624072, 15604088, 15715404, 15702880, 15577240, 15623792, 15639668, 15806808, 15666384, 15824848, 15659076, 15624048, 15600896,
 15651844, 15753892, 15605276, 15625396, 15605996, 15728220, 15704724, 15575464, 15622980, 15654108, 15806604, 15666320, 15838460, 15652420, 15626828, 15603764,
 15650516, 15756696, 15606772, 15623768, 15608744, 15740184, 15704836, 15576588, 15621280, 15664128, 15826640, 15672488, 15852100, 15656556, 15630416, 15608948,
 15645208, 15752528, 15618296, 15617604, 15613452, 15733872, 15701820, 15574740, 15630828, 15669004, 15846172, 15680384, 15834820, 15657672, 15629780, 15606804,
 15647832, 15755092, 15616244, 15624516, 15609180, 15733524, 15704444, 15578436, 15633932, 15669832, 15856320, 15682152, 15836492, 15662208, 15634900, 15606476,
 15649884, 15754212, 15622956, 15623720, 15604872, 15737288, 15697328, 15577288, 15636540, 15676448, 15865484, 15689712, 15844952, 15659496, 15640032, 15613988,
 15649256, 15751372, 15623832, 15624196, 15604508, 15735492, 15703892, 15579040, 15633300, 15680172, 15871264, 15692184, 15851124, 15665664, 15640172, 15609612,
 15654180, 15759596, 15629032, 15622376, 15604368, 15736440, 15694260, 15579300, 15635348, 15680060, 15873024, 15689096, 15853228, 15667976, 15641520, 15613504,
 15653576, 15770240, 15632276, 15625924, 15607884, 15734252, 15706964, 15578340, 15634224, 15678412, 15874152, 15697052, 15833936, 15669492, 15635964, 15612984,
 15649356, 15762492, 15641936, 15625984, 15608436, 15737980, 15710668, 15578088, 15633428, 15682088, 15872936, 15702180, 15837452, 15669948, 15635676, 15609876,
 15650032, 15769916, 15645940, 15631152, 15618696, 15740728, 15723356, 15580800, 15633160, 15680316, 15871300, 15701144, 15838404, 15670976, 15638272, 15616360,
 15652036, 15771128, 15656992, 15629848, 15623760, 15738584, 15711548, 15584228, 15630604, 15678860, 15871508, 15704256, 15836544, 15672496, 15639732, 15615796,
 15651180, 15771084, 15642832, 15633388, 15627640, 15748112, 15721916, 15592392, 15632744, 15682224, 15876056, 15706016, 15841312, 15673088, 15639876, 15616720,
 15656252, 15770392, 15643284, 15631580, 15627696, 15743872, 15720832, 15590476, 15637868, 15684352, 15874612, 15718564, 15844760, 15681348, 15642684, 15616220,
 15661168, 15768400, 15646960, 15638324, 15647516, 15732956, 15730396, 15600700, 15646940, 15702032, 15890148, 15717668, 15833544, 15690428, 15645008, 15635436,
 15665420, 15774532, 15662932, 15650300, 15657784, 15736928, 15755508, 15597124, 15654876, 15703300, 15898384, 15721464, 15841424, 15700280, 15645304, 15642080,
 15669808, 15769976, 15666524, 15653828, 15659044, 15745912, 15775360, 15605940, 15659804, 15704068, 15895272, 15724288, 15844056, 15704300, 15658984, 15646880,
 15673128, 15773692, 15662816, 15652268, 15654232, 15749548, 15774848, 15600100, 15661172, 15706556, 15891552, 15722732, 15845296, 15707568, 15661152, 15644136,
 15672632, 15769132, 15673892, 15655368, 15655504, 15750748, 15806672, 15612508, 15672916, 15705820, 15897660, 15723772, 15846044, 15711080, 15666148, 15648932,
 15682804, 15768528, 15680596, 15660380, 15658412, 15754776, 15817420, 15616520, 15672084, 15708768, 15896760, 15727844, 15842760, 15718816, 15661204, 15644092,
 15684588, 15771704, 15683828, 15656792, 15656948, 15754032, 15817396, 15616928, 15676812, 15706076, 15895360, 15729760, 15846044, 15720836, 15659144, 15643048,
 15675720, 15776568, 15689648, 15654000, 15659744, 15753364, 15820028, 15624812, 15685200, 15712120, 15901248, 15745944, 15843064, 15717636, 15659048, 15646236,
 15677160, 15777744, 15695140, 15663244, 15666520, 15748420, 15825684, 15625872, 15700320, 15709840, 15906932, 15746500, 15839112, 15717604, 15657932, 15655252,
 15680848, 15769768, 15697228, 15667144, 15659352, 15752564, 15831932, 15631280, 15694020, 15714468, 15909996, 15746776, 15842304, 15718708, 15661072, 15660436,
 15681540, 15769608, 15704608, 15674240, 15659768, 15757756, 15832312, 15626992, 15695408, 15715112, 15908304, 15750320, 15848912, 15718108, 15660020, 15664176,
 15684168, 15770544, 15711436, 15669776, 15660608, 15769004, 15834116, 15631052, 15689312, 15725896, 15909104, 15747616, 15850964, 15720076, 15664184, 15663012,
 15698160, 15772756, 15712468, 15674568, 15658084, 15770780, 15833400, 15631172, 15691328, 15735172, 15910308, 15762628, 15850100, 15727372, 15667200, 15665660,
 15703960, 15782260, 15718732, 15675096, 15669312, 15772972, 15837444, 15626144, 15693976, 15744860, 15915016, 15767616, 15844836, 15724928, 15664636, 15669708,
 15701172, 15788912, 15740836, 15669908, 15674448, 15760572, 15838824, 15626432, 15692608, 15744604, 15913512, 15763900, 15847884, 15722008, 15660780, 15673904,
 15696668, 15787196, 15757760, 15674428, 15679152, 15762400, 15840124, 15629172, 15694320, 15748444, 15923220, 15763756, 15845880, 15722520, 15659680, 15672740,
 15697048, 15782928, 15756580, 15676024, 15680636, 15761484, 15845088, 15632676, 15702564, 15758412, 15929808, 15763708, 15844256, 15722396, 15663944, 15674492,
 15697836, 15796380, 15745284, 15704704, 15701684, 15782328, 15869152, 15628220, 15722108, 15773944, 15935548, 15761664, 15855484, 15739316, 15679620, 15676740,
 15697568, 15797268, 15743184, 15707368, 15705328, 15783728, 15866024, 15624016, 15723264, 15767736, 15937548, 15761960, 15856628, 15742996, 15681160, 15676856,
