 3784756,
 3785372,
 3785480,
 3785976,
 3785612,
 3785488,
 3785536,
 3785732,
 3788352,
 3785880,
 3788408,
 3788376,
 3788560,
 3788600,
 3786368,
 3786368,
 3786364,
 3786240,
 3786300,
 3788336,
 3788336,
 3788236,
 3788088,
 3787968,
 3787952,
 3789820,
 3789828,
 3790072,
 3790336,
 3790212,
 3790180,
 3790188,
 3790184,
 3790308,
 3790304,
 3790076,
 3786036,
 3786564,
 3786440,
 3786440,
 3786452,
 3786452,
 3785324,
 3784928,
 3785060,
 3788424,
 3792220,
 3793876,
 3793872,
 3793732,
 3794176,
 3794488,
 3795340,
 3798772,
 3799020,
 3799292,
 3799324,
 3799316,
 3799556,
 3799880,
 3799812,
 3800028,
 3800508,
 3801016,
 3799488,
 3800620,
 3800612,
 3800556,
 3800488,
 3800532,
 3800544,
 3800912,
 3800884,
 3801032,
 3801640,
 3801628,
 3800748,
 3800588,
 3800592,
 3802312,
 3802276,
 3802396,
 3802208,
 3803748,
 3803756,
 3802488,
 3802680,
 3802800,
 3802788,
 3803040,
 3805860,
 3806836,
 3806884,
 3806708,
 3807056,
 3807068,
 3807060,
 3807068,
 3807264,
 3807304,
