 14407304, 14403116, 14407248, 14410352, 14401084, 14410720,
 15738068, 15746952, 15757464, 15756820, 15751352, 15730932,
 15738536, 15749012, 15757844, 15761196, 15751552, 15731100,
 15739716, 15749692, 15758964, 15761448, 15752528, 15731924,
 15739888, 15749700, 15760916, 15761864, 15752656, 15731952,
 15740032, 15749828, 15761176, 15761996, 15753048, 15731812,
 15739908, 15750232, 15761300, 15761864, 15752900, 15731788,
 15739964, 15752668, 15762092, 15764404, 15753316, 15732172,
 15740336, 15752728, 15762420, 15764536, 15753752, 15732296,
 15740064, 15752700, 15762068, 15764540, 15754112, 15732672,
 15740528, 15753156, 15762016, 15764392, 15754236, 15739380,
 15740188, 15752860, 15761776, 15764260, 15754260, 15739056,
 15740188, 15752800, 15761940, 15764152, 15754464, 15738852,
 15740180, 15753116, 15761752, 15764868, 15754092, 15738496,
 15740008, 15753140, 15762428, 15764768, 15753728, 15739124,
 15740728, 15753120, 15762764, 15765232, 15754596, 15738720,
 15740328, 15753272, 15762120, 15765380, 15754040, 15740796,
 15740728, 15755792, 15762472, 15765252, 15756596, 15741004,
 15740516, 15755256, 15762248, 15765344, 15758568, 15740784,
 15740372, 15756728, 15762452, 15765580, 15758116, 15741376,
 15740436, 15756964, 15762352, 15765320, 15760164, 15741328,
 15740596, 15757064, 15762844, 15765872, 15766640, 15741336,
 15740840, 15757884, 15762852, 15765944, 15767036, 15741324,
 15740944, 15758140, 15762720, 15765936, 15767100, 15741464,
 15741716, 15757784, 15762996, 15766336, 15767228, 15741504,
 15741588, 15758008, 15762732, 15766444, 15773688, 15741528,
 15741148, 15757756, 15762560, 15766300, 15772932, 15743480,
 15741428, 15757524, 15762440, 15766340, 15775144, 15745704,
 15740964, 15757472, 15762332, 15766060, 15775148, 15745788,
 15740828, 15757340, 15762296, 15766176, 15774844, 15745752,
 15740976, 15757852, 15762304, 15766068, 15774736, 15745776,
 15741024, 15757848, 15762040, 15765936, 15774232, 15745628,
 15740732, 15759980, 15761780, 15765656, 15774260, 15745836,
 15741048, 15759932, 15762080, 15765944, 15776920, 15745380,
 15740928, 15759768, 15762576, 15765792, 15776816, 15745980,
 15741288, 15759480, 15762568, 15765928, 15776356, 15746160,
 15741352, 15759764, 15762612, 15765924, 15777036, 15746356,
 15741536, 15759744, 15762684, 15765616, 15776868, 15745960,
 15741616, 15759916, 15762576, 15765204, 15777052, 15746064,
 15741780, 15760040, 15762828, 15765284, 15777288, 15746916,
 15741440, 15760028, 15762712, 15764976, 15777204, 15746544,
 15741736, 15761848, 15762816, 15765292, 15777252, 15746444,
 15741248, 15761580, 15762736, 15765276, 15777336, 15746808,
 15741516, 15761556, 15762420, 15765276, 15776948, 15746760,
 15741484, 15762228, 15762736, 15765932, 15777352, 15746712,
 15741288, 15761808, 15762432, 15765876, 15777056, 15746136,
 15741180, 15761924, 15762192, 15765756, 15777180, 15746260,
 15741168, 15762292, 15762212, 15766264, 15777424, 15746212,
 15741260, 15762680, 15762220, 15766720, 15777944, 15746400,
 15741652, 15763956, 15762348, 15766400, 15777324, 15746216,
 15741576, 15764256, 15762472, 15765896, 15777524, 15746184,
 15741244, 15764356, 15762964, 15766620, 15776904, 15748132,
 15741248, 15764256, 15762452, 15766892, 15776776, 15747636,
 15741452, 15764076, 15762852, 15767280, 15779076, 15749536,
 15741960, 15764220, 15762932, 15767508, 15779020, 15749920,
 15742248, 15767260, 15762916, 15767500, 15779664, 15749796,
 15741780, 15766644, 15762716, 15767024, 15779640, 15749884,
 15741684, 15766768, 15762924, 15766708, 15779704, 15750136,
 15741312, 15766376, 15762568, 15767000, 15779704, 15750408,
 15741328, 15766632, 15762924, 15767012, 15779604, 15750256,
 15740744, 15766156, 15762916, 15766720, 15779956, 15750024,
 15740876, 15766424, 15762936, 15766856, 15779692, 15750216,
 15741116, 15766392, 15763032, 15767080, 15780308, 15750592,
 15741192, 15766372, 15762892, 15767060, 15779904, 15750304,
 15740856, 15766784, 15763084, 15766844, 15780272, 15750684,
 15740596, 15768556, 15762292, 15767080, 15780560, 15750436,
 15740576, 15769060, 15762680, 15766924, 15780284, 15750548,
 15740516, 15768500, 15762688, 15767040, 15779884, 15749756,
 15740640, 15768072, 15762072, 15766924, 15780028, 15749636,
 15740640, 15768548, 15762384, 15767084, 15780568, 15750248,
 15745432, 15774852, 15777520, 15777548, 15789080, 15776132,
 15745464, 15775016, 15777704, 15777332, 15790544, 15783048,
 15744832, 15774888, 15777664, 15777468, 15790244, 15789556,
 15745208, 15774916, 15779852, 15777456, 15790100, 15789544,
 15745356, 15774736, 15780472, 15777480, 15790268, 15789768,
 15747436, 15774892, 15780696, 15777452, 15790100, 15789764,
 15747120, 15774744, 15780424, 15777468, 15790236, 15789812,
 15753368, 15779140, 15780040, 15777776, 15790640, 15790632,
 15756100, 15780060, 15780420, 15777664, 15790556, 15791216,
 15756204, 15780184, 15780580, 15777456, 15790312, 15795700,
 15755720, 15779524, 15780568, 15777356, 15790032, 15795212,
 15755964, 15779624, 15780812, 15776988, 15790024, 15795844,
 15760660, 15786760, 15782936, 15783472, 15790116, 15802316,
