 4205824, 4199120, 4204080, 4203200, 4203288, 4203708, 4204684, 4203632,
 4206860, 4199444, 4205108, 4205848, 4204692, 4205612, 4206088, 4204420,
 4207180, 4200428, 4205588, 4206096, 4206296, 4205728, 4207064, 4205660,
 4207800, 4200868, 4207044, 4205928, 4207700, 4208004, 4207512, 4207396,
 4208528, 4202684, 4208480, 4206604, 4208408, 4208084, 4207988, 4207320,
 4208932, 4202964, 4208264, 4207488, 4208408, 4208440, 4207244, 4207848,
 4209552, 4203784, 4208248, 4207224, 4209536, 4208872, 4207644, 4208940,
 4210032, 4204048, 4208864, 4208416, 4208916, 4208996, 4208032, 4209700,
 4209968, 4203440, 4209156, 4208612, 4208852, 4209008, 4208416, 4209544,
 4210100, 4203904, 4209056, 4208828, 4208696, 4208480, 4208632, 4210404,
 4210480, 4205020, 4209344, 4208068, 4208416, 4208852, 4208880, 4210428,
 4210288, 4205316, 4210360, 4209000, 4208556, 4208916, 4209408, 4210484,
 4210520, 4205412, 4209992, 4209228, 4208896, 4209408, 4209080, 4211472,
 4210516, 4205788, 4210372, 4209460, 4209160, 4209528, 4208832, 4212604,
 4210080, 4205460, 4209688, 4209412, 4209096, 4209384, 4208520, 4212696,
 4210080, 4205524, 4209672, 4209040, 4209452, 4208904, 4208396, 4211968,
 4210528, 4207920, 4210116, 4209404, 4209880, 4209500, 4208824, 4213284,
 4210652, 4207936, 4210008, 4207760, 4209868, 4210400, 4209692, 4213212,
 4210612, 4208908, 4209660, 4209236, 4209276, 4209896, 4208452, 4213620,
 4210720, 4208580, 4209580, 4208492, 4209508, 4210764, 4209180, 4213456,
 4210580, 4208192, 4210952, 4208864, 4209012, 4210392, 4208932, 4214988,
 4210656, 4208404, 4210516, 4207884, 4209236, 4210832, 4208940, 4214800,
 4211076, 4207940, 4209928, 4206520, 4209380, 4210708, 4208940, 4215092,
 4210968, 4208728, 4210068, 4208888, 4210152, 4210876, 4208472, 4215060,
 4211184, 4210016, 4209432, 4208036, 4209672, 4210876, 4209372, 4214628,
 4211340, 4211024, 4210720, 4207540, 4209580, 4211000, 4209512, 4215992,
 4211092, 4211240, 4211744, 4207572, 4210248, 4211172, 4210676, 4215508,
 4211128, 4211768, 4211792, 4208972, 4210036, 4211344, 4210964, 4215544,
 4211112, 4211568, 4212584, 4208044, 4210040, 4211348, 4212116, 4215700,
 4211188, 4211452, 4211460, 4208176, 4209676, 4211356, 4211380, 4216040,
 4210888, 4211372, 4211272, 4207804, 4210496, 4210736, 4211396, 4216148,
 4213852, 4219188, 4214236, 4209464, 4212964, 4212924, 4212824, 4217356,
 4214572, 4219500, 4213584, 4209768, 4213788, 4213876, 4213412, 4217920,
 4214632, 4220004, 4214120, 4209624, 4213688, 4213344, 4213440, 4217260,
 4214848, 4217664, 4213588, 4210040, 4214568, 4213760, 4213608, 4217740,
 4216540, 4220224, 4213856, 4210460, 4215732, 4214428, 4214120, 4218824,
 4217200, 4221120, 4213768, 4210696, 4216144, 4215924, 4213944, 4218344,
 4217180, 4220080, 4214588, 4211716, 4216888, 4216420, 4215368, 4219052,
 4217540, 4221916, 4214688, 4210484, 4217000, 4216924, 4214972, 4219144,
 4217600, 4221836, 4214576, 4210900, 4216736, 4216736, 4215512, 4218644,
 4219044, 4223748, 4214760, 4213316, 4218240, 4216788, 4215128, 4220316,
 4219664, 4223748, 4216496, 4214556, 4217340, 4216788, 4215376, 4221308,
 4219644, 4223900, 4216920, 4213996, 4217308, 4215964, 4215064, 4220344,
 4219504, 4223696, 4216856, 4214584, 4216544, 4216688, 4214860, 4219832,
 4220664, 4225524, 4217636, 4216084, 4218976, 4217616, 4216872, 4221512,
 4221368, 4225756, 4217356, 4216532, 4219092, 4217872, 4217984, 4220376,
 4220732, 4226452, 4216920, 4216452, 4218964, 4217932, 4217716, 4221180,
 4221028, 4226932, 4217864, 4216160, 4219228, 4220040, 4218120, 4220856,
 4221812, 4226688, 4219164, 4217056, 4218288, 4220648, 4218948, 4222468,
 4222680, 4226640, 4219280, 4217240, 4218084, 4221008, 4218416, 4222052,
 4222544, 4226616, 4219424, 4217556, 4218424, 4220240, 4219088, 4222244,
 4222432, 4226980, 4219308, 4218052, 4218184, 4220772, 4219260, 4222244,
 4222632, 4227612, 4219352, 4218304, 4219496, 4219776, 4218512, 4223820,
 4222420, 4226876, 4219584, 4218328, 4219496, 4220116, 4218496, 4223176,
 4222980, 4228232, 4218196, 4218532, 4220428, 4220268, 4220480, 4222620,
 4223120, 4229192, 4219404, 4218608, 4220736, 4220840, 4221440, 4224836,
 4223120, 4230252, 4219440, 4218552, 4220680, 4220580, 4221304, 4225012,
 4223044, 4231084, 4218420, 4218452, 4220488, 4220468, 4221732, 4224616,
 4223788, 4230092, 4219428, 4218452, 4219896, 4221412, 4221440, 4223516,
 4223540, 4230340, 4219444, 4218372, 4219896, 4221412, 4221564, 4224384,
 4224416, 4231804, 4219108, 4218644, 4219732, 4220132, 4221176, 4225004,
 4224108, 4232092, 4218536, 4218716, 4220208, 4221136, 4221600, 4224448,
 4224096, 4231828, 4219164, 4218632, 4220032, 4221236, 4222156, 4224720,
 4224336, 4231828, 4219660, 4219064, 4220324, 4220908, 4221768, 4224284,
 4224120, 4231828, 4219472, 4219188, 4220448, 4221000, 4221876, 4225960,
 4224956, 4231836, 4218288, 4219216, 4220364, 4221644, 4220636, 4224856,
 4224196, 4231816, 4219260, 4219180, 4220952, 4221144, 4220928, 4224132,
 4223376, 4230672, 4220268, 4220828, 4219760, 4221780, 4222404, 4223284,
 4223524, 4232036, 4220600, 4221164, 4221588, 4221440, 4222832, 4224284,
 4222892, 4232180, 4220100, 4221252, 4221496, 4221124, 4222496, 4225540,
 4223076, 4231684, 4220780, 4220756, 4222144, 4222288, 4222528, 4225180,
 4223224, 4232000, 4221036, 4220760, 4221200, 4222076, 4222684, 4225876,
 4223176, 4232504, 4220080, 4220332, 4221548, 4221988, 4222468, 4225828,
 4222576, 4232344, 4220348, 4220552, 4221468, 4221608, 4222672, 4223460,
 4223372, 4234248, 4220664, 4220876, 4222012, 4221888, 4222688, 4225992,
 4222548, 4232628, 4220616, 4220664, 4221900, 4221868, 4223076, 4225364,
 4223556, 4233532, 4221004, 4221308, 4222500, 4223012, 4223348, 4225600,
 4222936, 4233228, 4220944, 4221208, 4222568, 4223004, 4223992, 4226028,
 4223252, 4233180, 4220996, 4221424, 4222584, 4223204, 4224688, 4225284,
 4223032, 4233660, 4221092, 4221132, 4222612, 4223388, 4225060, 4225636,
 4223156, 4233700, 4221104, 4221396, 4222508, 4223296, 4224624, 4225728,
 4222916, 4233692, 4221112, 4221552, 4222516, 4223276, 4224296, 4224856,
 4222732, 4233684, 4220408, 4221756, 4222492, 4223904, 4224268, 4225092,
 4223288, 4234164, 4220144, 4221724, 4222492, 4222432, 4224984, 4226136,
 4223352, 4233868, 4220492, 4221364, 4222864, 4223920, 4226316, 4226136,
 4223088, 4233792, 4221500, 4221832, 4223208, 4223544, 4226532, 4226524,
 4222864, 4234328, 4222020, 4221476, 4223048, 4223212, 4226788, 4225160,
 4222984, 4233644, 4221888, 4221872, 4223224, 4223348, 4227240, 4225060,
 4223348, 4234304, 4221912, 4222452, 4223340, 4223944, 4227664, 4224788,
 4223704, 4233932, 4222516, 4222916, 4222456, 4223944, 4226456, 4225472,
 4224620, 4234120, 4222672, 4222528, 4222596, 4224860, 4227100, 4226096,
 4224668, 4234656, 4222432, 4223072, 4223812, 4225612, 4227108, 4226888,
 4224668, 4234004, 4222880, 4222792, 4223812, 4224200, 4227060, 4226176,
 4224744, 4233972, 4222996, 4222792, 4223208, 4225144, 4228352, 4227776,
 4224816, 4234108, 4223100, 4222988, 4224196, 4225528, 4228316, 4228012,
 4224856, 4233988, 4222804, 4223112, 4222848, 4225052, 4226900, 4229076,
 4224700, 4234376, 4224820, 4224260, 4225608, 4225440, 4227584, 4228224,
 4225500, 4235244, 4225348, 4228244, 4226228, 4224960, 4228888, 4228296,
 4225592, 4234832, 4226664, 4228592, 4223944, 4225472, 4229388, 4229124,
 4224624, 4236152, 4225960, 4229252, 4227272, 4226676, 4229356, 4228132,
