 5632356, 5645192, 5638296, 5644912, 5637660, 5641412, 5645132, 5632628, 5640952, 5636948, 5643736, 5628404, 5643452, 5636248, 5642948, 5637156,
 5660120, 5678724, 5669764, 5676020, 5668284, 5672388, 5675248, 5664088, 5670184, 5667564, 5674428, 5660464, 5671920, 5665048, 5675764, 5669208,
 5675416, 5717020, 5708528, 5721844, 5711720, 5698636, 5717152, 5700848, 5711932, 5703144, 5714220, 5694160, 5710588, 5709384, 5718208, 5710964,
 5682500, 5725844, 5717604, 5728056, 5725104, 5709720, 5732084, 5712420, 5725532, 5716260, 5723892, 5704932, 5724588, 5722240, 5729040, 5717536,
 5687196, 5733612, 5720804, 5737232, 5732076, 5713432, 5737032, 5718600, 5730392, 5720444, 5730052, 5715772, 5729148, 5729948, 5735508, 5723832,
 5690676, 5737788, 5723112, 5739128, 5736048, 5717756, 5739256, 5723800, 5736660, 5725504, 5733556, 5718872, 5732076, 5733280, 5738352, 5727132,
 5691936, 5743112, 5723220, 5742848, 5737660, 5718692, 5740328, 5727892, 5737856, 5730916, 5735872, 5724164, 5735988, 5734740, 5741292, 5733288,
 5692956, 5745220, 5724964, 5745784, 5741308, 5719064, 5744544, 5733804, 5739344, 5736740, 5739468, 5725652, 5738344, 5740188, 5745276, 5738372,
 5694460, 5746832, 5726204, 5746652, 5742888, 5720056, 5745288, 5736780, 5740832, 5738972, 5741452, 5727884, 5739212, 5741800, 5746144, 5739488,
 5695072, 5747128, 5726536, 5747640, 5744372, 5722124, 5746364, 5741120, 5742900, 5740264, 5744076, 5728152, 5740660, 5744736, 5748336, 5740036,
 5695708, 5747624, 5726408, 5748220, 5745316, 5723112, 5747100, 5742196, 5743636, 5740008, 5745180, 5729020, 5743136, 5744736, 5747960, 5740772,
 5696136, 5748420, 5727344, 5748584, 5746056, 5723440, 5747680, 5743560, 5743472, 5741704, 5745508, 5728500, 5744580, 5745440, 5749408, 5741228,
 5696500, 5747800, 5727236, 5748172, 5745392, 5723840, 5747556, 5744264, 5743596, 5742200, 5746244, 5729612, 5744828, 5745316, 5749408, 5740732,
 5697316, 5748412, 5727912, 5748668, 5745144, 5723180, 5748284, 5744388, 5743760, 5741504, 5746500, 5729852, 5745084, 5746248, 5750380, 5742272,
 5697704, 5748784, 5728656, 5749400, 5744972, 5724048, 5748408, 5743980, 5744636, 5743240, 5747368, 5730968, 5745208, 5746496, 5750008, 5741528,
 5698540, 5749900, 5728780, 5748532, 5745592, 5724420, 5749276, 5744600, 5745004, 5742652, 5746872, 5732580, 5745456, 5747240, 5751124, 5742272,
 5698764, 5750332, 5728504, 5749152, 5745964, 5724912, 5749612, 5746956, 5745152, 5742256, 5747576, 5733080, 5745920, 5746688, 5751204, 5742580,
 5699260, 5749480, 5728256, 5749244, 5746088, 5725036, 5749332, 5746312, 5745772, 5743744, 5746864, 5732956, 5746648, 5747216, 5751716, 5742456,
 5700012, 5750588, 5729276, 5749860, 5746612, 5725380, 5750184, 5746436, 5745708, 5744108, 5748468, 5733176, 5748384, 5747340, 5751928, 5742640,
 5700524, 5750340, 5729664, 5750572, 5746984, 5725132, 5750152, 5747424, 5745212, 5745720, 5748084, 5734540, 5748228, 5747712, 5752812, 5743752,
 5700912, 5751656, 5729308, 5750432, 5747216, 5725616, 5750268, 5747796, 5745212, 5744820, 5748828, 5733936, 5749096, 5747784, 5752904, 5743096,
 5702400, 5750680, 5729680, 5751436, 5747372, 5725576, 5751012, 5748536, 5745832, 5746184, 5748828, 5734060, 5749960, 5748156, 5753400, 5743640,
 5706864, 5751052, 5730252, 5751468, 5748364, 5726460, 5750640, 5748908, 5746328, 5746400, 5748808, 5734864, 5751444, 5748324, 5753120, 5744632,
 5708956, 5752044, 5730016, 5751592, 5747480, 5726832, 5751352, 5749900, 5747320, 5745904, 5749552, 5734260, 5754416, 5748696, 5754020, 5743764,
 5710196, 5751548, 5730620, 5751344, 5748612, 5727700, 5751972, 5749528, 5748016, 5746276, 5750188, 5734400, 5757636, 5748588, 5753648, 5743608,
 5713436, 5752540, 5730000, 5751560, 5748612, 5727328, 5752220, 5750488, 5747396, 5747392, 5750312, 5735392, 5758628, 5749580, 5753028, 5744368,
 5716504, 5752276, 5730712, 5752176, 5749324, 5727452, 5751616, 5749512, 5748620, 5747608, 5751796, 5734296, 5760364, 5749828, 5754096, 5744936,
 5718232, 5751920, 5730960, 5753756, 5749200, 5728084, 5752452, 5750860, 5748776, 5749216, 5752416, 5734096, 5761852, 5749964, 5754360, 5746208,
 5718620, 5752044, 5730960, 5752388, 5749184, 5729696, 5752080, 5753584, 5749236, 5750688, 5753716, 5734236, 5763960, 5749792, 5754360, 5748176,
 5719612, 5752784, 5731488, 5753768, 5749680, 5730312, 5752824, 5753692, 5749872, 5751680, 5754080, 5734236, 5764576, 5749932, 5754624, 5748440,
 5720356, 5752536, 5731876, 5753272, 5749944, 5731056, 5752716, 5754436, 5749872, 5751960, 5753956, 5734360, 5765040, 5750924, 5755120, 5748348,
 5720492, 5753652, 5732868, 5753644, 5749960, 5730808, 5752344, 5754260, 5750120, 5754920, 5754824, 5735476, 5765056, 5751372, 5755368, 5748968,
 5726956, 5765820, 5740928, 5763952, 5759260, 5743488, 5767624, 5768692, 5766984, 5770048, 5773060, 5742156, 5773148, 5757200, 5766436, 5758376,
 5729684, 5766564, 5743904, 5767796, 5763368, 5743720, 5778412, 5770180, 5766736, 5770792, 5776280, 5744296, 5775760, 5759928, 5769660, 5761352,
 5731384, 5768036, 5750204, 5769880, 5767076, 5745332, 5782124, 5770788, 5768888, 5771984, 5777748, 5745036, 5778116, 5761040, 5771600, 5766744,
 5732856, 5771132, 5752080, 5769772, 5767940, 5746184, 5783472, 5771284, 5770268, 5774828, 5780508, 5747888, 5778704, 5761288, 5771724, 5767984,
 5733476, 5770244, 5753908, 5770268, 5768124, 5745952, 5785456, 5773268, 5774236, 5776084, 5778152, 5747780, 5779588, 5762264, 5772760, 5769808,
 5733848, 5772228, 5756388, 5771260, 5767996, 5748104, 5786444, 5772772, 5777212, 5780424, 5782260, 5749764, 5781712, 5761644, 5773132, 5770676,
 5740312, 5778568, 5760480, 5778204, 5770972, 5763032, 5789788, 5778352, 5784528, 5788004, 5795404, 5758584, 5786564, 5765876, 5779068, 5775544,
 5742296, 5777700, 5763456, 5777428, 5774320, 5764388, 5794656, 5779716, 5784776, 5786764, 5794552, 5760320, 5785572, 5766620, 5784028, 5776412,
 5745892, 5778196, 5764944, 5776932, 5775188, 5766496, 5797508, 5783312, 5787876, 5787740, 5795852, 5760320, 5788052, 5767488, 5785392, 5776412,
 5746988, 5779804, 5771028, 5781212, 5778248, 5769640, 5800452, 5783652, 5791100, 5787736, 5801444, 5760816, 5788504, 5767984, 5785392, 5776660,
 5747572, 5780160, 5770684, 5783784, 5778440, 5771896, 5804044, 5784304, 5790712, 5788340, 5803872, 5761660, 5788888, 5768092, 5785376, 5776892,
 5748316, 5781128, 5770996, 5783692, 5779136, 5774068, 5804212, 5785296, 5793920, 5787828, 5804864, 5763876, 5789076, 5768620, 5785204, 5778768,
 5750300, 5781888, 5772360, 5784620, 5779152, 5773324, 5805328, 5784412, 5794556, 5789068, 5806488, 5764372, 5790704, 5770968, 5786320, 5779636,
 5752968, 5789372, 5777564, 5791196, 5784392, 5780316, 5808708, 5788660, 5800508, 5793408, 5808148, 5769100, 5798020, 5773976, 5791188, 5783620,
 5754580, 5792968, 5776168, 5791444, 5785848, 5781500, 5810568, 5790768, 5799888, 5792168, 5811140, 5767560, 5796776, 5773480, 5791668, 5785976,
 5755036, 5794684, 5777408, 5793152, 5786584, 5782816, 5812036, 5789244, 5801748, 5792408, 5812160, 5768048, 5797520, 5773844, 5792896, 5787080,
 5760508, 5800512, 5781144, 5797880, 5788808, 5790428, 5814632, 5792852, 5807320, 5796636, 5811044, 5768680, 5799396, 5775704, 5796756, 5791048,
 5763112, 5801628, 5782880, 5800856, 5793764, 5789964, 5821468, 5796820, 5810916, 5798248, 5815756, 5771408, 5801752, 5779672, 5798244, 5792408,
 5762616, 5800680, 5786056, 5799492, 5793748, 5787336, 5822212, 5797068, 5809488, 5799440, 5814852, 5771384, 5802572, 5780756, 5796756, 5793524,
 5762104, 5803904, 5785560, 5799600, 5796180, 5785892, 5824816, 5803344, 5810744, 5798572, 5813256, 5771260, 5801316, 5780384, 5796632, 5794020,
 5762800, 5804168, 5787420, 5799676, 5796568, 5787172, 5826288, 5805700, 5817084, 5800520, 5820868, 5770516, 5801004, 5779764, 5797252, 5794904,
 5764396, 5806152, 5787344, 5799676, 5797092, 5787000, 5827528, 5806704, 5821068, 5802088, 5823844, 5770796, 5803128, 5782612, 5798568, 5794328,
 5768196, 5812272, 5788700, 5803920, 5801100, 5790660, 5831636, 5811264, 5827512, 5807540, 5825112, 5775880, 5805732, 5784604, 5806052, 5799676,
 5768072, 5810660, 5789936, 5802804, 5801344, 5791404, 5830892, 5813496, 5824908, 5806788, 5824012, 5774392, 5804616, 5785224, 5801728, 5801660,
 5767956, 5810908, 5790580, 5801448, 5801516, 5789704, 5831904, 5814008, 5824948, 5807552, 5821884, 5775624, 5803220, 5785696, 5801340, 5801560,
 5768312, 5811000, 5792812, 5802440, 5801700, 5790760, 5831656, 5813512, 5824840, 5807080, 5822552, 5775640, 5804120, 5785944, 5802084, 5801852,
 5767568, 5809884, 5792192, 5802004, 5804180, 5790884, 5831672, 5813140, 5826264, 5807328, 5822180, 5774120, 5804116, 5784952, 5801836, 5801972,
 5769176, 5810752, 5794052, 5803748, 5805672, 5790756, 5832804, 5814876, 5828776, 5807948, 5823808, 5775856, 5804116, 5785652, 5801704, 5802928,
 5769144, 5811008, 5794208, 5806088, 5806500, 5789792, 5832028, 5816216, 5828752, 5807096, 5823608, 5775732, 5804720, 5786404, 5802260, 5803524,
 5770416, 5812140, 5795728, 5810040, 5808760, 5787376, 5836372, 5817208, 5832180, 5810524, 5829112, 5773852, 5808488, 5787428, 5802728, 5804296,
 5770664, 5812140, 5795232, 5810800, 5811736, 5787904, 5834264, 5817828, 5834784, 5814492, 5834320, 5775340, 5808116, 5787428, 5801984, 5804188,
 5771888, 5811644, 5794240, 5812272, 5811736, 5788864, 5834248, 5817812, 5835884, 5813856, 5834284, 5776224, 5808516, 5785444, 5801968, 5803908,
 5773176, 5811396, 5794860, 5812908, 5811984, 5788028, 5834280, 5820184, 5837512, 5814772, 5836268, 5778020, 5808580, 5787460, 5802496, 5804652,
 5772304, 5812508, 5795104, 5813660, 5813344, 5788892, 5835016, 5821144, 5839248, 5815016, 5837508, 5780584, 5809272, 5787584, 5802860, 5805028,
 5772748, 5812240, 5794728, 5812716, 5815620, 5788428, 5835200, 5823404, 5839248, 5815880, 5837632, 5781064, 5808944, 5787956, 5802628, 5804564,
 5773632, 5811372, 5795224, 5813212, 5815496, 5788444, 5835280, 5824892, 5839212, 5816888, 5837508, 5781436, 5808264, 5787072, 5801208, 5803820,
 5774312, 5811524, 5796600, 5814420, 5816192, 5788816, 5837264, 5828024, 5838776, 5816156, 5839788, 5782040, 5807892, 5787580, 5802832, 5804656,
 5778856, 5815696, 5802476, 5819848, 5821032, 5793436, 5840412, 5833728, 5843164, 5822312, 5841928, 5789124, 5809568, 5790852, 5807376, 5804968,
 5779100, 5816560, 5804448, 5821460, 5822692, 5792936, 5840164, 5838192, 5844888, 5824172, 5842512, 5788284, 5810032, 5791964, 5803768, 5805340,
 5778788, 5817876, 5807392, 5822408, 5823180, 5792764, 5839916, 5839612, 5845816, 5824976, 5846216, 5788852, 5810600, 5791928, 5803860, 5805040,
 5778060, 5817504, 5807400, 5821912, 5824544, 5794096, 5840040, 5842464, 5846716, 5824620, 5847208, 5789396, 5810260, 5792440, 5804356, 5804824,
 5778800, 5818372, 5808484, 5823012, 5824048, 5794112, 5840288, 5842712, 5846500, 5824616, 5848108, 5789580, 5811128, 5792656, 5804728, 5805320,
 5781436, 5818992, 5810096, 5823028, 5827892, 5792888, 5843512, 5844572, 5851428, 5825856, 5851736, 5788712, 5812400, 5797088, 5807348, 5808668,
 5780940, 5819240, 5813568, 5825360, 5827372, 5794864, 5844472, 5847868, 5851428, 5825360, 5855704, 5788588, 5812524, 5795972, 5806352, 5809800,
 5785388, 5820352, 5819260, 5826724, 5830732, 5794980, 5843972, 5848704, 5855148, 5831928, 5858168, 5793020, 5812484, 5798200, 5811420, 5812108,
 5784272, 5822800, 5821084, 5825608, 5830236, 5796452, 5844592, 5847952, 5851548, 5829540, 5857300, 5793516, 5812236, 5799176, 5809140, 5812216,
 5785032, 5825420, 5821952, 5827344, 5830484, 5798232, 5843908, 5847452, 5852040, 5829804, 5858556, 5795408, 5811384, 5800556, 5809792, 5812124,
 5785280, 5824428, 5821348, 5827964, 5832096, 5797860, 5845520, 5848364, 5852008, 5832236, 5859112, 5794912, 5810640, 5800308, 5809668, 5812744,
 5786396, 5825248, 5821192, 5828228, 5833104, 5799100, 5845768, 5849188, 5852224, 5833872, 5857916, 5796988, 5811724, 5800648, 5810984, 5813520,
 5787652, 5824900, 5823832, 5827100, 5833244, 5798988, 5846244, 5850176, 5852164, 5835872, 5857924, 5797676, 5811940, 5801952, 5810548, 5814080,
 5789372, 5826156, 5829036, 5829080, 5836684, 5799204, 5846596, 5850020, 5852288, 5836632, 5858632, 5798916, 5812132, 5801564, 5811944, 5814296,
 5789964, 5825936, 5829812, 5828988, 5835368, 5800616, 5847836, 5851292, 5851576, 5835968, 5862556, 5798732, 5815884, 5803208, 5813356, 5817304,
 5790336, 5826432, 5829936, 5832476, 5835896, 5799872, 5847836, 5851556, 5852692, 5837952, 5867548, 5798360, 5817992, 5802712, 5812240, 5817180,
 5794056, 5827456, 5831544, 5838196, 5839136, 5799360, 5852828, 5853944, 5855452, 5844060, 5866464, 5801244, 5823352, 5804836, 5814752, 5818064,
 5795312, 5827772, 5830940, 5838816, 5838904, 5800664, 5851464, 5854936, 5854352, 5844772, 5865472, 5801864, 5822500, 5805672, 5815000, 5818824,
 5796624, 5828748, 5833976, 5839876, 5839556, 5801064, 5855416, 5855660, 5854472, 5845408, 5866708, 5800540, 5824316, 5805852, 5814036, 5817608,
 5796316, 5829912, 5834396, 5839844, 5839708, 5801640, 5856220, 5855704, 5853512, 5846520, 5865264, 5801188, 5825324, 5804180, 5814580, 5817776,
 5797556, 5830780, 5835388, 5840588, 5839088, 5801888, 5856112, 5854976, 5854536, 5851356, 5865636, 5801064, 5825944, 5807280, 5815944, 5818040,
 5801972, 5831648, 5836628, 5845456, 5840872, 5803500, 5856128, 5854296, 5858504, 5855572, 5868116, 5805000, 5828456, 5808164, 5816436, 5818892,
 5805660, 5832764, 5839604, 5845472, 5841848, 5804880, 5856748, 5854264, 5859124, 5855192, 5869900, 5807884, 5829712, 5808816, 5822760, 5819652,
 5807180, 5834912, 5838984, 5850200, 5846584, 5806236, 5858560, 5856016, 5856196, 5854628, 5869996, 5805956, 5829688, 5807948, 5823148, 5819404,
 5803420, 5834044, 5838004, 5850208, 5845080, 5805260, 5859336, 5855752, 5854600, 5852764, 5869268, 5808232, 5830796, 5806924, 5824388, 5818440,
 5804584, 5832804, 5839568, 5851744, 5843872, 5805616, 5861692, 5856156, 5855420, 5852592, 5869188, 5809472, 5830392, 5807388, 5824708, 5818748,
 5814752, 5840120, 5841672, 5852548, 5844120, 5806484, 5864048, 5858124, 5858024, 5854344, 5870320, 5810464, 5834484, 5810364, 5830908, 5825228,
 5812628, 5841608, 5842028, 5851664, 5841640, 5806608, 5862808, 5857380, 5857156, 5856824, 5871684, 5810464, 5833240, 5812968, 5828924, 5823756,
 5813000, 5841604, 5844400, 5851084, 5841636, 5805864, 5864616, 5857320, 5858812, 5858580, 5871460, 5810244, 5833152, 5811820, 5830936, 5824500,
 5810608, 5842580, 5844572, 5854124, 5843496, 5804392, 5864788, 5863568, 5861140, 5862068, 5870512, 5811812, 5834392, 5811528, 5828844, 5825400,
 5814576, 5847168, 5845192, 5854336, 5844116, 5806376, 5868632, 5861336, 5860768, 5859992, 5869800, 5811564, 5835880, 5819712, 5832440, 5829988,
 5815568, 5849772, 5844784, 5853964, 5845852, 5806948, 5872692, 5860840, 5864380, 5858504, 5869816, 5812060, 5837880, 5820084, 5833060, 5829632,
