 7339232, 7335020, 7331684, 7327388, 7334920, 7332380, 7335360, 7335356, 7331176, 7328524, 7335048, 7334716, 7333156, 7330852, 7336512, 7334552, 7328732, 7334276, 7332236, 7337100, 7334344, 7331820, 7333852, 7337860, 7333936, 7332760, 7332936, 7332968, 7330340, 7332924, 7332480, 7336684,
 7342752, 7340276, 7334940, 7332040, 7336252, 7336256, 7341716, 7339232, 7334772, 7333112, 7339544, 7337444, 7338628, 7335472, 7340480, 7340536, 7331988, 7336044, 7337740, 7339116, 7337848, 7334704, 7339804, 7340960, 7336632, 7335860, 7334888, 7340440, 7332480, 7337420, 7334836, 7339908,
 8664364, 8668664, 8662336, 8661400, 8661008, 8655044, 8657704, 8661620, 8662188, 8669472, 8668276, 8659996, 8659612, 8655152, 8663864, 8662524, 8654384, 8663412, 8668432, 8669140, 8670788, 8664208, 8664048, 8665572, 8662224, 8666632, 8658948, 8662580, 8663996, 8661384, 8660940, 8658792,
 8665724, 8670572, 8663496, 8666300, 8664636, 8656480, 8658536, 8663108, 8666064, 8670632, 8670008, 8660828, 8661064, 8658684, 8665664, 8664320, 8655560, 8665112, 8669788, 8670552, 8671784, 8669108, 8665656, 8667060, 8663712, 8668336, 8660588, 8663940, 8665852, 8662544, 8663928, 8660312,
 8666356, 8670984, 8664172, 8667172, 8665272, 8657296, 8661028, 8663280, 8667004, 8671556, 8670676, 8661372, 8661500, 8659204, 8666356, 8664764, 8655880, 8666052, 8670668, 8671328, 8672104, 8669520, 8666472, 8667884, 8664032, 8669120, 8661032, 8664260, 8666356, 8663204, 8666860, 8660940,
 8667116, 8672208, 8665084, 8668012, 8666764, 8657900, 8661692, 8663452, 8667676, 8672780, 8673132, 8662380, 8661860, 8659932, 8667500, 8665236, 8657104, 8666584, 8671764, 8671560, 8673108, 8670788, 8667332, 8668048, 8664744, 8670104, 8661696, 8664692, 8666972, 8664108, 8667300, 8661204,
 8668168, 8672692, 8665852, 8668192, 8669364, 8658640, 8662368, 8664260, 8668200, 8673084, 8673944, 8662612, 8662332, 8660320, 8667772, 8667828, 8659980, 8667104, 8671896, 8672444, 8673752, 8673200, 8667640, 8668764, 8665668, 8670588, 8664484, 8665676, 8667604, 8664756, 8668308, 8661504,
 8667912, 8672200, 8665488, 8668224, 8669044, 8658724, 8662252, 8664652, 8667920, 8672780, 8674220, 8662524, 8662580, 8660468, 8667800, 8667840, 8659900, 8666652, 8671732, 8672296, 8673888, 8673160, 8667508, 8669008, 8665716, 8670204, 8666400, 8665388, 8667944, 8665044, 8668408, 8661868,
 8668268, 8672940, 8665764, 8669140, 8669504, 8659344, 8664784, 8665444, 8668464, 8673432, 8675092, 8662948, 8663980, 8662952, 8668216, 8668812, 8660672, 8667624, 8672432, 8673088, 8674228, 8673692, 8667820, 8669536, 8666316, 8671080, 8666804, 8665944, 8668736, 8665168, 8668944, 8662512,
 8668312, 8673388, 8666196, 8669256, 8669416, 8659356, 8665028, 8664900, 8668832, 8673628, 8675252, 8663048, 8664132, 8663132, 8668372, 8668668, 8662768, 8667936, 8675668, 8676176, 8676996, 8676852, 8670992, 8671768, 8668888, 8673968, 8669308, 8665964, 8670884, 8665288, 8669368, 8664372,
 8668820, 8673996, 8666688, 8669700, 8670356, 8659592, 8665836, 8665384, 8669204, 8674064, 8675832, 8663456, 8664972, 8664068, 8668844, 8668936, 8663332, 8668572, 8675848, 8676832, 8677660, 8677012, 8671476, 8672580, 8669760, 8674496, 8669996, 8666588, 8671316, 8665912, 8669888, 8664636,
 8669268, 8674024, 8667012, 8669236, 8670200, 8659660, 8665928, 8665772, 8668984, 8674016, 8675984, 8663728, 8665052, 8664340, 8669356, 8669120, 8663392, 8668384, 8675424, 8677296, 8678464, 8679060, 8671660, 8673524, 8672524, 8674736, 8670160, 8666744, 8672088, 8667772, 8669848, 8665212,
 8668984, 8673676, 8666576, 8669076, 8669908, 8659500, 8666076, 8665972, 8668792, 8673908, 8675932, 8663508, 8664600, 8664296, 8669048, 8668868, 8662836, 8667984, 8675380, 8676924, 8678476, 8679040, 8671228, 8673940, 8672428, 8674208, 8669896, 8666248, 8672264, 8667708, 8669528, 8665472,
 8669664, 8673656, 8667228, 8669692, 8669812, 8659752, 8666388, 8665620, 8669104, 8674300, 8676076, 8663904, 8664488, 8664768, 8669312, 8669648, 8663064, 8668152, 8675668, 8677200, 8679492, 8679268, 8671412, 8674164, 8673324, 8674192, 8669928, 8666728, 8672752, 8667728, 8670336, 8666264,
 8669716, 8673924, 8667340, 8669876, 8669956, 8659648, 8666592, 8665344, 8669248, 8674492, 8676220, 8664140, 8664560, 8664556, 8669596, 8669256, 8663192, 8668064, 8675828, 8677344, 8679636, 8679256, 8671464, 8673888, 8672536, 8674288, 8670088, 8666492, 8672324, 8667780, 8670464, 8665864,
 8669796, 8674024, 8669220, 8670432, 8670264, 8660168, 8666956, 8665428, 8669420, 8674664, 8676188, 8664840, 8665272, 8665040, 8669456, 8669524, 8663684, 8668500, 8676344, 8677748, 8680380, 8679344, 8671964, 8674296, 8673244, 8674620, 8669968, 8667044, 8672284, 8668184, 8670752, 8665812,
 8669680, 8673644, 8669816, 8670396, 8670392, 8660580, 8666388, 8666528, 8668972, 8674368, 8676436, 8664652, 8665332, 8664808, 8669256, 8670140, 8663520, 8668544, 8676356, 8677684, 8680048, 8679536, 8672048, 8674720, 8673524, 8674432, 8669808, 8666564, 8672764, 8668216, 8670436, 8668052,
 8669628, 8673532, 8669728, 8670496, 8670216, 8660736, 8666508, 8666368, 8668636, 8674212, 8676460, 8664724, 8665012, 8664600, 8669248, 8669988, 8663616, 8668400, 8676352, 8677404, 8681836, 8679568, 8671756, 8674848, 8673424, 8674480, 8670056, 8666568, 8672664, 8668372, 8670388, 8667984,
 8669968, 8673968, 8669888, 8670380, 8670836, 8661052, 8666556, 8666436, 8669376, 8675160, 8676636, 8665348, 8665180, 8665040, 8669172, 8669436, 8664512, 8669228, 8676396, 8678264, 8682536, 8680280, 8672288, 8674860, 8675100, 8675292, 8670540, 8666904, 8672160, 8668412, 8670628, 8668168,
 8669788, 8673756, 8669420, 8669848, 8670336, 8660520, 8666368, 8666072, 8669084, 8674900, 8676136, 8665312, 8665236, 8665064, 8669212, 8669280, 8664184, 8668888, 8675892, 8677600, 8682092, 8679756, 8671968, 8674544, 8675020, 8675404, 8670348, 8666232, 8672152, 8667880, 8669948, 8667884,
 8669940, 8674544, 8670068, 8670408, 8670340, 8661212, 8666804, 8666028, 8669004, 8674876, 8676500, 8665428, 8665320, 8665268, 8669256, 8669540, 8664236, 8669108, 8676328, 8680080, 8682612, 8679896, 8671432, 8674964, 8675492, 8675444, 8670520, 8666648, 8672476, 8668004, 8670372, 8668952,
 8670000, 8675160, 8670504, 8670732, 8670724, 8661580, 8666820, 8666320, 8669528, 8675088, 8676772, 8667820, 8665580, 8665576, 8669732, 8670048, 8664484, 8669384, 8676708, 8680324, 8682844, 8680452, 8671548, 8674796, 8675604, 8675260, 8670604, 8666580, 8672280, 8668032, 8670884, 8668376,
 8670044, 8675192, 8670556, 8670812, 8670892, 8661624, 8667236, 8666472, 8669912, 8675232, 8676848, 8667596, 8665468, 8665588, 8669620, 8670016, 8664496, 8669240, 8676732, 8680368, 8685288, 8680404, 8671560, 8674912, 8675692, 8675520, 8670724, 8666732, 8672260, 8668200, 8670928, 8668296,
 8670056, 8674756, 8670216, 8670664, 8670696, 8661148, 8666808, 8666592, 8670184, 8674296, 8677000, 8667828, 8665108, 8665064, 8669536, 8670052, 8664032, 8668584, 8676752, 8680224, 8684900, 8680216, 8671896, 8675156, 8676332, 8675532, 8670544, 8666540, 8672312, 8668020, 8670640, 8668276,
 8670136, 8674540, 8670248, 8670516, 8670628, 8661072, 8666716, 8666100, 8670256, 8674212, 8676932, 8667580, 8664948, 8664980, 8669508, 8670068, 8663848, 8668556, 8676676, 8680040, 8684808, 8680312, 8671868, 8675184, 8675560, 8675600, 8670608, 8666472, 8671912, 8668060, 8670796, 8667776,
 8670172, 8674988, 8670284, 8670700, 8670736, 8661288, 8667100, 8666388, 8670384, 8674676, 8677064, 8667820, 8665472, 8665336, 8669976, 8670000, 8664096, 8668868, 8676960, 8680352, 8684916, 8680508, 8672068, 8675344, 8675620, 8676004, 8670840, 8666508, 8672376, 8668432, 8671124, 8668380,
 8670164, 8674532, 8670256, 8670632, 8670520, 8660868, 8666656, 8666344, 8670248, 8674464, 8676276, 8667416, 8665128, 8664944, 8669772, 8669656, 8664160, 8668652, 8676508, 8680040, 8684588, 8682092, 8671792, 8675548, 8677768, 8675752, 8670464, 8666652, 8672536, 8668564, 8670692, 8668728,
 8670204, 8674932, 8670064, 8670548, 8670780, 8660956, 8666728, 8665628, 8670320, 8674272, 8676300, 8667440, 8665224, 8664800, 8669860, 8669664, 8664076, 8668616, 8676348, 8679880, 8686616, 8682136, 8671756, 8675540, 8679536, 8675792, 8672556, 8666756, 8672224, 8668496, 8670780, 8668228,
 8670444, 8675224, 8670420, 8671056, 8671384, 8661056, 8667212, 8665876, 8670776, 8674700, 8676564, 8669600, 8665608, 8665432, 8670504, 8669500, 8664760, 8669332, 8676956, 8680340, 8687056, 8682972, 8672288, 8675484, 8682212, 8676032, 8673260, 8667284, 8672924, 8668944, 8671392, 8668528,
 8669968, 8675020, 8669424, 8670896, 8671452, 8661100, 8667140, 8666552, 8670316, 8674568, 8676636, 8669764, 8665116, 8665380, 8670200, 8669500, 8664692, 8669276, 8678840, 8679900, 8686952, 8682908, 8672280, 8675876, 8682344, 8675652, 8673236, 8667184, 8673132, 8668764, 8670932, 8669060,
 8669924, 8674920, 8669532, 8670744, 8671484, 8661116, 8667140, 8666120, 8670116, 8674380, 8676432, 8669564, 8665180, 8665164, 8670092, 8669352, 8664460, 8669340, 8678888, 8679948, 8686968, 8682584, 8672088, 8675728, 8681968, 8675700, 8673144, 8667200, 8672452, 8668656, 8671088, 8668272,
 8670128, 8675012, 8670104, 8670996, 8671320, 8661096, 8667604, 8666744, 8670580, 8674620, 8676960, 8669656, 8665468, 8665716, 8670260, 8669364, 8665040, 8669444, 8678948, 8679976, 8687304, 8683164, 8671996, 8675324, 8682180, 8676584, 8673804, 8667720, 8672584, 8668720, 8671304, 8668236,
 8670012, 8674920, 8669732, 8670576, 8671056, 8660568, 8667340, 8666792, 8670132, 8674356, 8676448, 8669192, 8664860, 8665112, 8669764, 8669284, 8664436, 8668932, 8678576, 8679544, 8687008, 8682420, 8671748, 8675420, 8682132, 8676180, 8673308, 8667192, 8672568, 8668596, 8671120, 8668560,
 8670164, 8675320, 8669992, 8670728, 8671564, 8661080, 8667476, 8666400, 8670376, 8674552, 8676340, 8669404, 8665468, 8664968, 8669744, 8669180, 8664340, 8669184, 8679084, 8679684, 8687440, 8682512, 8672024, 8675396, 8681992, 8676268, 8673676, 8666848, 8672824, 8668864, 8671256, 8668620,
 8670672, 8675224, 8670192, 8670140, 8671944, 8661156, 8667572, 8667204, 8670712, 8675188, 8676320, 8672056, 8665896, 8665312, 8670100, 8669456, 8664544, 8669104, 8679444, 8680136, 8688000, 8682804, 8672572, 8675488, 8682344, 8676656, 8674032, 8666956, 8672656, 8669100, 8671392, 8668884,
 8670528, 8674996, 8669984, 8670324, 8671496, 8660696, 8667224, 8667088, 8670336, 8674932, 8676076, 8671968, 8665556, 8665196, 8669868, 8669200, 8664252, 8668416, 8679144, 8679860, 8687544, 8682516, 8672116, 8675876, 8682428, 8676216, 8673344, 8666728, 8672992, 8668764, 8671168, 8669116,
 8670972, 8675648, 8670076, 8670400, 8671992, 8661004, 8667628, 8667024, 8671084, 8674952, 8676376, 8671952, 8666536, 8665248, 8669704, 8669376, 8664468, 8668752, 8679468, 8680600, 8687600, 8683072, 8671912, 8675516, 8682356, 8676316, 8673936, 8667148, 8672776, 8669272, 8671656, 8670624,
 8670468, 8679784, 8672084, 8670580, 8671892, 8660796, 8667352, 8667396, 8670888, 8674964, 8676432, 8671584, 8666560, 8665272, 8669604, 8669952, 8664340, 8669124, 8679276, 8680312, 8687096, 8683764, 8671972, 8675404, 8682404, 8676168, 8673556, 8666296, 8672856, 8668908, 8671120, 8670720,
 8670372, 8679844, 8671968, 8670856, 8671900, 8660692, 8667600, 8667420, 8670896, 8675164, 8676444, 8671744, 8666476, 8665168, 8669748, 8669864, 8664488, 8669012, 8679048, 8680464, 8687124, 8683900, 8671956, 8675800, 8682396, 8676196, 8673688, 8666448, 8673132, 8668912, 8671020, 8671084,
 8670772, 8680656, 8672660, 8670964, 8671836, 8661220, 8668156, 8666968, 8671216, 8675848, 8676768, 8671768, 8666692, 8665976, 8670044, 8670080, 8664436, 8668928, 8679708, 8680696, 8688064, 8684672, 8672776, 8675988, 8684160, 8676852, 8673848, 8667144, 8672668, 8669600, 8671232, 8670896,
 8670592, 8680600, 8672688, 8671292, 8671640, 8660940, 8667984, 8667864, 8670936, 8676272, 8676672, 8671548, 8666480, 8666276, 8670088, 8670132, 8664824, 8668692, 8679332, 8680632, 8687580, 8684748, 8672456, 8675596, 8684264, 8676516, 8673668, 8666956, 8673456, 8669180, 8671512, 8671684,
 8670476, 8680480, 8672696, 8670920, 8671876, 8660848, 8667836, 8667172, 8670672, 8676172, 8676412, 8671536, 8666460, 8666092, 8669952, 8669892, 8664416, 8668460, 8679108, 8680712, 8687608, 8684516, 8672336, 8675240, 8683812, 8676552, 8673804, 8667200, 8672932, 8669172, 8671328, 8670980,
 8670356, 8680696, 8673364, 8670936, 8672256, 8661268, 8667684, 8667436, 8670868, 8676032, 8676440, 8671768, 8666532, 8665568, 8669592, 8669952, 8664364, 8668588, 8679368, 8680080, 8688248, 8683920, 8672280, 8675164, 8684008, 8676548, 8674144, 8667120, 8673308, 8669160, 8671024, 8671348,
 8670400, 8680512, 8673164, 8670812, 8672112, 8661348, 8667532, 8667372, 8670808, 8675932, 8676512, 8671864, 8665920, 8665308, 8669696, 8669544, 8664320, 8668700, 8679264, 8680192, 8688048, 8683688, 8672176, 8675244, 8684076, 8676660, 8674116, 8667216, 8673284, 8668976, 8670980, 8671580,
 8671148, 8680828, 8673664, 8670520, 8672180, 8661572, 8667648, 8666916, 8670584, 8676124, 8677108, 8671872, 8666040, 8665432, 8670324, 8669136, 8663988, 8669068, 8679532, 8680568, 8688736, 8684080, 8672104, 8675108, 8683912, 8677144, 8674140, 8667360, 8673776, 8669088, 8670984, 8671136,
 8670668, 8680492, 8673204, 8670740, 8671456, 8661488, 8666992, 8667088, 8671008, 8675696, 8677128, 8671368, 8665348, 8664836, 8670092, 8669404, 8663900, 8668640, 8678708, 8681008, 8689012, 8683996, 8671888, 8675228, 8684024, 8676980, 8673652, 8667164, 8673852, 8668892, 8670428, 8671364,
 8670572, 8682520, 8673288, 8670596, 8671592, 8661408, 8667220, 8666860, 8670876, 8675840, 8677248, 8671472, 8665564, 8664896, 8670244, 8669492, 8664020, 8668652, 8678564, 8680896, 8688900, 8683776, 8671992, 8675220, 8683984, 8677240, 8673860, 8667408, 8673592, 8669228, 8670316, 8671136,
 8670664, 8683116, 8673632, 8671316, 8672304, 8662004, 8668328, 8667652, 8671720, 8676448, 8677348, 8672204, 8666412, 8665020, 8670280, 8669708, 8664400, 8669856, 8679280, 8681356, 8689152, 8684088, 8672720, 8675496, 8684496, 8677968, 8674916, 8668416, 8674012, 8669460, 8670924, 8670848,
 8670680, 8685464, 8676052, 8673684, 8676692, 8666280, 8674868, 8670644, 8674284, 8676804, 8679308, 8676784, 8670548, 8675632, 8675148, 8670020, 8665084, 8670396, 8681532, 8685880, 8689032, 8686100, 8677172, 8684064, 8693756, 8688420, 8695616, 8670728, 8699412, 8674088, 8677144, 8675360,
 8670624, 8685336, 8676236, 8673292, 8676060, 8666060, 8674660, 8670064, 8676284, 8676708, 8679228, 8678916, 8670176, 8675684, 8675224, 8669576, 8664848, 8670068, 8681312, 8686288, 8688580, 8686284, 8679396, 8684036, 8695340, 8688344, 8695504, 8670476, 8699296, 8673876, 8676736, 8674952,
 8671156, 8686132, 8676048, 8673544, 8676148, 8666632, 8675636, 8670064, 8677040, 8677000, 8679432, 8679428, 8671024, 8676136, 8675364, 8669744, 8665528, 8670296, 8681772, 8686432, 8689312, 8686628, 8679908, 8684292, 8695416, 8689076, 8695588, 8671472, 8702052, 8674128, 8676964, 8674704,
 8671196, 8685884, 8678200, 8673360, 8675928, 8666396, 8677620, 8670228, 8676540, 8677236, 8680080, 8679364, 8670792, 8675956, 8675156, 8669532, 8664968, 8670624, 8681928, 8686860, 8689132, 8686916, 8680172, 8684804, 8696096, 8689252, 8695608, 8671152, 8703064, 8674080, 8676828, 8674896,
 8671312, 8686024, 8678176, 8672992, 8676376, 8666024, 8677488, 8669884, 8676432, 8677316, 8679916, 8679324, 8672844, 8675956, 8675124, 8669688, 8665184, 8670584, 8681592, 8686316, 8689428, 8686576, 8679852, 8684808, 8695924, 8689072, 8695212, 8671344, 8702704, 8674056, 8677340, 8675120,
 8671612, 8686032, 8678244, 8673260, 8676528, 8666408, 8677380, 8671984, 8676724, 8677512, 8680184, 8679808, 8673688, 8676256, 8675220, 8669592, 8665552, 8670776, 8681720, 8686596, 8689360, 8687008, 8680364, 8684644, 8696584, 8689588, 8695508, 8671664, 8702324, 8674200, 8677364, 8675336,
 8671804, 8686048, 8678252, 8673260, 8676720, 8666872, 8677708, 8672252, 8676712, 8677740, 8680380, 8679132, 8673168, 8676392, 8675396, 8670312, 8665856, 8670776, 8681576, 8686764, 8688956, 8687128, 8680496, 8684540, 8696796, 8689196, 8695420, 8671820, 8703104, 8673964, 8677428, 8675336,
 8672112, 8686160, 8678384, 8673572, 8676852, 8667048, 8677576, 8672488, 8676936, 8677964, 8680496, 8679708, 8673448, 8676352, 8675340, 8670508, 8665568, 8670504, 8681932, 8687612, 8688376, 8687216, 8680664, 8684484, 8696080, 8689424, 8695412, 8671952, 8703136, 8674332, 8677120, 8675124,
 8672172, 8686040, 8678280, 8673424, 8676740, 8666952, 8677752, 8672424, 8676976, 8677920, 8680508, 8679796, 8673376, 8676196, 8675260, 8670436, 8667380, 8670540, 8682004, 8687640, 8688760, 8687480, 8680872, 8684444, 8695860, 8689564, 8695300, 8671860, 8703576, 8674608, 8677320, 8675028,
 8671924, 8685980, 8679244, 8673792, 8676704, 8667224, 8677580, 8672576, 8676544, 8677796, 8680068, 8679800, 8673200, 8676392, 8675692, 8670584, 8667092, 8670488, 8682028, 8686952, 8688684, 8687884, 8680964, 8685072, 8696648, 8689096, 8695484, 8674084, 8703796, 8674664, 8677376, 8675316,
 8672188, 8686704, 8679800, 8673904, 8676448, 8667316, 8678064, 8672236, 8676800, 8680320, 8680200, 8680208, 8673244, 8676812, 8675752, 8670940, 8666920, 8671052, 8681868, 8687624, 8688820, 8687836, 8681024, 8685252, 8696348, 8689764, 8695436, 8674364, 8703620, 8674788, 8677452, 8679448,
 8672044, 8686244, 8679036, 8673452, 8676164, 8666956, 8677936, 8672308, 8676656, 8680176, 8680040, 8679940, 8673052, 8676620, 8675328, 8670692, 8666604, 8670596, 8681628, 8687120, 8688672, 8687204, 8680780, 8685180, 8696200, 8689464, 8695244, 8673996, 8703736, 8674396, 8677540, 8679580,
 8671608, 8686472, 8679092, 8673712, 8676496, 8666584, 8677656, 8672520, 8677508, 8680324, 8680140, 8679640, 8672620, 8676672, 8675460, 8671020, 8666912, 8670780, 8682060, 8687472, 8688468, 8688020, 8680840, 8685088, 8696240, 8689632, 8695920, 8673824, 8704304, 8674276, 8677960, 8680160,
 8671864, 8686864, 8679612, 8673780, 8676652, 8666876, 8678156, 8673108, 8677216, 8680400, 8680416, 8680052, 8673432, 8677468, 8675412, 8670608, 8667236, 8670724, 8682404, 8687656, 8689208, 8688268, 8681332, 8685384, 8696396, 8690064, 8696236, 8674508, 8704020, 8674908, 8678380, 8680696,
 8671780, 8686624, 8679140, 8673328, 8676156, 8666388, 8677792, 8672980, 8676860, 8680256, 8680052, 8679768, 8674852, 8677036, 8675080, 8670420, 8666656, 8670484, 8682156, 8687340, 8688644, 8687812, 8680876, 8685512, 8696216, 8689524, 8695904, 8674076, 8704072, 8674444, 8677776, 8680460,
 8672332, 8686576, 8679468, 8673540, 8676240, 8666744, 8678164, 8673268, 8676792, 8680408, 8680652, 8680044, 8675260, 8677212, 8675348, 8670452, 8666992, 8671068, 8682820, 8687588, 8689008, 8688144, 8680672, 8685260, 8695672, 8689840, 8696272, 8674360, 8704236, 8674668, 8678312, 8680768,
 8672344, 8686336, 8679084, 8673752, 8675972, 8667036, 8678292, 8673624, 8676900, 8680796, 8680820, 8680092, 8675032, 8677380, 8674932, 8670640, 8667292, 8671080, 8683204, 8687996, 8689052, 8688152, 8680752, 8685432, 8695928, 8690368, 8696188, 8674380, 8703948, 8674952, 8678100, 8681520,
 8672072, 8687204, 8678836, 8673668, 8675708, 8667412, 8678192, 8673584, 8676908, 8680744, 8681028, 8680300, 8675232, 8677108, 8675108, 8670852, 8667492, 8671360, 8682668, 8688224, 8689472, 8688664, 8680752, 8685276, 8696308, 8690120, 8696312, 8673884, 8704000, 8675000, 8678224, 8681784,
 8672140, 8686720, 8678708, 8673552, 8675844, 8667292, 8678184, 8673220, 8676920, 8680592, 8683128, 8680336, 8675268, 8677112, 8675136, 8670688, 8667552, 8671364, 8682692, 8688100, 8689408, 8688764, 8680876, 8684836, 8696052, 8690000, 8696300, 8673936, 8703456, 8674848, 8677988, 8681384,
 8672396, 8686520, 8678844, 8673340, 8676112, 8666816, 8677984, 8673396, 8676872, 8680312, 8682564, 8679896, 8675392, 8677604, 8675108, 8670900, 8667204, 8671364, 8682948, 8687852, 8689520, 8688632, 8680792, 8684820, 8696332, 8689908, 8695976, 8673960, 8703680, 8674536, 8677952, 8681332,
 8672332, 8686424, 8678868, 8673532, 8676088, 8667140, 8678200, 8673392, 8676848, 8680360, 8682640, 8680380, 8675528, 8677588, 8675144, 8671352, 8667592, 8671144, 8682404, 8687852, 8689644, 8688292, 8680900, 8684800, 8695832, 8690932, 8695804, 8674192, 8703364, 8674256, 8677316, 8681388,
 8672168, 8686352, 8678364, 8675512, 8678212, 8667232, 8678384, 8677236, 8676984, 8682188, 8682808, 8680256, 8675284, 8677544, 8675196, 8671040, 8667612, 8673172, 8682468, 8687784, 8689344, 8688196, 8682968, 8684840, 8695764, 8690792, 8695932, 8674324, 8709328, 8674440, 8677484, 8683104,
 8673600, 8686440, 8679220, 8677588, 8678708, 8671188, 8678528, 8677812, 8677200, 8682028, 8683460, 8680428, 8675520, 8681684, 8677856, 8671380, 8667676, 8673564, 8683380, 8687980, 8690128, 8688728, 8683656, 8685704, 8696524, 8690628, 8698540, 8674428, 8712500, 8677080, 8677956, 8683340,
 8675984, 8687264, 8679384, 8678032, 8678568, 8671096, 8678372, 8677252, 8677592, 8682104, 8683472, 8680524, 8675300, 8681904, 8678156, 8671676, 8667916, 8673432, 8683260, 8688076, 8690128, 8688888, 8683264, 8685944, 8696452, 8690672, 8698712, 8674396, 8712852, 8677728, 8678460, 8685324,
 8676572, 8687244, 8680264, 8680796, 8679124, 8671828, 8680548, 8679640, 8680156, 8684456, 8683772, 8680804, 8677748, 8684312, 8680844, 8676400, 8670736, 8673700, 8683744, 8690888, 8690408, 8688844, 8684120, 8686448, 8697132, 8692772, 8701288, 8677240, 8715636, 8680176, 8679216, 8685736,
 8676288, 8686492, 8679668, 8680608, 8679084, 8671060, 8680300, 8679448, 8679564, 8684476, 8683240, 8680652, 8677212, 8684144, 8680824, 8675700, 8670336, 8673228, 8685288, 8690236, 8690112, 8688624, 8683972, 8686220, 8696388, 8692212, 8702732, 8676876, 8714892, 8681876, 8678408, 8685472,
 8676612, 8686892, 8679712, 8680280, 8678840, 8670824, 8681028, 8679556, 8679344, 8684736, 8683368, 8680656, 8677756, 8684408, 8681104, 8675992, 8670532, 8672992, 8685480, 8690628, 8690184, 8688792, 8684176, 8686244, 8696720, 8692484, 8703128, 8676996, 8715516, 8682156, 8678444, 8685800,
 8676680, 8686948, 8679728, 8680892, 8679000, 8670960, 8681388, 8681332, 8679652, 8684368, 8683268, 8682820, 8680176, 8685148, 8681168, 8680572, 8670388, 8673140, 8686052, 8690512, 8690208, 8688828, 8686196, 8690528, 8696256, 8692180, 8705892, 8677176, 8715656, 8682380, 8678308, 8685724,
 8676708, 8689668, 8680384, 8681440, 8679784, 8671540, 8681852, 8681424, 8679936, 8684728, 8684160, 8683400, 8680656, 8687668, 8681716, 8680324, 8670572, 8674380, 8686664, 8690680, 8690920, 8689184, 8686436, 8690052, 8696544, 8692760, 8706624, 8677664, 8716168, 8682820, 8678772, 8685868,
 8676692, 8689428, 8680128, 8681220, 8679636, 8671352, 8681364, 8681088, 8680056, 8684736, 8683668, 8683408, 8680156, 8687548, 8681332, 8679944, 8670308, 8674124, 8686272, 8690712, 8690260, 8689300, 8686296, 8690112, 8696748, 8692664, 8705900, 8677276, 8715960, 8682348, 8678904, 8685676,
 8677000, 8689164, 8680272, 8681964, 8680284, 8671496, 8683616, 8681232, 8679716, 8684304, 8684016, 8686408, 8682104, 8687492, 8682048, 8680032, 8670652, 8679128, 8688664, 8690624, 8690928, 8689612, 8686520, 8696524, 8698024, 8694908, 8706528, 8676700, 8716728, 8682072, 8679092, 8686128,
 8677216, 8688740, 8679964, 8681608, 8680872, 8671884, 8683756, 8681156, 8680244, 8685996, 8683632, 8686444, 8682520, 8687440, 8682016, 8679844, 8670680, 8681580, 8688140, 8690936, 8690356, 8689976, 8686852, 8696740, 8697844, 8695040, 8706628, 8676840, 8716300, 8682444, 8679156, 8685792,
 8677364, 8689252, 8682204, 8682280, 8682900, 8672092, 8683832, 8681140, 8680608, 8688528, 8683576, 8686668, 8686920, 8687836, 8682120, 8682404, 8671284, 8681556, 8689008, 8693224, 8690596, 8690200, 8689612, 8700920, 8697780, 8695668, 8706608, 8677236, 8716260, 8682776, 8679628, 8685932,
 8676640, 8689444, 8682056, 8682084, 8684980, 8671796, 8683292, 8682780, 8680984, 8688704, 8684196, 8686232, 8687040, 8687764, 8682228, 8682700, 8671000, 8681200, 8688436, 8693064, 8691060, 8690572, 8689724, 8700424, 8697448, 8695388, 8706016, 8679268, 8717000, 8682364, 8679604, 8686380,
 8676880, 8689812, 8684104, 8682260, 8684688, 8672196, 8683684, 8682996, 8681432, 8688772, 8684228, 8686264, 8687028, 8688128, 8682528, 8682560, 8670968, 8681372, 8688936, 8693420, 8691176, 8690708, 8691380, 8700940, 8697688, 8695564, 8705524, 8679572, 8717344, 8682744, 8680604, 8686336,
 8677204, 8690344, 8685008, 8683048, 8685096, 8672712, 8684044, 8683112, 8681724, 8688804, 8684712, 8686912, 8687420, 8688256, 8683200, 8682872, 8670880, 8681192, 8689724, 8694248, 8691228, 8690820, 8691260, 8701156, 8697260, 8695652, 8705996, 8680088, 8717384, 8683060, 8680564, 8686096,
 8679160, 8689860, 8687100, 8682540, 8685000, 8674464, 8683584, 8683184, 8681672, 8688608, 8684772, 8688776, 8687140, 8688184, 8682840, 8682688, 8670712, 8681072, 8691656, 8695768, 8690776, 8690148, 8690756, 8700828, 8697624, 8695424, 8705824, 8679764, 8719600, 8683116, 8680372, 8686404,
 8679220, 8689716, 8687296, 8682800, 8685048, 8675104, 8685352, 8683980, 8681752, 8689420, 8684792, 8688656, 8687768, 8688604, 8683476, 8685476, 8671164, 8682056, 8691952, 8696812, 8690820, 8690680, 8691856, 8701468, 8698216, 8698256, 8708396, 8680192, 8719696, 8683280, 8680480, 8688244,
 8679440, 8689392, 8687344, 8682792, 8685376, 8674808, 8685912, 8683680, 8681148, 8690092, 8684940, 8688224, 8687424, 8688636, 8682964, 8685696, 8670464, 8682128, 8691776, 8696996, 8691116, 8690132, 8692296, 8701340, 8698028, 8698444, 8707820, 8680244, 8719956, 8683500, 8680444, 8687668,
 8679208, 8689480, 8687172, 8682904, 8685316, 8675008, 8685852, 8683492, 8681340, 8690280, 8684968, 8688268, 8687484, 8688720, 8683188, 8685368, 8670764, 8681964, 8692064, 8696768, 8691088, 8692264, 8692596, 8701208, 8697920, 8698380, 8707792, 8680568, 8719644, 8683544, 8680456, 8687708,
 8678840, 8689124, 8687300, 8682908, 8685180, 8675160, 8685676, 8683568, 8681352, 8689684, 8684844, 8688008, 8687128, 8688452, 8682884, 8685112, 8672888, 8681928, 8691720, 8696972, 8690944, 8692172, 8692544, 8700792, 8698376, 8698160, 8707572, 8680336, 8719924, 8683728, 8680628, 8687728,
 8679336, 8689072, 8687244, 8682380, 8685020, 8674904, 8686076, 8683856, 8681052, 8689932, 8684604, 8688104, 8687516, 8688344, 8683132, 8685708, 8673072, 8681872, 8692188, 8696960, 8691236, 8692360, 8692696, 8700780, 8698216, 8698120, 8707764, 8680280, 8722724, 8683424, 8680500, 8687800,
 8679292, 8688944, 8687564, 8682644, 8685112, 8677164, 8686180, 8684244, 8681024, 8689724, 8684572, 8688152, 8687980, 8688652, 8683252, 8685788, 8672812, 8683432, 8691888, 8696568, 8691184, 8692744, 8692884, 8701120, 8697996, 8698140, 8707532, 8680152, 8721960, 8683264, 8682496, 8687900,
 8679300, 8689092, 8687848, 8683156, 8687424, 8677236, 8686484, 8684236, 8681312, 8689896, 8684580, 8688376, 8687708, 8688480, 8683744, 8685648, 8673124, 8685920, 8692320, 8697012, 8691324, 8692772, 8692820, 8701088, 8697904, 8698048, 8707692, 8680168, 8725928, 8683692, 8682692, 8688032,
 8681308, 8689536, 8688024, 8682828, 8687416, 8679492, 8687108, 8684284, 8681292, 8690376, 8686860, 8688684, 8687380, 8689232, 8684248, 8685708, 8673588, 8686164, 8692536, 8699016, 8691856, 8693104, 8693192, 8701148, 8698060, 8697984, 8708068, 8680900, 8726332, 8684528, 8683000, 8688192,
 8681604, 8689596, 8687792, 8683328, 8687324, 8679188, 8686844, 8684528, 8681408, 8690312, 8687180, 8688120, 8687668, 8689164, 8683396, 8686120, 8674128, 8686648, 8692264, 8698744, 8691324, 8692908, 8692700, 8701564, 8700560, 8697988, 8707868, 8680916, 8726472, 8684156, 8682916, 8688892,
 8681660, 8689148, 8687644, 8683520, 8687148, 8678988, 8686680, 8684952, 8681080, 8690400, 8687236, 8688420, 8687800, 8688896, 8682964, 8685708, 8674292, 8686428, 8692352, 8699188, 8691252, 8692252, 8692488, 8702116, 8700620, 8700460, 8708072, 8680840, 8726212, 8684668, 8683456, 8688300,
 8681784, 8689364, 8687456, 8683552, 8687316, 8679228, 8686748, 8684520, 8681156, 8690396, 8687172, 8688480, 8687820, 8689368, 8683328, 8685512, 8674360, 8686528, 8692196, 8699304, 8691344, 8692524, 8694652, 8701924, 8700356, 8700560, 8708068, 8680668, 8725980, 8684416, 8683548, 8688004,
 8682020, 8689580, 8687448, 8683716, 8686876, 8679088, 8686592, 8684564, 8681580, 8690524, 8687508, 8688456, 8687472, 8689160, 8683800, 8685644, 8674836, 8686488, 8692544, 8699400, 8691084, 8693320, 8694648, 8701988, 8701056, 8700916, 8708264, 8680948, 8726468, 8684396, 8683424, 8688208,
 8681636, 8689336, 8687720, 8683384, 8686652, 8679436, 8686596, 8684644, 8680820, 8690584, 8687788, 8688100, 8687436, 8689188, 8683568, 8685996, 8674432, 8686480, 8692516, 8698820, 8691308, 8692872, 8694580, 8701632, 8701168, 8700428, 8707652, 8683096, 8729144, 8684072, 8683400, 8687860,
 8683956, 8689300, 8687468, 8683348, 8689396, 8678936, 8686836, 8685148, 8681292, 8690408, 8687472, 8688476, 8687728, 8691572, 8683640, 8685936, 8674524, 8686988, 8692520, 8698660, 8691436, 8693644, 8696516, 8701408, 8701624, 8700632, 8707856, 8683184, 8729012, 8684164, 8683724, 8687836,
 8683948, 8689080, 8687340, 8683224, 8689196, 8678836, 8686572, 8684836, 8681160, 8690204, 8687512, 8688064, 8687364, 8690952, 8683648, 8685680, 8674360, 8686624, 8692344, 8698544, 8691428, 8693328, 8696484, 8701316, 8701304, 8700468, 8707692, 8682904, 8728704, 8684140, 8683636, 8687824,
 8684092, 8689108, 8690092, 8683432, 8689892, 8678872, 8687016, 8684716, 8681160, 8690356, 8689512, 8688124, 8687284, 8691236, 8683492, 8686452, 8676992, 8686308, 8692124, 8698584, 8691164, 8693736, 8696740, 8701204, 8701260, 8700216, 8708140, 8685764, 8731036, 8684636, 8683908, 8688256,
 8684904, 8689948, 8689984, 8686276, 8689564, 8679160, 8686952, 8684800, 8681200, 8690256, 8689852, 8688860, 8687768, 8691544, 8684404, 8686588, 8676704, 8686132, 8694768, 8698584, 8691004, 8694020, 8697080, 8701668, 8703588, 8700736, 8708872, 8686272, 8731068, 8684536, 8683804, 8690764,
