 4232552, 4229488,
 4234412, 4231348,
 4234892, 4232092,
 4236408, 4233108,
 4236912, 4234324,
 4237152, 4235460,
 4237648, 4235552,
 4237800, 4235552,
 4238048, 4236048,
 4237956, 4236528,
 4238080, 4236496,
 4238064, 4236748,
 4238280, 4236840,
 4238404, 4236668,
 4238640, 4236728,
 4238888, 4236860,
 4238792, 4237180,
 4238900, 4237148,
 4238860, 4237256,
 4240536, 4239924,
 4241528, 4240312,
 4241872, 4241212,
 4241980, 4241288,
 4241952, 4241364,
 4241932, 4241484,
 4241932, 4241484,
 4241876, 4241436,
 4242000, 4241436,
 4242000, 4241716,
 4242008, 4242456,
 4242088, 4242452,
 4242112, 4242448,
 4242112, 4242432,
 4242016, 4242400,
 4242084, 4242336,
 4242116, 4242400,
 4242112, 4243268,
 4242112, 4243284,
 4242112, 4243284,
 4242176, 4243220,
 4242176, 4243212,
 4242112, 4243260,
 4242500, 4244804,
 4243604, 4245240,
 4243608, 4245380,
 4243608, 4245404,
 4243576, 4245048,
 4243480, 4244984,
 4244500, 4246720,
 4245120, 4247132,
 4245084, 4247376,
 4245844, 4248796,
 4247172, 4249556,
 4247416, 4249524,
 4247540, 4250532,
 4247420, 4250204,
 4247436, 4250328,
 4247296, 4250172,
 4247292, 4250144,
 4247292, 4250236,
 4247288, 4250520,
 4247344, 4251016,
 4247516, 4253056,
 4248168, 4253244,
 4248128, 4253476,
 4248256, 4253476,
 4248240, 4253584,
 4248144, 4253544,
 4248144, 4253668,
 4248704, 4253328,
 4248720, 4252584,
 4249004, 4253280,
 4249252, 4253280,
 4249064, 4254752,
 4249040, 4253508,
 4249212, 4254432,
 4250004, 4255672,
 4249400, 4254556,
 4249928, 4254416,
 4249768, 4254664,
 4250124, 4255376,
 4250296, 4255424,
 4250348, 4258028,
 4250628, 4258616,
 4250628, 4258584,
 4250704, 4259156,
 4250696, 4259404,
 4251456, 4259080,
 4251208, 4259028,
 4251124, 4258868,
 4251976, 4259124,
 4252380, 4258504,
 4252960, 4258752,
 4252860, 4259000,
 4252720, 4258628,
 4252984, 4258560,
 4253520, 4258456,
 4254032, 4257368,
 4254088, 4257452,
 4254212, 4258056,
