 4368604, 4362636, 4363240, 4361808, 4363516, 4363468, 4361936, 4363336, 4362488, 4363924, 4362072, 4362472, 4362408, 4362236, 4363860, 4364052,
 4370420, 4364428, 4366048, 4364468, 4366416, 4366152, 4364472, 4366120, 4366248, 4365900, 4364980, 4366644, 4364944, 4365912, 4365776, 4366736,
 4371888, 4364916, 4366536, 4365288, 4368148, 4368240, 4364344, 4368344, 4367192, 4367168, 4365664, 4368620, 4367140, 4367892, 4366884, 4368064,
 4373004, 4365528, 4367156, 4365660, 4369136, 4369224, 4365460, 4368888, 4368548, 4368532, 4365912, 4369440, 4368620, 4369008, 4367876, 4368808,
 4373872, 4366148, 4368148, 4367024, 4369044, 4369484, 4365088, 4370392, 4369012, 4369032, 4367152, 4369564, 4369740, 4370496, 4368120, 4369892,
 4373788, 4365872, 4368268, 4367100, 4369272, 4370080, 4365116, 4371128, 4370300, 4369248, 4367024, 4369816, 4370048, 4370468, 4369040, 4370416,
 4373664, 4367748, 4369360, 4367736, 4369220, 4370700, 4365916, 4371536, 4369820, 4370240, 4367088, 4370932, 4370436, 4370716, 4369040, 4370392,
 4374256, 4367376, 4368616, 4368992, 4369512, 4370588, 4365916, 4371908, 4370424, 4370440, 4366800, 4370560, 4369568, 4370760, 4369256, 4370388,
 4374628, 4367392, 4368616, 4368000, 4369760, 4371208, 4366688, 4372652, 4371168, 4370564, 4367392, 4370652, 4370436, 4371272, 4369400, 4370776,
 4374504, 4368136, 4368988, 4367768, 4369724, 4371176, 4366936, 4373068, 4371292, 4370812, 4367144, 4371108, 4370684, 4371272, 4369400, 4370900,
 4374688, 4367484, 4368412, 4369256, 4369724, 4371268, 4367212, 4373936, 4371460, 4371492, 4367388, 4371108, 4370808, 4371500, 4369600, 4370928,
 4375308, 4367360, 4369404, 4369412, 4370096, 4371392, 4367476, 4374676, 4371828, 4371860, 4368380, 4371324, 4371056, 4371764, 4370296, 4371424,
 4375060, 4367856, 4369652, 4369412, 4369980, 4371392, 4367848, 4374588, 4371696, 4371512, 4367852, 4370952, 4372200, 4371764, 4370048, 4371440,
 4374968, 4367900, 4369012, 4368640, 4369980, 4371640, 4367504, 4374620, 4372128, 4371884, 4368044, 4370704, 4371828, 4371700, 4370032, 4372276,
 4375700, 4369388, 4369508, 4369896, 4369980, 4371764, 4366636, 4376000, 4372376, 4371064, 4368780, 4370936, 4371576, 4371944, 4370544, 4371776,
 4375336, 4368576, 4369284, 4369656, 4370220, 4371848, 4366916, 4376356, 4372420, 4371000, 4368564, 4370980, 4371864, 4371720, 4370460, 4371876,
 4375912, 4368408, 4369736, 4368960, 4370052, 4372044, 4367012, 4376636, 4372808, 4371000, 4368552, 4371152, 4371516, 4372312, 4370408, 4372220,
 4376036, 4367904, 4369504, 4370076, 4369896, 4371980, 4367276, 4376276, 4372684, 4371004, 4368692, 4371028, 4371996, 4372560, 4370408, 4372344,
 4376188, 4368476, 4369564, 4369408, 4370020, 4372104, 4367740, 4376572, 4373180, 4371168, 4368660, 4371276, 4371268, 4372496, 4370284, 4371988,
 4376188, 4368724, 4369656, 4369160, 4369660, 4372100, 4367368, 4376756, 4373180, 4371120, 4368752, 4370988, 4371808, 4372496, 4370964, 4371956,
 4376032, 4368616, 4370012, 4369688, 4370260, 4372148, 4367768, 4377052, 4373552, 4372128, 4368752, 4371448, 4371980, 4372464, 4371616, 4372236,
 4376656, 4368236, 4370012, 4369932, 4370612, 4372052, 4367660, 4377004, 4373056, 4371772, 4368488, 4371788, 4371748, 4372464, 4370392, 4372476,
 4376656, 4369368, 4370040, 4369804, 4370100, 4372044, 4368520, 4377360, 4372940, 4371816, 4368952, 4371540, 4371860, 4372416, 4371152, 4372336,
 4376780, 4368656, 4370056, 4370796, 4370720, 4372044, 4367528, 4377296, 4373204, 4372064, 4368852, 4371784, 4372248, 4372428, 4371276, 4372212,
 4376872, 4368636, 4369960, 4370300, 4370064, 4372228, 4367408, 4377152, 4373204, 4371932, 4368384, 4371812, 4373084, 4372444, 4370904, 4372088,
 4376796, 4368276, 4369812, 4369800, 4370096, 4372212, 4367548, 4377364, 4373204, 4371592, 4369020, 4371656, 4372976, 4372460, 4370872, 4372088,
 4376812, 4369004, 4369656, 4370296, 4370096, 4372008, 4367936, 4377608, 4373048, 4371744, 4369048, 4371732, 4373128, 4372332, 4371800, 4371884,
 4377200, 4368384, 4370524, 4370712, 4370096, 4371992, 4367440, 4377212, 4373296, 4371620, 4368552, 4372088, 4372012, 4372332, 4370684, 4371760,
 4377540, 4368576, 4370304, 4371160, 4370204, 4371960, 4367592, 4377784, 4373356, 4372128, 4369232, 4372228, 4373604, 4372036, 4371876, 4372364,
 4377292, 4369072, 4370428, 4370348, 4370576, 4371960, 4367468, 4377428, 4373108, 4371896, 4369480, 4372224, 4372676, 4372316, 4371644, 4372116,
 4377304, 4368672, 4370424, 4370236, 4370200, 4371716, 4368240, 4377736, 4373372, 4371616, 4369496, 4372300, 4372248, 4371960, 4372140, 4372484,
 4378172, 4370876, 4373096, 4374904, 4373768, 4375608, 4372576, 4378432, 4377672, 4375976, 4376616, 4372908, 4376136, 4374848, 4374500, 4375452,
 4378668, 4371000, 4373716, 4375168, 4374032, 4375980, 4372904, 4378740, 4377796, 4376224, 4376988, 4373280, 4376848, 4375732, 4374500, 4376212,
 4378668, 4371248, 4374088, 4374796, 4374156, 4376104, 4372872, 4378708, 4377796, 4376100, 4377112, 4373528, 4376600, 4375980, 4374748, 4376212,
 4378916, 4371000, 4374212, 4375540, 4374880, 4375852, 4372996, 4378872, 4377920, 4376612, 4378104, 4373744, 4377232, 4376012, 4375072, 4376584,
 4378836, 4371136, 4374424, 4374960, 4375004, 4375868, 4373272, 4379260, 4377916, 4377340, 4378272, 4373852, 4377028, 4376412, 4374664, 4376100,
 4379208, 4371416, 4374796, 4375580, 4374968, 4376348, 4373660, 4379624, 4377872, 4378052, 4379172, 4374268, 4376656, 4376660, 4375052, 4376736,
 4380508, 4373480, 4377064, 4377688, 4376344, 4379608, 4376432, 4380936, 4380228, 4378436, 4381792, 4376120, 4378128, 4380376, 4377916, 4378512,
 4380756, 4373728, 4377436, 4377704, 4376620, 4380224, 4376680, 4381364, 4380104, 4378368, 4381700, 4376616, 4378500, 4380376, 4378040, 4378884,
 4380632, 4373852, 4377436, 4377828, 4377116, 4380100, 4377176, 4381612, 4380104, 4378492, 4382072, 4376740, 4378624, 4380500, 4378040, 4378388,
 4381036, 4374100, 4377404, 4377828, 4376832, 4379924, 4376556, 4381348, 4380136, 4378256, 4381328, 4376720, 4378228, 4380764, 4377992, 4379348,
 4381404, 4374064, 4377228, 4377604, 4376476, 4379552, 4376876, 4381340, 4380328, 4378700, 4381080, 4376624, 4378148, 4380368, 4377832, 4379312,
 4381060, 4373728, 4377172, 4377744, 4376504, 4379668, 4376892, 4381408, 4380224, 4378616, 4381296, 4376468, 4378116, 4380320, 4377856, 4378868,
 4381332, 4373992, 4377420, 4377840, 4376644, 4379872, 4377264, 4382044, 4380488, 4378896, 4382180, 4376752, 4378364, 4380540, 4378168, 4379520,
 4381120, 4375592, 4378928, 4377704, 4378336, 4379892, 4377872, 4381704, 4380380, 4380460, 4383544, 4378008, 4379480, 4380388, 4379196, 4379152,
 4381252, 4375600, 4378944, 4377968, 4378608, 4380108, 4377868, 4381316, 4380256, 4380708, 4382568, 4378032, 4379240, 4380512, 4379040, 4379292,
 4381044, 4375552, 4379236, 4378540, 4378944, 4379456, 4377788, 4381564, 4380764, 4380752, 4382328, 4377984, 4379796, 4380664, 4378760, 4379552,
 4382832, 4376608, 4379704, 4379704, 4378840, 4383024, 4378968, 4383380, 4380100, 4380972, 4384360, 4378112, 4379612, 4380636, 4380016, 4380020,
 4383700, 4376856, 4380216, 4380124, 4379408, 4381304, 4378924, 4383032, 4380900, 4380392, 4384376, 4378376, 4380620, 4380976, 4380636, 4380036,
 4384072, 4376232, 4380340, 4380264, 4379408, 4380808, 4379544, 4383008, 4380708, 4380448, 4384376, 4378360, 4380496, 4380976, 4380868, 4380408,
 4383496, 4376816, 4380324, 4380380, 4379236, 4382132, 4379664, 4382388, 4381060, 4380568, 4384148, 4378524, 4380412, 4381004, 4380580, 4380312,
 4384360, 4377064, 4380588, 4380736, 4379568, 4381904, 4379912, 4383068, 4381216, 4380940, 4384416, 4379188, 4381144, 4381280, 4380912, 4380152,
 4383600, 4377552, 4380784, 4381060, 4379956, 4380788, 4379580, 4383100, 4380796, 4380828, 4384704, 4379624, 4380632, 4381008, 4380864, 4380632,
 4383176, 4377980, 4379972, 4380656, 4380524, 4382152, 4380368, 4383752, 4381512, 4381296, 4385092, 4379332, 4380464, 4382080, 4380884, 4380380,
 4382572, 4377328, 4380484, 4381680, 4381704, 4382680, 4380864, 4383404, 4382300, 4381064, 4385728, 4378340, 4380900, 4381152, 4380884, 4381264,
 4382524, 4377576, 4380328, 4381508, 4381704, 4382416, 4381248, 4383108, 4382244, 4380552, 4387260, 4378464, 4381024, 4381056, 4380124, 4381168,
 4382400, 4378072, 4380444, 4381256, 4381704, 4381920, 4380520, 4383368, 4382492, 4381436, 4386872, 4378536, 4380960, 4381180, 4380292, 4381284,
 4382560, 4378000, 4380408, 4381736, 4381480, 4381868, 4380664, 4383380, 4382440, 4381592, 4387088, 4378736, 4381064, 4381096, 4380724, 4381296,
 4382436, 4378000, 4380316, 4381356, 4381456, 4381884, 4380680, 4383364, 4383356, 4381732, 4387264, 4379104, 4380720, 4381040, 4380112, 4381308,
 4382584, 4377920, 4380356, 4381488, 4381440, 4381992, 4380824, 4383716, 4383056, 4380816, 4387224, 4379360, 4380656, 4381016, 4380080, 4381268,
 4383268, 4377164, 4379972, 4381816, 4381284, 4382144, 4381988, 4384228, 4383136, 4380660, 4387380, 4379844, 4379992, 4380292, 4380160, 4380896,
 4383172, 4376324, 4379644, 4381596, 4381160, 4381664, 4382016, 4384344, 4383524, 4380692, 4387392, 4379996, 4379992, 4380444, 4380532, 4380924,
 4383140, 4376848, 4379516, 4381440, 4380928, 4381664, 4382168, 4383848, 4383524, 4380752, 4387032, 4379856, 4380132, 4380424, 4380532, 4380860,
 4383140, 4376068, 4379744, 4381852, 4381268, 4381448, 4382364, 4383544, 4383292, 4380952, 4387104, 4380032, 4379600, 4380564, 4380652, 4381068,
 4383180, 4376688, 4379324, 4381836, 4381388, 4381448, 4381972, 4384196, 4383680, 4381196, 4387100, 4379996, 4379580, 4380440, 4381256, 4381136,
 4383148, 4376468, 4379288, 4381816, 4380792, 4381540, 4381892, 4384080, 4383628, 4381196, 4387004, 4379648, 4379772, 4380656, 4380760, 4381056,
 4383148, 4376964, 4379444, 4381720, 4380544, 4382284, 4381908, 4383856, 4383644, 4381348, 4387128, 4379648, 4379028, 4380656, 4380976, 4381056,
 4383100, 4375608, 4379476, 4381776, 4380740, 4381664, 4382024, 4384044, 4383768, 4381596, 4386100, 4379612, 4379736, 4380828, 4380940, 4381132,
 4383780, 4377308, 4381060, 4381112, 4381752, 4381632, 4382404, 4384352, 4383640, 4381972, 4387056, 4379424, 4380064, 4382144, 4382664, 4380312,
 4383472, 4377728, 4381356, 4381624, 4381688, 4381524, 4382652, 4383976, 4383144, 4382232, 4387056, 4380044, 4380452, 4382020, 4382756, 4380360,
 4383516, 4378052, 4381272, 4381324, 4381812, 4381668, 4382528, 4383728, 4384476, 4382232, 4387204, 4379904, 4380676, 4381876, 4382764, 4380776,
 4383156, 4377304, 4381284, 4381432, 4381904, 4382612, 4382620, 4383808, 4384340, 4382292, 4387280, 4379712, 4379976, 4382276, 4382792, 4380680,
 4383156, 4377676, 4380944, 4381308, 4382116, 4382208, 4382016, 4384008, 4384588, 4382416, 4387312, 4379524, 4380084, 4382276, 4382712, 4380276,
 4385252, 4377400, 4381040, 4381652, 4382336, 4381480, 4382484, 4384028, 4384760, 4382772, 4387732, 4380272, 4379960, 4381396, 4381644, 4381800,
 4384952, 4377596, 4381500, 4381900, 4381792, 4382428, 4381988, 4384152, 4384776, 4382368, 4387748, 4380468, 4380272, 4381344, 4381212, 4381252,
 4385940, 4378712, 4381884, 4381808, 4382828, 4382520, 4381772, 4385440, 4384656, 4383968, 4388908, 4380360, 4381556, 4382524, 4381848, 4380828,
 4385940, 4378928, 4382552, 4381856, 4382760, 4382248, 4382100, 4385472, 4385120, 4383644, 4388980, 4380764, 4380644, 4381532, 4382612, 4380720,
 4386092, 4379384, 4382432, 4381692, 4382892, 4382612, 4382432, 4385224, 4384868, 4383644, 4388456, 4380708, 4380404, 4382024, 4382372, 4380452,
 4385472, 4378888, 4382572, 4381364, 4382560, 4381896, 4381936, 4385236, 4385256, 4383396, 4388424, 4380612, 4380384, 4382024, 4381700, 4380344,
 4385872, 4378636, 4382632, 4381920, 4382576, 4382608, 4381824, 4385500, 4384928, 4383564, 4388468, 4380500, 4380508, 4382036, 4382148, 4380356,
 4385684, 4378544, 4382632, 4382276, 4382856, 4382560, 4381592, 4385404, 4384988, 4383500, 4388592, 4380672, 4380168, 4382128, 4381852, 4380324,
 4385732, 4378620, 4382704, 4382220, 4382656, 4382236, 4382776, 4385032, 4385160, 4383744, 4388680, 4380984, 4380076, 4381952, 4381976, 4380032,
 4384836, 4380156, 4383048, 4383152, 4382364, 4382336, 4382604, 4383936, 4385596, 4383716, 4390216, 4381312, 4380876, 4383212, 4383316, 4381880,
 4384884, 4379440, 4383108, 4382776, 4382516, 4382704, 4382556, 4384184, 4385596, 4384104, 4390524, 4381076, 4380876, 4382652, 4383192, 4381812,
 4385752, 4380804, 4382352, 4383436, 4381432, 4382380, 4383148, 4383700, 4386124, 4384120, 4391160, 4381432, 4380628, 4382436, 4383732, 4382540,
 4385676, 4379564, 4382136, 4383748, 4381308, 4382968, 4382808, 4384460, 4385768, 4384556, 4390836, 4381124, 4380752, 4382624, 4383144, 4382000,
 4385596, 4380648, 4382084, 4384120, 4381968, 4382456, 4382876, 4384004, 4386200, 4384980, 4391116, 4381604, 4380892, 4382900, 4383516, 4381744,
 4385644, 4380072, 4382404, 4384260, 4382980, 4382672, 4383752, 4384024, 4386200, 4384980, 4391108, 4381564, 4380644, 4382944, 4383468, 4382056,
 4386176, 4380460, 4382692, 4383404, 4383244, 4383204, 4384528, 4384272, 4386540, 4385068, 4391232, 4382068, 4380920, 4383556, 4383780, 4382088,
 4386392, 4379188, 4381684, 4383436, 4383496, 4383268, 4384188, 4385220, 4386280, 4384440, 4392036, 4382596, 4382068, 4383416, 4383612, 4382936,
 4386440, 4379872, 4383032, 4383452, 4383388, 4383764, 4384948, 4386088, 4386048, 4384424, 4391200, 4383000, 4382224, 4383820, 4383364, 4382892,
 4387168, 4380732, 4383388, 4384140, 4383700, 4383680, 4384684, 4384752, 4385688, 4384580, 4391984, 4383156, 4382148, 4383480, 4383016, 4383164,
 4387032, 4380684, 4383016, 4384368, 4383004, 4384096, 4383928, 4384100, 4385932, 4384380, 4392496, 4383296, 4381804, 4383728, 4383688, 4383184,
 4386992, 4380636, 4383108, 4383888, 4383464, 4383924, 4383944, 4384680, 4385972, 4384248, 4393100, 4383172, 4382284, 4383724, 4384292, 4383004,
 4386964, 4381896, 4383964, 4385160, 4384776, 4383804, 4385116, 4384340, 4386144, 4383304, 4392180, 4382692, 4382324, 4384380, 4383892, 4383352,
 4387072, 4382284, 4384120, 4385464, 4384932, 4384284, 4384992, 4384440, 4386056, 4383388, 4392212, 4383964, 4382464, 4384520, 4384264, 4383600,
 4387040, 4382748, 4383480, 4385352, 4384308, 4383740, 4384412, 4384764, 4385820, 4383556, 4392116, 4383096, 4382028, 4384392, 4384976, 4383688,
 4386896, 4383168, 4383064, 4385508, 4385672, 4384424, 4384616, 4385876, 4386372, 4384700, 4393032, 4383732, 4382496, 4383884, 4385812, 4384340,
 4386380, 4383784, 4383904, 4385992, 4384232, 4383564, 4385248, 4386544, 4386636, 4385336, 4391984, 4383468, 4382280, 4383836, 4385836, 4384968,
 4386632, 4384068, 4383732, 4385868, 4385104, 4383268, 4384876, 4386940, 4386816, 4385412, 4391936, 4382824, 4382612, 4383656, 4385508, 4385508,
