 5022848,
 5046984,
 5056524,
 5072176,
 5084076,
 5086312,
 5092084,
 5096060,
 5097132,
 5098140,
 5098472,
 5098560,
 5098888,
 5099224,
 5099028,
 5099400,
 5099828,
 5100312,
 5100460,
 5100556,
 5101944,
 5103588,
 5105288,
 5105644,
 5106596,
 5107452,
 5107536,
 5108324,
 5107560,
 5108636,
 5109396,
 5110048,
 5110204,
 5110660,
 5111052,
 5111508,
 5111708,
 5112160,
 5112184,
 5114172,
 5114564,
 5114756,
 5115144,
 5116300,
 5117668,
 5118068,
 5118744,
 5120144,
 5125008,
 5129500,
 5132816,
 5136940,
 5141380,
 5141564,
 5154976,
 5163020,
 5165096,
 5165896,
 5167228,
 5167992,
 5170192,
 5173120,
 5166144,
 5171328,
 5171788,
 5179600,
 5182896,
 5183592,
 5184168,
 5185580,
 5187452,
 5188432,
 5193136,
 5196192,
 5198448,
 5199968,
 5200396,
 5201240,
 5201308,
 5202220,
 5205808,
 5208264,
 5211512,
 5214984,
 5216428,
 5221508,
 5222540,
 5225296,
 5233660,
 5235264,
 5235072,
 5242784,
 5251552,
 5256504,
 5260212,
 5261812,
 5263116,
 5265068,
 5268436,
 5273360,
 5274260,
