 15748960, 15753032, 15769112, 15775216, 15773212, 15774484, 15770128, 15777300,
 15749708, 15756204, 15772004, 15775808, 15773940, 15777236, 15775468, 15777776,
 15750520, 15755868, 15772160, 15776340, 15773972, 15777560, 15775808, 15778188,
 15751212, 15759036, 15772476, 15776424, 15774700, 15778528, 15775924, 15778592,
 15751208, 15759308, 15772716, 15776752, 15776916, 15778600, 15776176, 15781056,
 15751048, 15759344, 15775384, 15776780, 15777340, 15778660, 15776320, 15781020,
 15752276, 15760456, 15777592, 15777656, 15777808, 15778808, 15776920, 15781736,
 15751864, 15760480, 15777204, 15777804, 15777620, 15778496, 15777968, 15783444,
 15752388, 15760700, 15777932, 15778052, 15777952, 15778660, 15777572, 15783032,
 15751804, 15760540, 15778380, 15778380, 15777396, 15778956, 15777912, 15785044,
 15752824, 15761024, 15778556, 15778960, 15777600, 15779784, 15778504, 15785440,
 15753252, 15761104, 15778476, 15778468, 15777484, 15779332, 15778884, 15785096,
 15752532, 15760952, 15778204, 15778568, 15777252, 15779400, 15778932, 15785244,
 15753032, 15761284, 15778432, 15778460, 15777096, 15779436, 15778784, 15785788,
 15752664, 15761584, 15778592, 15778500, 15777048, 15779852, 15778852, 15786024,
 15752648, 15763556, 15779624, 15778720, 15777816, 15779552, 15778544, 15787576,
 15752536, 15763916, 15780340, 15778792, 15777940, 15779436, 15778660, 15787524,
 15752328, 15765308, 15780616, 15778576, 15777796, 15779092, 15778768, 15787940,
 15752644, 15765716, 15780676, 15778472, 15777428, 15780340, 15780408, 15788984,
 15752736, 15765540, 15780680, 15778644, 15777824, 15780364, 15780244, 15788884,
 15752732, 15767784, 15780904, 15778540, 15777752, 15780008, 15780072, 15789196,
 15754904, 15767792, 15781660, 15779184, 15778380, 15780196, 15780508, 15790144,
 15755160, 15767376, 15781372, 15778988, 15778776, 15779844, 15780608, 15790056,
 15755544, 15767436, 15781144, 15778892, 15778884, 15779720, 15781040, 15789696,
 15754728, 15767456, 15781920, 15778928, 15778892, 15780176, 15781116, 15794312,
 15754616, 15767448, 15781572, 15779340, 15779088, 15780732, 15780560, 15793888,
 15754516, 15767440, 15781464, 15779140, 15778828, 15780744, 15780788, 15794352,
 15754660, 15767652, 15781496, 15779708, 15778860, 15780528, 15780604, 15794640,
 15754656, 15767268, 15781616, 15779584, 15778624, 15780504, 15780696, 15794396,
 15754064, 15767320, 15781420, 15779116, 15778184, 15780404, 15780240, 15793720,
 15754676, 15767724, 15781724, 15779188, 15778356, 15780272, 15780932, 15796196,
 15754528, 15767540, 15781292, 15779240, 15778060, 15780504, 15780636, 15796108,
 15754560, 15767344, 15781144, 15778644, 15778332, 15780408, 15780504, 15795992,
 15755012, 15768460, 15781680, 15780484, 15778228, 15780308, 15780636, 15796248,
 15754952, 15767708, 15781268, 15780532, 15778096, 15779844, 15780604, 15795964,
 15754964, 15767856, 15781200, 15780776, 15778564, 15779868, 15780272, 15795212,
 15755552, 15770080, 15782020, 15780916, 15778656, 15780172, 15779828, 15795472,
 15755564, 15770384, 15781780, 15780296, 15778172, 15779972, 15780348, 15795200,
 15755036, 15770280, 15781204, 15780616, 15778296, 15779796, 15780136, 15795380,
 15755012, 15769848, 15782128, 15780952, 15779024, 15779684, 15780520, 15795628,
 15754816, 15769912, 15781732, 15780660, 15778976, 15780096, 15780364, 15795328,
 15755076, 15770500, 15781780, 15780972, 15778604, 15779428, 15779888, 15795492,
 15755684, 15770796, 15781940, 15781392, 15778884, 15779952, 15780216, 15795036,
 15755520, 15770440, 15781336, 15781120, 15778408, 15779920, 15780076, 15795544,
 15755448, 15770712, 15780896, 15781068, 15778196, 15780064, 15780200, 15795672,
 15755592, 15770664, 15782988, 15780872, 15778412, 15780388, 15780424, 15795112,
 15755972, 15770056, 15783500, 15781244, 15778104, 15780168, 15780368, 15795020,
 15755868, 15770068, 15783620, 15781124, 15778136, 15779660, 15780160, 15795500,
 15755672, 15770512, 15783400, 15781392, 15778520, 15780180, 15780048, 15795772,
 15755684, 15772440, 15783128, 15781240, 15778596, 15779780, 15780516, 15795252,
 15755312, 15772784, 15783380, 15781128, 15778104, 15779756, 15780248, 15794908,
 15755260, 15772160, 15783692, 15780964, 15778020, 15779476, 15780604, 15794624,
 15755740, 15772168, 15785672, 15780776, 15778212, 15779468, 15780488, 15794724,
 15764124, 15825044, 15788460, 15792088, 15783352, 15782684, 15787028, 15801932,
 15764012, 15827780, 15788436, 15792316, 15783336, 15782900, 15787172, 15802380,
 15764288, 15828216, 15788908, 15792536, 15783440, 15783388, 15787064, 15802752,
 15764124, 15828824, 15788436, 15793064, 15783676, 15782984, 15787220, 15802756,
 15764608, 15831584, 15788284, 15793156, 15783804, 15783248, 15787080, 15803360,
 15764576, 15831728, 15788624, 15793404, 15783672, 15783496, 15787288, 15803204,
 15765064, 15831720, 15789788, 15793944, 15783680, 15783988, 15787564, 15803604,
 15764976, 15839784, 15789864, 15793892, 15783520, 15783680, 15787416, 15803580,
 15764836, 15839832, 15789636, 15793908, 15783616, 15784324, 15787748, 15803392,
 15764880, 15840372, 15791676, 15793544, 15783448, 15784052, 15787520, 15803532,
 15764944, 15840760, 15791680, 15793812, 15784024, 15784032, 15787784, 15804152,
 15764864, 15840520, 15791304, 15793836, 15783704, 15783216, 15787376, 15804296,
 15765072, 15839844, 15790992, 15793288, 15783612, 15783284, 15787344, 15803496,
 15764892, 15840264, 15790608, 15793508, 15783452, 15783696, 15787212, 15803516,
 15764712, 15840048, 15791028, 15793620, 15783452, 15783580, 15787412, 15803748,
 15764980, 15840364, 15791036, 15793356, 15783452, 15784000, 15787676, 15803840,
 15764468, 15840392, 15790748, 15793596, 15783700, 15783768, 15787792, 15804128,
 15766652, 15841016, 15792372, 15793620, 15783800, 15784316, 15787868, 15804340,
 15767216, 15840468, 15794956, 15793732, 15783596, 15784484, 15788152, 15806088,
 15767292, 15840676, 15795536, 15793616, 15783584, 15784032, 15788132, 15805588,
 15767268, 15844728, 15795816, 15795656, 15788320, 15786496, 15796620, 15810348,
 15769872, 15844836, 15796340, 15795836, 15788620, 15786864, 15796444, 15810836,
 15769764, 15844752, 15796220, 15795944, 15788780, 15786780, 15796440, 15810820,
 15770016, 15852300, 15796228, 15796324, 15788740, 15791404, 15799232, 15810940,
 15770348, 15856260, 15796112, 15795860, 15789020, 15791436, 15799284, 15810872,
 15770640, 15856892, 15796260, 15795760, 15788820, 15793464, 15800380, 15811484,
 15770692, 15856824, 15796284, 15795784, 15789452, 15793792, 15800404, 15811376,
 15770904, 15856764, 15795856, 15796344, 15789808, 15793328, 15800012, 15815576,
 15770788, 15857012, 15796008, 15796116, 15789548, 15793092, 15799468, 15815336,
 15771540, 15857392, 15796148, 15796696, 15789820, 15793452, 15799632, 15815416,
 15771812, 15857532, 15796272, 15796576, 15789356, 15793188, 15799616, 15815548,
 15771828, 15857516, 15797056, 15796720, 15789964, 15793144, 15799840, 15815296,
 15773944, 15857464, 15797192, 15796532, 15789800, 15793376, 15799556, 15817152,
 15773844, 15857576, 15796896, 15797032, 15789748, 15793620, 15800296, 15819580,
 15773676, 15857600, 15796796, 15797568, 15789740, 15793260, 15799804, 15819496,
 15774080, 15858136, 15796688, 15797652, 15789612, 15793392, 15800620, 15819640,
 15774428, 15860244, 15796648, 15797972, 15789612, 15793368, 15799920, 15819664,
 15776008, 15860128, 15796788, 15797712, 15789624, 15793340, 15806356, 15823384,
 15778280, 15860792, 15796956, 15797832, 15790520, 15793720, 15806464, 15823424,
 15777956, 15860876, 15796668, 15797956, 15790088, 15793852, 15806660, 15823372,
 15780152, 15861164, 15796768, 15798052, 15790492, 15794116, 15807068, 15823348,
 15780120, 15861020, 15797384, 15798492, 15790928, 15794584, 15807668, 15823808,
 15784256, 15861292, 15797292, 15798664, 15790792, 15794500, 15807456, 15824224,
 15784384, 15861360, 15797364, 15798236, 15790656, 15794564, 15807532, 15824324,
 15784136, 15861128, 15797284, 15797836, 15790656, 15794692, 15807496, 15824412,
