 5664572, 5668816, 5665744, 5678616, 5693436, 5685536, 5686680, 5672940,
 5698416, 5705600, 5717868, 5732964, 5749892, 5743116, 5741192, 5728292,
 5721284, 5725080, 5739292, 5753756, 5772804, 5764332, 5762388, 5745508,
 5735916, 5741108, 5756124, 5771340, 5790892, 5782560, 5781140, 5759132,
 5745788, 5752052, 5769660, 5780836, 5801372, 5794688, 5790544, 5772104,
 5751096, 5757244, 5775648, 5790552, 5807984, 5801540, 5799032, 5779980,
 5757788, 5764020, 5777256, 5796380, 5812076, 5803896, 5801508, 5783948,
 5761340, 5765592, 5777940, 5799208, 5814096, 5804088, 5801964, 5786976,
 5764076, 5768320, 5783628, 5801512, 5816532, 5805112, 5803904, 5792440,
 5766184, 5770036, 5784464, 5802876, 5817080, 5806476, 5804752, 5794136,
 5765752, 5769548, 5783644, 5801988, 5817032, 5807436, 5804792, 5794312,
 5767008, 5771904, 5785744, 5803224, 5818484, 5808676, 5806280, 5796792,
 5767480, 5771392, 5785792, 5805500, 5819056, 5809704, 5806248, 5796744,
 5768364, 5771928, 5786584, 5804912, 5818964, 5810636, 5805708, 5798356,
 5767540, 5771168, 5785728, 5804648, 5820264, 5810636, 5806792, 5797828,
 5768824, 5772228, 5787208, 5804656, 5819552, 5810632, 5807304, 5798480,
 5769584, 5774828, 5789688, 5805876, 5819812, 5810380, 5807344, 5798712,
 5771600, 5777864, 5790808, 5807224, 5822044, 5811724, 5808256, 5799920,
 5773708, 5779228, 5791320, 5808620, 5823596, 5812688, 5808536, 5801580,
 5772840, 5780220, 5792544, 5810016, 5824092, 5813432, 5809588, 5803184,
 5776352, 5781052, 5793152, 5810288, 5825096, 5812576, 5808888, 5805144,
 5777356, 5781068, 5792256, 5809948, 5825392, 5811860, 5809124, 5804928,
 5778380, 5782028, 5793740, 5812568, 5827144, 5813240, 5810860, 5806012,
 5781496, 5782696, 5792888, 5811652, 5827052, 5811920, 5809496, 5805484,
 5783124, 5785920, 5794140, 5812252, 5827812, 5812376, 5811140, 5805584,
 5786348, 5790416, 5793904, 5811772, 5827984, 5812904, 5810924, 5805244,
 5787464, 5794508, 5796072, 5813260, 5829920, 5812408, 5813184, 5806608,
 5788220, 5796116, 5797312, 5815244, 5831176, 5813192, 5813584, 5806216,
 5787840, 5799076, 5797820, 5815216, 5831420, 5813440, 5815724, 5808596,
 5790068, 5801540, 5799400, 5817324, 5833172, 5814804, 5817924, 5810580,
 5790716, 5800656, 5799476, 5816348, 5831808, 5814308, 5817552, 5810984,
 5790128, 5801416, 5799028, 5816628, 5832196, 5814368, 5818188, 5811356,
 5804776, 5826344, 5815452, 5832692, 5846472, 5833712, 5838452, 5830808,
 5805396, 5830496, 5816064, 5835924, 5850068, 5837756, 5843908, 5832664,
 5807192, 5833720, 5818172, 5837068, 5852548, 5842840, 5847876, 5836012,
 5808960, 5833224, 5819892, 5837748, 5852068, 5842748, 5848000, 5838136,
 5816524, 5842136, 5829052, 5839856, 5853800, 5845724, 5850260, 5842472,
 5819804, 5849328, 5833760, 5842696, 5855128, 5844724, 5852988, 5843300,
 5823552, 5856768, 5837432, 5845052, 5857932, 5848180, 5854472, 5848508,
 5824376, 5860132, 5840036, 5844952, 5856864, 5847124, 5854488, 5848260,
 5826128, 5860784, 5842152, 5845376, 5858228, 5848736, 5856984, 5848880,
 5831936, 5868220, 5847808, 5851204, 5862948, 5854804, 5862000, 5857064,
 5835036, 5870684, 5849048, 5852424, 5864436, 5857904, 5863984, 5862024,
 5836748, 5867228, 5849172, 5852936, 5863956, 5856432, 5863380, 5862396,
 5839228, 5867848, 5850472, 5853928, 5865720, 5858476, 5865116, 5863356,
 5842512, 5872312, 5854388, 5856084, 5868600, 5863732, 5870136, 5868864,
 5845736, 5875160, 5855036, 5857756, 5869496, 5866940, 5871964, 5872072,
 5846016, 5877144, 5854804, 5857600, 5869868, 5868320, 5871360, 5872568,
 5852928, 5888800, 5856028, 5861692, 5875308, 5872444, 5877420, 5878628,
 5854540, 5891248, 5856252, 5861812, 5875628, 5872432, 5877860, 5878008,
 5854804, 5892752, 5856020, 5861420, 5876312, 5874412, 5877660, 5878008,
 5855052, 5894396, 5856656, 5862288, 5875616, 5874428, 5877412, 5877264,
 5857160, 5902596, 5857276, 5862628, 5876236, 5876660, 5878744, 5882440,
 5860488, 5902116, 5861492, 5865592, 5880208, 5880628, 5880600, 5888016,
 5861160, 5903976, 5862608, 5870196, 5882956, 5883852, 5884328, 5889512,
 5861052, 5903232, 5862856, 5868848, 5882648, 5882580, 5884264, 5887032,
 5861860, 5903196, 5863300, 5869104, 5882696, 5882952, 5884636, 5888304,
 5861504, 5904688, 5863292, 5869664, 5883452, 5882472, 5884880, 5889356,
 5863108, 5905928, 5864284, 5869184, 5883576, 5885076, 5886756, 5891648,
 5863852, 5908920, 5865168, 5871044, 5883512, 5889308, 5885300, 5893772,
 5863960, 5910764, 5865384, 5872036, 5884504, 5892004, 5888956, 5897616,
 5864656, 5914968, 5866980, 5873388, 5883484, 5892856, 5892300, 5900708,
 5865292, 5919464, 5868808, 5875604, 5884288, 5892140, 5891536, 5901312,
 5865988, 5921124, 5867412, 5874408, 5884192, 5892804, 5893100, 5900520,
 5868220, 5922624, 5868420, 5875316, 5886424, 5894076, 5891488, 5902504,
 5868724, 5922252, 5868700, 5875920, 5885960, 5893308, 5893116, 5902432,
 5867252, 5921988, 5868500, 5875968, 5885048, 5892968, 5893504, 5902676,
 5868492, 5923288, 5868624, 5876340, 5884596, 5893112, 5893256, 5902828,
 5868660, 5924932, 5871208, 5879068, 5889316, 5896884, 5898076, 5910528,
 5871388, 5925708, 5872092, 5881424, 5890712, 5900696, 5899576, 5915748,
 5872088, 5926360, 5873008, 5881208, 5888776, 5899760, 5898600, 5916384,
 5872456, 5926824, 5873628, 5884576, 5889668, 5901400, 5898724, 5917992,
 5873572, 5926048, 5873876, 5886420, 5890456, 5904252, 5900692, 5918864,
 5875928, 5927536, 5874000, 5886420, 5890828, 5904296, 5901432, 5920228,
 5875756, 5928728, 5875828, 5887860, 5892328, 5905300, 5905572, 5922876,
 5875668, 5929204, 5875032, 5888416, 5891944, 5908468, 5905972, 5923300,
 5876784, 5928584, 5876904, 5894508, 5892240, 5912080, 5907584, 5923440,
 5880008, 5929696, 5877540, 5894896, 5894332, 5909912, 5908560, 5923300,
 5884596, 5932192, 5878376, 5895448, 5899904, 5910528, 5909460, 5924040,
 5884968, 5931092, 5876568, 5894272, 5897468, 5910068, 5907504, 5923816,
 5885800, 5930292, 5876572, 5894676, 5898988, 5910008, 5909256, 5923944,
 5885848, 5929548, 5877240, 5894924, 5900628, 5915340, 5912236, 5925744,
 5886500, 5929820, 5878012, 5894688, 5902236, 5916652, 5913468, 5925316,
 5886744, 5935164, 5880864, 5901072, 5904592, 5920496, 5918024, 5926908,
 5887704, 5936824, 5879684, 5901304, 5906064, 5922248, 5927756, 5927264,
 5888572, 5936080, 5882224, 5900344, 5905460, 5929160, 5936204, 5926192,
 5890416, 5935648, 5882020, 5900000, 5906512, 5931660, 5936212, 5927236,
 5891440, 5935308, 5884780, 5898696, 5904808, 5932808, 5940724, 5926944,
 5893532, 5935556, 5887664, 5899208, 5906064, 5932716, 5940584, 5928820,
 5895656, 5935552, 5891912, 5899620, 5905708, 5933376, 5940332, 5934604,
 5898596, 5938928, 5890532, 5900968, 5905748, 5936072, 5938324, 5938540,
 5900936, 5940292, 5897072, 5901960, 5908724, 5938120, 5945416, 5939780,
 5901608, 5940652, 5899156, 5905536, 5910288, 5942116, 5951340, 5940308,
 5902192, 5938964, 5899192, 5903828, 5910972, 5941588, 5952532, 5939380,
 5902612, 5939724, 5898960, 5907316, 5914848, 5946796, 5956688, 5939768,
 5904720, 5941728, 5901440, 5909692, 5918592, 5954432, 5960716, 5943224,
 5905476, 5940084, 5899948, 5910096, 5920416, 5958556, 5964496, 5942744,
 5907860, 5945680, 5905092, 5913908, 5929776, 5961376, 5970400, 5946108,
 5911860, 5941860, 5906044, 5912976, 5929736, 5961888, 5975440, 5947044,
 5920828, 5943684, 5906548, 5915976, 5932964, 5963748, 5976952, 5948580,
 5920580, 5945728, 5906436, 5915620, 5931596, 5966740, 5978364, 5949524,
