 3855984,
 3856320,
 3857124,
 3858292,
 3858292,
 3858320,
 3858444,
 3858632,
 3858756,
 3860492,
 3860244,
 3860972,
 3860616,
 3860860,
 3860984,
 3860744,
 3859736,
 3859812,
 3860912,
 3865688,
 3866060,
 3866384,
 3866500,
 3866780,
 3866804,
 3867028,
 3867044,
 3867168,
 3867672,
 3868044,
 3868044,
 3868044,
 3867980,
 3867856,
 3868244,
 3868256,
 3870124,
 3870108,
 3870128,
 3870128,
 3870120,
 3870128,
 3870376,
 3871376,
 3871304,
 3871304,
 3871408,
 3871524,
 3873132,
 3870964,
 3873816,
 3875240,
 3875404,
 3875032,
 3875596,
 3875596,
 3875720,
 3875768,
 3874648,
 3875592,
 3878556,
 3878432,
 3879300,
 3880280,
 3880900,
 3880900,
 3880888,
 3881036,
 3881004,
 3881128,
 3881160,
 3881904,
 3880616,
 3882276,
 3883160,
 3883312,
 3883528,
 3883472,
 3883340,
 3883504,
 3883604,
 3884636,
 3885124,
 3885364,
 3886092,
 3886208,
 3886700,
 3886808,
 3886776,
 3886776,
 3886944,
 3887828,
 3887936,
 3887952,
 3888416,
 3887172,
 3887428,
 3887312,
 3887312,
 3887392,
