 12182736, 12186344, 12183172, 12181728, 12185152, 12176784, 12188844, 12183052, 12188904, 12183044, 12183840, 12185092, 12183496, 12183804, 12187960, 12183248,
 12185924, 12186764, 12184320, 12183472, 12186292, 12178076, 12189836, 12184820, 12190500, 12184256, 12185844, 12186752, 12187480, 12185464, 12188860, 12184768,
 12185008, 12188256, 12184904, 12184188, 12185820, 12178556, 12190832, 12185996, 12191632, 12185208, 12186208, 12187596, 12187916, 12186324, 12189100, 12185632,
 12185900, 12185108, 12185432, 12185280, 12186192, 12179336, 12191240, 12186308, 12191896, 12186620, 12186492, 12188644, 12189328, 12186484, 12189768, 12186584,
 12186092, 12185480, 12185388, 12185428, 12186116, 12179320, 12191604, 12186764, 12191988, 12186704, 12186724, 12188596, 12189152, 12186684, 12190172, 12186724,
 12186364, 12188724, 12185612, 12185660, 12187364, 12179796, 12191588, 12188804, 12192592, 12187452, 12186876, 12188844, 12189040, 12187204, 12190352, 12186708,
 12187388, 12188748, 12185860, 12186096, 12187820, 12179980, 12192116, 12189052, 12192616, 12188212, 12186728, 12188852, 12190248, 12187848, 12190800, 12186888,
 12187628, 12188904, 12186332, 12186520, 12187952, 12180028, 12192416, 12189464, 12192880, 12188704, 12188312, 12189928, 12190624, 12187840, 12190988, 12187268,
 12187208, 12186372, 12186532, 12186472, 12187876, 12180260, 12192564, 12189484, 12193252, 12188876, 12188356, 12189608, 12188956, 12188048, 12190948, 12186924,
 12188336, 12189936, 12186616, 12186412, 12188044, 12180808, 12192656, 12190756, 12193364, 12191520, 12188916, 12189948, 12190908, 12188112, 12190984, 12187112,
 12187700, 12188552, 12186788, 12186332, 12188384, 12180900, 12192644, 12190784, 12193472, 12191504, 12188656, 12190164, 12190164, 12188144, 12191416, 12187216,
 12187672, 12190140, 12186816, 12186272, 12189004, 12180864, 12192724, 12191508, 12193756, 12191464, 12188952, 12190148, 12190840, 12188064, 12191660, 12187340,
 12188556, 12190132, 12186800, 12186568, 12189156, 12180972, 12191484, 12191532, 12193660, 12191744, 12189044, 12190024, 12191000, 12188156, 12191596, 12187380,
 12188284, 12190436, 12186928, 12187040, 12189032, 12180808, 12192020, 12192316, 12193904, 12191852, 12189300, 12190212, 12186992, 12188212, 12191588, 12187488,
 12188720, 12188840, 12186912, 12187164, 12189060, 12180924, 12192988, 12192708, 12193856, 12192404, 12189432, 12190384, 12191344, 12188444, 12191532, 12187372,
 12188328, 12190548, 12186824, 12187276, 12189060, 12180796, 12193016, 12193160, 12193512, 12193468, 12189404, 12190744, 12191512, 12188372, 12186712, 12187496,
 12188344, 12187060, 12186948, 12187248, 12186116, 12180844, 12192512, 12194144, 12193528, 12193824, 12189744, 12190696, 12191464, 12188332, 12190588, 12187384,
 12188792, 12189984, 12187520, 12187180, 12188932, 12181004, 12192680, 12194208, 12193632, 12194692, 12189736, 12191124, 12191124, 12188296, 12191788, 12187456,
 12188892, 12190032, 12187512, 12187008, 12188960, 12181124, 12192772, 12194152, 12193600, 12194776, 12187588, 12190868, 12191252, 12188412, 12191928, 12187388,
 12188452, 12189976, 12187492, 12187144, 12188996, 12181164, 12192772, 12194952, 12193648, 12195868, 12189864, 12191100, 12191268, 12188428, 12191892, 12187624,
 12188404, 12189176, 12187580, 12186876, 12189116, 12181196, 12192788, 12195224, 12193772, 12195836, 12190396, 12190996, 12191644, 12188404, 12191796, 12187552,
 12189140, 12190032, 12187504, 12187180, 12189060, 12181160, 12192780, 12195336, 12193660, 12196028, 12190368, 12191016, 12191436, 12188388, 12191852, 12187556,
 12194632, 12202056, 12198556, 12189860, 12193288, 12182908, 12200792, 12197916, 12199328, 12204784, 12211964, 12189800, 12197348, 12195632, 12197964, 12194120,
 12195692, 12202216, 12198920, 12190700, 12193604, 12184024, 12201016, 12198228, 12199480, 12205456, 12214660, 12190316, 12197872, 12196392, 12198184, 12194360,
 12192792, 12202484, 12199260, 12191036, 12193792, 12183904, 12201464, 12198192, 12199516, 12205488, 12216660, 12190428, 12195628, 12196292, 12198116, 12194500,
 12195948, 12202684, 12199172, 12191180, 12193628, 12184672, 12201588, 12198132, 12199524, 12206148, 12216152, 12190944, 12198008, 12196564, 12197628, 12194404,
 12195940, 12203244, 12199192, 12191696, 12193676, 12184616, 12201680, 12198336, 12200460, 12206328, 12217832, 12191356, 12196132, 12196536, 12199032, 12194608,
 12197012, 12203576, 12197648, 12192820, 12194400, 12185680, 12201824, 12198760, 12200864, 12206388, 12222156, 12191308, 12199828, 12196840, 12199412, 12194928,
 12197504, 12203508, 12197912, 12192588, 12194416, 12185780, 12201824, 12199392, 12200984, 12206332, 12222184, 12191288, 12199708, 12196848, 12199388, 12194824,
 12197348, 12203680, 12198420, 12192596, 12194412, 12185772, 12201828, 12199372, 12200888, 12206280, 12222536, 12191436, 12200188, 12197004, 12199540, 12195112,
 12194456, 12203676, 12198264, 12192360, 12194700, 12185840, 12201728, 12199576, 12200824, 12206360, 12222820, 12191384, 12199816, 12196880, 12199400, 12195252,
 12197628, 12203808, 12198420, 12192376, 12194736, 12185604, 12201908, 12199480, 12200972, 12206452, 12221800, 12191440, 12200348, 12196912, 12199352, 12195072,
 12197512, 12203948, 12198340, 12192660, 12194760, 12185592, 12202100, 12199940, 12201004, 12206756, 12223436, 12191624, 12200120, 12196972, 12199360, 12195080,
 12197940, 12204204, 12198332, 12192392, 12194636, 12185600, 12202280, 12200160, 12200988, 12206896, 12224244, 12191268, 12200156, 12197144, 12199452, 12195244,
 12198052, 12204492, 12198352, 12192464, 12194652, 12185544, 12202228, 12200268, 12201152, 12207112, 12224476, 12191356, 12200924, 12196988, 12199528, 12195048,
 12197476, 12204288, 12198360, 12192468, 12194660, 12185996, 12202616, 12200252, 12201048, 12207112, 12224272, 12191216, 12198336, 12196956, 12199576, 12195092,
 12198524, 12204224, 12198424, 12192488, 12194740, 12185700, 12202492, 12200140, 12201180, 12207244, 12224436, 12191392, 12201424, 12197088, 12198196, 12195008,
 12198268, 12204356, 12198244, 12192484, 12194680, 12185728, 12202576, 12200140, 12201224, 12207204, 12224652, 12191360, 12201840, 12197136, 12199088, 12195104,
 12198068, 12204292, 12198368, 12192416, 12194784, 12185756, 12202628, 12200164, 12201204, 12207376, 12224664, 12191236, 12201808, 12197104, 12199204, 12195120,
 12198916, 12204184, 12198396, 12192636, 12194828, 12185772, 12202704, 12200212, 12201336, 12207304, 12224696, 12191408, 12202484, 12197120, 12199256, 12195260,
 12198784, 12204088, 12198372, 12192316, 12194940, 12185796, 12202728, 12200164, 12201684, 12207344, 12224820, 12191444, 12202476, 12197048, 12199160, 12195096,
 12198928, 12204196, 12198356, 12192500, 12194916, 12185756, 12202696, 12200212, 12201724, 12207592, 12225408, 12191460, 12202460, 12197024, 12199284, 12194968,
 12198996, 12204228, 12198372, 12192492, 12194884, 12185748, 12201736, 12200148, 12201816, 12207592, 12225500, 12191584, 12199460, 12197064, 12199120, 12195132,
 12200264, 12207800, 12197732, 12197996, 12194108, 12184640, 12204132, 12205716, 12209480, 12212952, 12232348, 12192492, 12201568, 12198672, 12199860, 12196688,
 12200240, 12206496, 12200176, 12198348, 12194112, 12185360, 12204272, 12206440, 12209504, 12212920, 12227512, 12192476, 12203412, 12198780, 12201136, 12197164,
 12200224, 12207600, 12200048, 12199180, 12190560, 12185540, 12204688, 12203800, 12209612, 12212804, 12232176, 12192724, 12203876, 12198860, 12201136, 12197252,
 12200260, 12207764, 12198344, 12199092, 12194260, 12185180, 12204676, 12204072, 12209540, 12213880, 12227156, 12192404, 12204188, 12198960, 12200048, 12197296,
 12200268, 12206668, 12200848, 12199272, 12194012, 12185136, 12204684, 12204076, 12209368, 12213908, 12229012, 12192732, 12204372, 12199132, 12201332, 12197724,
 12200152, 12206700, 12200800, 12199228, 12190468, 12185080, 12204604, 12204224, 12209500, 12213944, 12228748, 12192668, 12204536, 12199036, 12200028, 12197724,
 12200264, 12207676, 12201032, 12199260, 12194144, 12185272, 12204664, 12204580, 12209516, 12211732, 12222976, 12192892, 12205060, 12199148, 12201192, 12197572,
 12200356, 12208348, 12201028, 12199356, 12193796, 12185264, 12204700, 12204640, 12209480, 12212804, 12226876, 12192928, 12204840, 12199132, 12197848, 12198096,
 12200396, 12208720, 12201004, 12199136, 12194232, 12185552, 12204716, 12204536, 12209844, 12212716, 12232432, 12192840, 12206796, 12199448, 12201272, 12198212,
 12200664, 12208656, 12201004, 12199164, 12194272, 12185452, 12204700, 12205116, 12210004, 12212740, 12231932, 12192932, 12206768, 12199440, 12201272, 12198296,
 12201196, 12208852, 12201016, 12199376, 12194156, 12185572, 12204700, 12205140, 12210068, 12213252, 12234144, 12193040, 12207020, 12199768, 12200748, 12198472,
 12200352, 12208728, 12200984, 12199204, 12190848, 12185596, 12204716, 12205060, 12209972, 12213204, 12235384, 12192972, 12207320, 12199632, 12200772, 12198408,
 12201192, 12208456, 12200984, 12199304, 12194272, 12185436, 12204700, 12205084, 12210260, 12213260, 12232968, 12193020, 12207448, 12199756, 12201140, 12198556,
 12201240, 12208828, 12201136, 12199632, 12194204, 12185296, 12204756, 12205300, 12210152, 12213468, 12232148, 12193040, 12207344, 12199772, 12201512, 12198440,
 12200460, 12207584, 12204076, 12200768, 12201160, 12185932, 12205264, 12210564, 12207680, 12213952, 12235640, 12194088, 12206856, 12200016, 12202668, 12198176,
 12200664, 12208024, 12204712, 12200440, 12201884, 12186004, 12205432, 12210188, 12208144, 12214164, 12231268, 12194432, 12207104, 12199996, 12202628, 12198064,
 12200344, 12207932, 12204856, 12200628, 12201840, 12186124, 12202352, 12210140, 12208304, 12214580, 12234392, 12195280, 12207600, 12199940, 12202704, 12198908,
 12200560, 12208036, 12204792, 12200768, 12201776, 12186348, 12202880, 12210100, 12208752, 12214876, 12228888, 12195776, 12207600, 12200112, 12202904, 12198832,
 12202072, 12208488, 12204456, 12200556, 12201816, 12186352, 12203636, 12210320, 12208964, 12214844, 12240964, 12195700, 12207708, 12200216, 12203296, 12198692,
 12200924, 12208476, 12205028, 12200808, 12201948, 12184892, 12205552, 12210232, 12208892, 12215084, 12234012, 12195832, 12207784, 12200316, 12203240, 12198896,
 12201216, 12208432, 12204444, 12200916, 12201856, 12186708, 12203224, 12210396, 12208852, 12214752, 12240544, 12195684, 12207736, 12200392, 12203184, 12198996,
 12202188, 12208408, 12205072, 12200732, 12202264, 12185688, 12205432, 12210376, 12209132, 12215232, 12241016, 12195604, 12207732, 12200384, 12203232, 12198924,
 12200848, 12208440, 12204600, 12201748, 12202348, 12185992, 12202868, 12210432, 12209120, 12214932, 12241696, 12195648, 12207996, 12200448, 12203228, 12198936,
 12201572, 12208416, 12205164, 12201772, 12202332, 12186048, 12205836, 12210392, 12209080, 12214960, 12240960, 12195756, 12207988, 12200392, 12203304, 12199128,
 12202292, 12208380, 12205176, 12201524, 12202276, 12186604, 12205724, 12210416, 12209756, 12215016, 12242400, 12195612, 12208104, 12200380, 12203276, 12199152,
 12201108, 12208516, 12205160, 12201652, 12202300, 12187752, 12202272, 12210336, 12209732, 12215000, 12241796, 12195708, 12208672, 12200388, 12203300, 12199280,
 12202504, 12208624, 12204648, 12201976, 12202332, 12187816, 12205992, 12210296, 12209660, 12215100, 12242216, 12195760, 12209064, 12200328, 12203308, 12199244,
 12202116, 12209584, 12202792, 12204048, 12204292, 12188832, 12208452, 12210532, 12207192, 12208148, 12242752, 12195528, 12207420, 12201832, 12208476, 12201096,
 12202044, 12210512, 12203700, 12204188, 12203812, 12188956, 12207884, 12210836, 12207288, 12208900, 12243292, 12195964, 12207816, 12202604, 12209748, 12202364,
 12202012, 12211444, 12203760, 12204028, 12204044, 12189220, 12208224, 12210804, 12207268, 12209124, 12243300, 12196420, 12207696, 12202964, 12209564, 12203456,
 12202000, 12210884, 12203992, 12204076, 12203844, 12188972, 12208684, 12211128, 12207688, 12209116, 12243176, 12197208, 12208776, 12202696, 12209524, 12203304,
 12202296, 12211856, 12203852, 12204312, 12203980, 12189148, 12208208, 12211072, 12207912, 12209092, 12243220, 12197604, 12208628, 12202968, 12209408, 12203408,
 12199964, 12210268, 12207976, 12203124, 12201844, 12188412, 12208788, 12212652, 12209064, 12213140, 12240648, 12200732, 12206008, 12203448, 12203720, 12204980,
 12201128, 12212736, 12209336, 12205520, 12204280, 12191320, 12209280, 12213436, 12210284, 12216776, 12237236, 12202360, 12207552, 12204796, 12204212, 12205404,
 12200980, 12213020, 12209444, 12205740, 12204752, 12191908, 12209336, 12213568, 12210052, 12218164, 12244464, 12202348, 12207656, 12204676, 12204260, 12205488,
 12200932, 12213052, 12209504, 12205964, 12204608, 12191888, 12209224, 12214196, 12210136, 12218388, 12244456, 12202660, 12207624, 12204736, 12204016, 12205784,
 12203508, 12213340, 12209796, 12205920, 12204848, 12191204, 12207620, 12214536, 12207232, 12215888, 12244896, 12202836, 12207928, 12205264, 12204828, 12206244,
 12203364, 12213340, 12209828, 12205936, 12204800, 12191952, 12209288, 12214376, 12207224, 12216028, 12246804, 12203412, 12208036, 12205188, 12204748, 12206244,
 12208656, 12213264, 12206840, 12206704, 12208348, 12194512, 12210916, 12211072, 12209484, 12214540, 12247308, 12202448, 12208420, 12207828, 12206396, 12206016,
 12206764, 12211636, 12208736, 12203264, 12202548, 12194656, 12210884, 12211756, 12209032, 12215076, 12247600, 12203288, 12208404, 12208588, 12203684, 12215372,
 12208152, 12213216, 12209536, 12203408, 12203436, 12195016, 12211792, 12211892, 12209152, 12215548, 12248320, 12203608, 12208804, 12209188, 12204428, 12210968,
 12208120, 12213400, 12209108, 12207036, 12203396, 12194572, 12211720, 12211860, 12208852, 12215068, 12248268, 12203628, 12208572, 12208904, 12205388, 12210620,
 12207964, 12214104, 12210872, 12206976, 12204088, 12194608, 12212840, 12211972, 12209456, 12215420, 12248252, 12203440, 12208484, 12208760, 12205528, 12210572,
 12208052, 12214496, 12210888, 12206792, 12204020, 12195024, 12212740, 12212236, 12209456, 12215388, 12248240, 12203400, 12208556, 12209376, 12205516, 12210528,
 12208052, 12214356, 12210600, 12207200, 12204084, 12195068, 12212864, 12212156, 12209424, 12215496, 12248128, 12203272, 12208556, 12209388, 12205444, 12210736,
 12208328, 12214344, 12216220, 12208048, 12205960, 12194620, 12214436, 12209340, 12209840, 12215716, 12248276, 12206956, 12208760, 12208196, 12207560, 12213952,
 12208676, 12214608, 12216708, 12209692, 12206364, 12194756, 12214916, 12209760, 12209848, 12216748, 12248244, 12207196, 12208844, 12208536, 12207980, 12213896,
 12209444, 12214624, 12216708, 12209288, 12211128, 12193828, 12214284, 12212624, 12207876, 12216300, 12248168, 12208724, 12208052, 12209832, 12207040, 12215452,
 12209216, 12214480, 12216520, 12209096, 12211388, 12193448, 12211560, 12212572, 12208632, 12216420, 12248188, 12208700, 12209060, 12209644, 12203732, 12215060,
 12209196, 12214428, 12216636, 12209444, 12211300, 12193652, 12214916, 12212484, 12207268, 12216784, 12248240, 12208812, 12208848, 12209988, 12206984, 12215100,
 12209220, 12214276, 12216552, 12209684, 12211220, 12193308, 12211444, 12212388, 12209112, 12216912, 12248384, 12208656, 12208800, 12209952, 12207000, 12215024,
 12209124, 12214244, 12216504, 12209616, 12211228, 12193276, 12215664, 12212544, 12209116, 12215168, 12249968, 12208668, 12208868, 12209796, 12206900, 12215056,
 12209308, 12214256, 12216496, 12209852, 12211244, 12193288, 12215620, 12212444, 12209044, 12215668, 12250152, 12208728, 12208956, 12209960, 12207280, 12215088,
 12208576, 12213292, 12213772, 12211012, 12211076, 12194860, 12216100, 12209940, 12211276, 12221136, 12251112, 12211280, 12208980, 12209052, 12207308, 12209844,
 12208684, 12213368, 12213672, 12210948, 12210968, 12194728, 12216064, 12210444, 12211420, 12221072, 12252060, 12211172, 12209224, 12209284, 12206540, 12209852,
 12209244, 12211140, 12212136, 12215708, 12211556, 12194304, 12216312, 12212392, 12210532, 12218236, 12253488, 12211948, 12210844, 12208272, 12213160, 12213196,
 12209724, 12208576, 12212636, 12216552, 12211564, 12194944, 12216228, 12212328, 12210856, 12218104, 12253384, 12212004, 12212236, 12209236, 12210504, 12213256,
