 8864516, 8872144, 8874292, 8864748,
 8907520, 8915092, 8920716, 8910480,
 8939060, 8935956, 8940816, 8939960,
 8957280, 8963116, 8964912, 8967636,
 8963140, 8974652, 8972948, 8975000,
 8975540, 8988844, 8986540, 8986172,
 8977928, 8991592, 8989200, 8989460,
 8980316, 8992988, 8989976, 8992820,
 8983120, 8995332, 8993340, 8997768,
 8984856, 8998972, 8994008, 9000616,
 8985380, 9002024, 8996024, 9002360,
 8987624, 9004884, 8998388, 9004324,
 8988472, 9004512, 8997864, 9003832,
 8988876, 9005456, 8998468, 9005212,
 8989204, 9005488, 8999320, 9005532,
 9001476, 9017640, 9010156, 9021340,
 9006736, 9018064, 9013240, 9027124,
 9010372, 9019080, 9019772, 9031884,
 9013584, 9019112, 9020588, 9035140,
 9018428, 9020456, 9020448, 9036088,
 9020228, 9021464, 9022688, 9037848,
 9019668, 9023064, 9023260, 9036900,
 9021776, 9023324, 9023704, 9039660,
 9024944, 9023040, 9025980, 9039644,
 9027740, 9023736, 9026984, 9040368,
 9029844, 9023856, 9026912, 9040796,
 9030428, 9024836, 9027652, 9042448,
 9032368, 9025364, 9028584, 9046496,
 9033892, 9027284, 9030020, 9047768,
 9037244, 9026588, 9029532, 9048680,
 9037868, 9026464, 9029576, 9048476,
 9040904, 9026904, 9030296, 9048760,
 9041132, 9031308, 9030468, 9057660,
 9042976, 9035032, 9031832, 9058120,
 9055612, 9048512, 9043808, 9078488,
 9056504, 9052124, 9044368, 9078592,
 9059396, 9058348, 9045776, 9080616,
 9062232, 9064652, 9048520, 9084656,
 9070568, 9074488, 9056880, 9090776,
 9071168, 9075492, 9059132, 9089368,
 9070668, 9075956, 9060972, 9088072,
 9074612, 9080276, 9066548, 9097484,
 9073988, 9082028, 9070636, 9096144,
 9075160, 9080924, 9072016, 9096800,
 9074632, 9081420, 9073512, 9096408,
 9083080, 9090548, 9089272, 9110772,
 9085808, 9093680, 9090292, 9114000,
 9086376, 9094316, 9093000, 9114368,
 9089076, 9101904, 9101336, 9124308,
 9089288, 9102832, 9103424, 9125556,
 9091148, 9101784, 9103240, 9123592,
 9091876, 9101444, 9103872, 9125368,
 9092168, 9101188, 9105228, 9132972,
 9105836, 9112616, 9115888, 9140932,
 9106948, 9118836, 9120008, 9138932,
 9107512, 9120432, 9125508, 9141004,
 9110348, 9121500, 9125620, 9141596,
 9110216, 9121868, 9126912, 9141360,
 9112652, 9121236, 9126520, 9139484,
 9132764, 9125896, 9134076, 9153036,
 9143184, 9127872, 9146168, 9171544,
 9146052, 9129712, 9155004, 9183704,
 9147184, 9130440, 9158140, 9187316,
 9146844, 9130376, 9157928, 9189784,
 9148128, 9130996, 9157756, 9191596,
 9151632, 9131164, 9160716, 9199120,
 9154332, 9131424, 9161052, 9201500,
 9155388, 9131844, 9160824, 9206248,
 9159692, 9135776, 9167128, 9219540,
 9161600, 9140092, 9175760, 9228948,
 9162928, 9141808, 9175948, 9234356,
 9161768, 9141808, 9178032, 9233232,
 9163064, 9141924, 9184148, 9235548,
 9163140, 9142152, 9190284, 9237144,
 9169120, 9141436, 9198120, 9236092,
 9169120, 9144676, 9199716, 9239664,
 9174516, 9152936, 9215316, 9239176,
 9174056, 9152340, 9221728, 9237032,
 9176932, 9153132, 9223820, 9240120,
 9177940, 9152776, 9226004, 9237140,
 9179084, 9155764, 9227568, 9237364,
 9178900, 9171060, 9234508, 9239808,
 9177560, 9175220, 9239588, 9238704,
 9184252, 9176104, 9240664, 9241028,
 9188708, 9178700, 9244572, 9240436,
 9184924, 9184392, 9252316, 9241172,
 9185660, 9190148, 9253096, 9242212,
 9187132, 9196944, 9258376, 9243516,
 9188732, 9201132, 9259616, 9241892,
 9192044, 9201192, 9258116, 9243156,
 9191480, 9203028, 9259776, 9245556,
 9195040, 9203060, 9263576, 9248840,
 9195472, 9203168, 9267896, 9250260,
 9195944, 9203512, 9269004, 9250440,
 9201932, 9212680, 9271496, 9245524,
 9202144, 9214816, 9272344, 9246948,
 9202800, 9215188, 9273560, 9248568,
 9205972, 9219624, 9272860, 9250328,
 9206956, 9219284, 9273368, 9252680,
 9210204, 9218924, 9276252, 9254140,
 9212740, 9220996, 9275620, 9256816,
