 13922528, 13936836, 13944252, 13946764, 13941524, 13944964, 13945712, 13954340,
 13924624, 13938540, 13946908, 13947872, 13943604, 13947452, 13948772, 13956340,
 13924896, 13940400, 13947844, 13948360, 13944624, 13948212, 13950140, 13956528,
 13925300, 13941160, 13946564, 13948248, 13944760, 13948708, 13950296, 13957328,
 13925592, 13942552, 13947048, 13948760, 13944968, 13949124, 13950728, 13957684,
 13925400, 13943272, 13947912, 13949572, 13946380, 13949072, 13951584, 13957804,
 13925608, 13943536, 13948132, 13949268, 13946856, 13949572, 13951952, 13959524,
 13925692, 13943488, 13947628, 13949664, 13947172, 13949772, 13952176, 13957996,
 13925712, 13943580, 13947812, 13950056, 13947276, 13949752, 13952208, 13959956,
 13925752, 13944152, 13948316, 13949584, 13947464, 13950556, 13952216, 13958072,
 13926088, 13944200, 13947888, 13950160, 13947308, 13950528, 13952480, 13958460,
 13926024, 13944440, 13947692, 13950556, 13947320, 13950400, 13952552, 13957908,
 13926188, 13944548, 13947944, 13950652, 13947292, 13950316, 13952712, 13959892,
 13926192, 13945208, 13948140, 13950768, 13947400, 13950404, 13952752, 13960700,
 13926368, 13945312, 13947656, 13950872, 13947316, 13950632, 13952800, 13961384,
 13926548, 13945344, 13947956, 13950660, 13947484, 13950480, 13952828, 13961616,
 13926580, 13945104, 13947364, 13950724, 13947516, 13950572, 13953076, 13961116,
 13926512, 13945852, 13947892, 13950744, 13947456, 13950844, 13953156, 13961932,
 13926492, 13946156, 13947984, 13950804, 13947444, 13950752, 13953352, 13960532,
 13926664, 13946060, 13947608, 13950956, 13947560, 13950744, 13953684, 13957544,
 13926752, 13946032, 13948096, 13950900, 13947792, 13951020, 13953724, 13958736,
 13926788, 13946328, 13948444, 13951108, 13947856, 13950988, 13953732, 13960668,
 13927052, 13946300, 13948616, 13949632, 13947836, 13950972, 13953828, 13962204,
 13927148, 13946236, 13948508, 13951100, 13947784, 13950912, 13953948, 13960532,
 13927192, 13947052, 13948668, 13951432, 13947752, 13950860, 13953800, 13958920,
 13927172, 13947076, 13948708, 13951704, 13948124, 13951244, 13953816, 13959416,
 13927952, 13947132, 13949552, 13951308, 13948168, 13951468, 13953796, 13961092,
 13928068, 13947148, 13949760, 13951732, 13948212, 13951504, 13953792, 13960732,
 13927940, 13948476, 13949536, 13951676, 13948116, 13951196, 13953588, 13957312,
 13927960, 13947972, 13949780, 13951304, 13948228, 13951200, 13953864, 13959692,
 13928012, 13948024, 13950308, 13951172, 13948184, 13951320, 13953932, 13959056,
 13927976, 13948464, 13951504, 13950340, 13948568, 13951400, 13954088, 13959516,
 13927940, 13948400, 13951192, 13950396, 13948380, 13951432, 13954100, 13958660,
 13927900, 13948616, 13951672, 13951880, 13948456, 13951324, 13954312, 13958784,
 13928024, 13948656, 13951984, 13952204, 13950484, 13951324, 13954244, 13958188,
 13928192, 13948824, 13951424, 13952208, 13950596, 13951344, 13954280, 13956732,
 13928480, 13948824, 13951664, 13952076, 13950628, 13951364, 13954156, 13956500,
 13928520, 13948824, 13952032, 13952340, 13950592, 13951308, 13954132, 13956648,
 13928632, 13948992, 13952072, 13952148, 13950536, 13951308, 13954072, 13957440,
 13928644, 13949384, 13952000, 13952248, 13950540, 13951300, 13954048, 13956856,
 13928668, 13949560, 13952632, 13952536, 13950476, 13951300, 13954136, 13960500,
 13928884, 13949928, 13952500, 13952532, 13950244, 13951368, 13954144, 13959360,
 13928736, 13949636, 13952704, 13952120, 13950584, 13951296, 13954416, 13957632,
 13928904, 13950172, 13952828, 13952160, 13950524, 13951404, 13954332, 13961980,
 13928896, 13951428, 13953380, 13952420, 13950488, 13951676, 13954404, 13959268,
 13928816, 13951604, 13953696, 13952236, 13950340, 13951500, 13954280, 13959740,
 13928968, 13951452, 13954224, 13952544, 13950328, 13951596, 13954384, 13961252,
 13928964, 13951664, 13954640, 13952084, 13950332, 13951572, 13954044, 13960840,
 13928948, 13952044, 13954108, 13952460, 13950376, 13951552, 13954100, 13963728,
 13929044, 13952160, 13954344, 13952660, 13950364, 13951508, 13954376, 13963216,
 13929288, 13952300, 13954156, 13952688, 13950184, 13951416, 13954176, 13965068,
 13929272, 13952500, 13953028, 13952568, 13950308, 13951600, 13954260, 13963124,
 13929252, 13952812, 13953752, 13952500, 13950512, 13951572, 13954384, 13963632,
 13932288, 13982352, 13959948, 13955048, 13956804, 13952932, 13956964, 13960728,
 13933736, 13977568, 13961824, 13957848, 13957284, 13953576, 13958016, 13962876,
 13934088, 13975380, 13962464, 13957736, 13957240, 13953588, 13958036, 13962464,
 13934068, 13975660, 13961732, 13957656, 13957440, 13954020, 13958928, 13962716,
 13934124, 13963484, 13962024, 13957484, 13955580, 13956184, 13959156, 13962676,
 13934252, 13975812, 13962272, 13957664, 13955820, 13954660, 13959348, 13962680,
 13934324, 13971852, 13962568, 13957744, 13955836, 13954336, 13959240, 13962548,
 13934472, 13970012, 13963232, 13957820, 13957468, 13954948, 13959304, 13962780,
 13934516, 13981412, 13964304, 13958208, 13957480, 13955400, 13959224, 13962600,
 13934648, 13971116, 13962516, 13958216, 13957580, 13955092, 13959040, 13962712,
 13934536, 13982352, 13963212, 13958196, 13957480, 13955480, 13959236, 13965100,
 13934596, 13969664, 13963884, 13958428, 13957668, 13955380, 13959456, 13962952,
 13934528, 13982536, 13963640, 13958112, 13957488, 13955348, 13959284, 13963220,
 13934504, 13980836, 13961756, 13958208, 13957432, 13955036, 13959192, 13964116,
 13934556, 13989036, 13963096, 13958440, 13957492, 13955524, 13959256, 13963728,
 13935300, 13988648, 13963228, 13958696, 13957960, 13955916, 13959712, 13963680,
 13936004, 13992796, 13963408, 13958864, 13958108, 13955632, 13958060, 13963884,
 13936288, 13995628, 13963860, 13958692, 13958208, 13955236, 13959892, 13966440,
 13936816, 13995108, 13965224, 13958660, 13958268, 13955620, 13959940, 13964184,
 13937000, 13997592, 13963456, 13958508, 13958204, 13955108, 13959860, 13964032,
 13937528, 13996812, 13964376, 13957460, 13958436, 13954812, 13955644, 13963440,
 13936372, 13997036, 13964616, 13957608, 13958316, 13951460, 13955456, 13961328,
 13936180, 13997540, 13964932, 13957980, 13959828, 13956796, 13955488, 13961488,
 13938900, 13998080, 13965492, 13956600, 13956704, 13953956, 13957876, 13965092,
 13940312, 13999948, 13965692, 13957444, 13958636, 13957204, 13957544, 13968184,
 13940624, 14000720, 13965964, 13957648, 13958752, 13957084, 13957556, 13968548,
 13940528, 13999992, 13965944, 13957748, 13958640, 13957272, 13957580, 13968804,
 13940788, 14001128, 13965972, 13958076, 13958648, 13957156, 13957304, 13969368,
 13940736, 14002104, 13965912, 13957788, 13958772, 13957132, 13957244, 13969524,
 13940788, 14004200, 13966060, 13957932, 13957824, 13956996, 13957736, 13968876,
 13940720, 14005004, 13966076, 13958052, 13959592, 13957056, 13957724, 13970332,
 13940892, 14005384, 13966060, 13958240, 13957948, 13957116, 13957660, 13970340,
 13940884, 14007384, 13965908, 13958088, 13957852, 13956836, 13957852, 13969124,
 13941036, 14008300, 13965888, 13958256, 13959048, 13956712, 13957816, 13968488,
 13941320, 14006128, 13966028, 13958404, 13959028, 13957036, 13958056, 13968440,
 13941356, 14008488, 13966076, 13958804, 13960108, 13957192, 13958352, 13966904,
 13942312, 14008148, 13966012, 13957416, 13958240, 13957116, 13959012, 13968216,
 13945528, 14007052, 13964996, 13960476, 13954392, 13957956, 13960272, 13966872,
 13946404, 14007224, 13967936, 13960780, 13954104, 13957756, 13960080, 13967232,
 13947888, 14007568, 13967748, 13961552, 13958384, 13957836, 13958512, 13967232,
 13949792, 14007488, 13966580, 13961248, 13954152, 13957788, 13960168, 13968112,
 13947232, 14008568, 13962460, 13962536, 13954384, 13958576, 13959268, 13969712,
 13949940, 14009352, 13962056, 13962852, 13954388, 13958664, 13958360, 13971504,
 13951296, 14010092, 13962512, 13962736, 13954348, 13958700, 13959348, 13971848,
 13952008, 14009264, 13963044, 13962936, 13954864, 13958932, 13960636, 13973136,
 13950960, 14009964, 13964192, 13962980, 13954516, 13959064, 13958456, 13973356,
 13951108, 14009812, 13962760, 13962880, 13954552, 13959080, 13958980, 13973604,
